11:41:31 **** Incremental Build of configuration Debug for project USART_TEST ****
make -j2 all 
arm-none-eabi-gcc "../Drivers/STM32F0xx_HAL_Driver/Src/stm32f0xx_ll_dma.c" -mcpu=cortex-m0 -std=gnu11 -g3 '-DHSE_VALUE=8000000' -DSTM32F030x8 '-DHSE_STARTUP_TIMEOUT=100' -DDEBUG '-DLSE_STARTUP_TIMEOUT=5000' '-DLSE_VALUE=32768' '-DDATA_CACHE_ENABLE=0' '-DINSTRUCTION_CACHE_ENABLE=0' '-DVDD_VALUE=3300' '-DLSI_VALUE=40000' '-DHSI_VALUE=8000000' -DUSE_FULL_LL_DRIVER '-DPREFETCH_ENABLE=1' -c -I../Drivers/STM32F0xx_HAL_Driver/Inc -I../Drivers/CMSIS/Include -I../Core/Inc -I../Drivers/CMSIS/Device/ST/STM32F0xx/Include -O0 -ffunction-sections -fdata-sections -Wall -fstack-usage -MMD -MP -MF"Drivers/STM32F0xx_HAL_Driver/Src/stm32f0xx_ll_dma.d" -MT"Drivers/STM32F0xx_HAL_Driver/Src/stm32f0xx_ll_dma.o" --specs=nano.specs -mfloat-abi=soft -mthumb -o "Drivers/STM32F0xx_HAL_Driver/Src/stm32f0xx_ll_dma.o"
arm-none-eabi-gcc "../Drivers/STM32F0xx_HAL_Driver/Src/stm32f0xx_ll_exti.c" -mcpu=cortex-m0 -std=gnu11 -g3 '-DHSE_VALUE=8000000' -DSTM32F030x8 '-DHSE_STARTUP_TIMEOUT=100' -DDEBUG '-DLSE_STARTUP_TIMEOUT=5000' '-DLSE_VALUE=32768' '-DDATA_CACHE_ENABLE=0' '-DINSTRUCTION_CACHE_ENABLE=0' '-DVDD_VALUE=3300' '-DLSI_VALUE=40000' '-DHSI_VALUE=8000000' -DUSE_FULL_LL_DRIVER '-DPREFETCH_ENABLE=1' -c -I../Drivers/STM32F0xx_HAL_Driver/Inc -I../Drivers/CMSIS/Include -I../Core/Inc -I../Drivers/CMSIS/Device/ST/STM32F0xx/Include -O0 -ffunction-sections -fdata-sections -Wall -fstack-usage -MMD -MP -MF"Drivers/STM32F0xx_HAL_Driver/Src/stm32f0xx_ll_exti.d" -MT"Drivers/STM32F0xx_HAL_Driver/Src/stm32f0xx_ll_exti.o" --specs=nano.specs -mfloat-abi=soft -mthumb -o "Drivers/STM32F0xx_HAL_Driver/Src/stm32f0xx_ll_exti.o"
arm-none-eabi-gcc "../Drivers/STM32F0xx_HAL_Driver/Src/stm32f0xx_ll_gpio.c" -mcpu=cortex-m0 -std=gnu11 -g3 '-DHSE_VALUE=8000000' -DSTM32F030x8 '-DHSE_STARTUP_TIMEOUT=100' -DDEBUG '-DLSE_STARTUP_TIMEOUT=5000' '-DLSE_VALUE=32768' '-DDATA_CACHE_ENABLE=0' '-DINSTRUCTION_CACHE_ENABLE=0' '-DVDD_VALUE=3300' '-DLSI_VALUE=40000' '-DHSI_VALUE=8000000' -DUSE_FULL_LL_DRIVER '-DPREFETCH_ENABLE=1' -c -I../Drivers/STM32F0xx_HAL_Driver/Inc -I../Drivers/CMSIS/Include -I../Core/Inc -I../Drivers/CMSIS/Device/ST/STM32F0xx/Include -O0 -ffunction-sections -fdata-sections -Wall -fstack-usage -MMD -MP -MF"Drivers/STM32F0xx_HAL_Driver/Src/stm32f0xx_ll_gpio.d" -MT"Drivers/STM32F0xx_HAL_Driver/Src/stm32f0xx_ll_gpio.o" --specs=nano.specs -mfloat-abi=soft -mthumb -o "Drivers/STM32F0xx_HAL_Driver/Src/stm32f0xx_ll_gpio.o"
arm-none-eabi-gcc "../Drivers/STM32F0xx_HAL_Driver/Src/stm32f0xx_ll_pwr.c" -mcpu=cortex-m0 -std=gnu11 -g3 '-DHSE_VALUE=8000000' -DSTM32F030x8 '-DHSE_STARTUP_TIMEOUT=100' -DDEBUG '-DLSE_STARTUP_TIMEOUT=5000' '-DLSE_VALUE=32768' '-DDATA_CACHE_ENABLE=0' '-DINSTRUCTION_CACHE_ENABLE=0' '-DVDD_VALUE=3300' '-DLSI_VALUE=40000' '-DHSI_VALUE=8000000' -DUSE_FULL_LL_DRIVER '-DPREFETCH_ENABLE=1' -c -I../Drivers/STM32F0xx_HAL_Driver/Inc -I../Drivers/CMSIS/Include -I../Core/Inc -I../Drivers/CMSIS/Device/ST/STM32F0xx/Include -O0 -ffunction-sections -fdata-sections -Wall -fstack-usage -MMD -MP -MF"Drivers/STM32F0xx_HAL_Driver/Src/stm32f0xx_ll_pwr.d" -MT"Drivers/STM32F0xx_HAL_Driver/Src/stm32f0xx_ll_pwr.o" --specs=nano.specs -mfloat-abi=soft -mthumb -o "Drivers/STM32F0xx_HAL_Driver/Src/stm32f0xx_ll_pwr.o"
arm-none-eabi-gcc "../Drivers/STM32F0xx_HAL_Driver/Src/stm32f0xx_ll_rcc.c" -mcpu=cortex-m0 -std=gnu11 -g3 '-DHSE_VALUE=8000000' -DSTM32F030x8 '-DHSE_STARTUP_TIMEOUT=100' -DDEBUG '-DLSE_STARTUP_TIMEOUT=5000' '-DLSE_VALUE=32768' '-DDATA_CACHE_ENABLE=0' '-DINSTRUCTION_CACHE_ENABLE=0' '-DVDD_VALUE=3300' '-DLSI_VALUE=40000' '-DHSI_VALUE=8000000' -DUSE_FULL_LL_DRIVER '-DPREFETCH_ENABLE=1' -c -I../Drivers/STM32F0xx_HAL_Driver/Inc -I../Drivers/CMSIS/Include -I../Core/Inc -I../Drivers/CMSIS/Device/ST/STM32F0xx/Include -O0 -ffunction-sections -fdata-sections -Wall -fstack-usage -MMD -MP -MF"Drivers/STM32F0xx_HAL_Driver/Src/stm32f0xx_ll_rcc.d" -MT"Drivers/STM32F0xx_HAL_Driver/Src/stm32f0xx_ll_rcc.o" --specs=nano.specs -mfloat-abi=soft -mthumb -o "Drivers/STM32F0xx_HAL_Driver/Src/stm32f0xx_ll_rcc.o"
arm-none-eabi-gcc "../Drivers/STM32F0xx_HAL_Driver/Src/stm32f0xx_ll_usart.c" -mcpu=cortex-m0 -std=gnu11 -g3 '-DHSE_VALUE=8000000' -DSTM32F030x8 '-DHSE_STARTUP_TIMEOUT=100' -DDEBUG '-DLSE_STARTUP_TIMEOUT=5000' '-DLSE_VALUE=32768' '-DDATA_CACHE_ENABLE=0' '-DINSTRUCTION_CACHE_ENABLE=0' '-DVDD_VALUE=3300' '-DLSI_VALUE=40000' '-DHSI_VALUE=8000000' -DUSE_FULL_LL_DRIVER '-DPREFETCH_ENABLE=1' -c -I../Drivers/STM32F0xx_HAL_Driver/Inc -I../Drivers/CMSIS/Include -I../Core/Inc -I../Drivers/CMSIS/Device/ST/STM32F0xx/Include -O0 -ffunction-sections -fdata-sections -Wall -fstack-usage -MMD -MP -MF"Drivers/STM32F0xx_HAL_Driver/Src/stm32f0xx_ll_usart.d" -MT"Drivers/STM32F0xx_HAL_Driver/Src/stm32f0xx_ll_usart.o" --specs=nano.specs -mfloat-abi=soft -mthumb -o "Drivers/STM32F0xx_HAL_Driver/Src/stm32f0xx_ll_usart.o"
arm-none-eabi-gcc "../Drivers/STM32F0xx_HAL_Driver/Src/stm32f0xx_ll_utils.c" -mcpu=cortex-m0 -std=gnu11 -g3 '-DHSE_VALUE=8000000' -DSTM32F030x8 '-DHSE_STARTUP_TIMEOUT=100' -DDEBUG '-DLSE_STARTUP_TIMEOUT=5000' '-DLSE_VALUE=32768' '-DDATA_CACHE_ENABLE=0' '-DINSTRUCTION_CACHE_ENABLE=0' '-DVDD_VALUE=3300' '-DLSI_VALUE=40000' '-DHSI_VALUE=8000000' -DUSE_FULL_LL_DRIVER '-DPREFETCH_ENABLE=1' -c -I../Drivers/STM32F0xx_HAL_Driver/Inc -I../Drivers/CMSIS/Include -I../Core/Inc -I../Drivers/CMSIS/Device/ST/STM32F0xx/Include -O0 -ffunction-sections -fdata-sections -Wall -fstack-usage -MMD -MP -MF"Drivers/STM32F0xx_HAL_Driver/Src/stm32f0xx_ll_utils.d" -MT"Drivers/STM32F0xx_HAL_Driver/Src/stm32f0xx_ll_utils.o" --specs=nano.specs -mfloat-abi=soft -mthumb -o "Drivers/STM32F0xx_HAL_Driver/Src/stm32f0xx_ll_utils.o"
arm-none-eabi-gcc "../Core/Src/main.c" -mcpu=cortex-m0 -std=gnu11 -g3 '-DHSE_VALUE=8000000' -DSTM32F030x8 '-DHSE_STARTUP_TIMEOUT=100' -DDEBUG '-DLSE_STARTUP_TIMEOUT=5000' '-DLSE_VALUE=32768' '-DDATA_CACHE_ENABLE=0' '-DINSTRUCTION_CACHE_ENABLE=0' '-DVDD_VALUE=3300' '-DLSI_VALUE=40000' '-DHSI_VALUE=8000000' -DUSE_FULL_LL_DRIVER '-DPREFETCH_ENABLE=1' -c -I../Drivers/STM32F0xx_HAL_Driver/Inc -I../Drivers/CMSIS/Include -I../Core/Inc -I../Drivers/CMSIS/Device/ST/STM32F0xx/Include -O0 -ffunction-sections -fdata-sections -Wall -fstack-usage -MMD -MP -MF"Core/Src/main.d" -MT"Core/Src/main.o" --specs=nano.specs -mfloat-abi=soft -mthumb -o "Core/Src/main.o"
arm-none-eabi-gcc "../Core/Src/stm32f0xx_it.c" -mcpu=cortex-m0 -std=gnu11 -g3 '-DHSE_VALUE=8000000' -DSTM32F030x8 '-DHSE_STARTUP_TIMEOUT=100' -DDEBUG '-DLSE_STARTUP_TIMEOUT=5000' '-DLSE_VALUE=32768' '-DDATA_CACHE_ENABLE=0' '-DINSTRUCTION_CACHE_ENABLE=0' '-DVDD_VALUE=3300' '-DLSI_VALUE=40000' '-DHSI_VALUE=8000000' -DUSE_FULL_LL_DRIVER '-DPREFETCH_ENABLE=1' -c -I../Drivers/STM32F0xx_HAL_Driver/Inc -I../Drivers/CMSIS/Include -I../Core/Inc -I../Drivers/CMSIS/Device/ST/STM32F0xx/Include -O0 -ffunction-sections -fdata-sections -Wall -fstack-usage -MMD -MP -MF"Core/Src/stm32f0xx_it.d" -MT"Core/Src/stm32f0xx_it.o" --specs=nano.specs -mfloat-abi=soft -mthumb -o "Core/Src/stm32f0xx_it.o"
arm-none-eabi-gcc "../Core/Src/syscalls.c" -mcpu=cortex-m0 -std=gnu11 -g3 '-DHSE_VALUE=8000000' -DSTM32F030x8 '-DHSE_STARTUP_TIMEOUT=100' -DDEBUG '-DLSE_STARTUP_TIMEOUT=5000' '-DLSE_VALUE=32768' '-DDATA_CACHE_ENABLE=0' '-DINSTRUCTION_CACHE_ENABLE=0' '-DVDD_VALUE=3300' '-DLSI_VALUE=40000' '-DHSI_VALUE=8000000' -DUSE_FULL_LL_DRIVER '-DPREFETCH_ENABLE=1' -c -I../Drivers/STM32F0xx_HAL_Driver/Inc -I../Drivers/CMSIS/Include -I../Core/Inc -I../Drivers/CMSIS/Device/ST/STM32F0xx/Include -O0 -ffunction-sections -fdata-sections -Wall -fstack-usage -MMD -MP -MF"Core/Src/syscalls.d" -MT"Core/Src/syscalls.o" --specs=nano.specs -mfloat-abi=soft -mthumb -o "Core/Src/syscalls.o"
arm-none-eabi-gcc "../Core/Src/sysmem.c" -mcpu=cortex-m0 -std=gnu11 -g3 '-DHSE_VALUE=8000000' -DSTM32F030x8 '-DHSE_STARTUP_TIMEOUT=100' -DDEBUG '-DLSE_STARTUP_TIMEOUT=5000' '-DLSE_VALUE=32768' '-DDATA_CACHE_ENABLE=0' '-DINSTRUCTION_CACHE_ENABLE=0' '-DVDD_VALUE=3300' '-DLSI_VALUE=40000' '-DHSI_VALUE=8000000' -DUSE_FULL_LL_DRIVER '-DPREFETCH_ENABLE=1' -c -I../Drivers/STM32F0xx_HAL_Driver/Inc -I../Drivers/CMSIS/Include -I../Core/Inc -I../Drivers/CMSIS/Device/ST/STM32F0xx/Include -O0 -ffunction-sections -fdata-sections -Wall -fstack-usage -MMD -MP -MF"Core/Src/sysmem.d" -MT"Core/Src/sysmem.o" --specs=nano.specs -mfloat-abi=soft -mthumb -o "Core/Src/sysmem.o"
arm-none-eabi-gcc "../Core/Src/system_stm32f0xx.c" -mcpu=cortex-m0 -std=gnu11 -g3 '-DHSE_VALUE=8000000' -DSTM32F030x8 '-DHSE_STARTUP_TIMEOUT=100' -DDEBUG '-DLSE_STARTUP_TIMEOUT=5000' '-DLSE_VALUE=32768' '-DDATA_CACHE_ENABLE=0' '-DINSTRUCTION_CACHE_ENABLE=0' '-DVDD_VALUE=3300' '-DLSI_VALUE=40000' '-DHSI_VALUE=8000000' -DUSE_FULL_LL_DRIVER '-DPREFETCH_ENABLE=1' -c -I../Drivers/STM32F0xx_HAL_Driver/Inc -I../Drivers/CMSIS/Include -I../Core/Inc -I../Drivers/CMSIS/Device/ST/STM32F0xx/Include -O0 -ffunction-sections -fdata-sections -Wall -fstack-usage -MMD -MP -MF"Core/Src/system_stm32f0xx.d" -MT"Core/Src/system_stm32f0xx.o" --specs=nano.specs -mfloat-abi=soft -mthumb -o "Core/Src/system_stm32f0xx.o"
arm-none-eabi-g++ -o "USART_TEST.elf" @"objects.list"   -mcpu=cortex-m0 -T"/home/vitlaiy2034/GDrive/Projects/AccurateTempSensor/v0.1beta/Firmware/USART_TEST/STM32F030R8TX_FLASH.ld" --specs=nosys.specs -Wl,-Map="USART_TEST.map" -Wl,--gc-sections -static --specs=nano.specs -mfloat-abi=soft -mthumb -Wl,--start-group -lc -lm -lstdc++ -lsupc++ -Wl,--end-group
Finished building target: USART_TEST.elf
 
arm-none-eabi-objdump -h -S  USART_TEST.elf  > "USART_TEST.list"
arm-none-eabi-size   USART_TEST.elf 
   text	   data	    bss	    dec	    hex	filename
   3744	     12	   1564	   5320	   14c8	USART_TEST.elf
Finished building: default.size.stdout
 
Finished building: USART_TEST.list
 
12:23:29 **** Incremental Build of configuration Debug for project USART_TEST ****
make -j2 all 
arm-none-eabi-gcc "../Drivers/STM32F0xx_HAL_Driver/Src/stm32f0xx_hal.c" -mcpu=cortex-m0 -std=gnu11 -g3 -DSTM32F030x8 -DDEBUG -DUSE_HAL_DRIVER -c -I../Drivers/STM32F0xx_HAL_Driver/Inc -I../Drivers/CMSIS/Include -I../Core/Inc -I../Drivers/STM32F0xx_HAL_Driver/Inc/Legacy -I../Drivers/CMSIS/Device/ST/STM32F0xx/Include -O0 -ffunction-sections -fdata-sections -Wall -fstack-usage -MMD -MP -MF"Drivers/STM32F0xx_HAL_Driver/Src/stm32f0xx_hal.d" -MT"Drivers/STM32F0xx_HAL_Driver/Src/stm32f0xx_hal.o" --specs=nano.specs -mfloat-abi=soft -mthumb -o "Drivers/STM32F0xx_HAL_Driver/Src/stm32f0xx_hal.o"
arm-none-eabi-gcc "../Drivers/STM32F0xx_HAL_Driver/Src/stm32f0xx_hal_cortex.c" -mcpu=cortex-m0 -std=gnu11 -g3 -DSTM32F030x8 -DDEBUG -DUSE_HAL_DRIVER -c -I../Drivers/STM32F0xx_HAL_Driver/Inc -I../Drivers/CMSIS/Include -I../Core/Inc -I../Drivers/STM32F0xx_HAL_Driver/Inc/Legacy -I../Drivers/CMSIS/Device/ST/STM32F0xx/Include -O0 -ffunction-sections -fdata-sections -Wall -fstack-usage -MMD -MP -MF"Drivers/STM32F0xx_HAL_Driver/Src/stm32f0xx_hal_cortex.d" -MT"Drivers/STM32F0xx_HAL_Driver/Src/stm32f0xx_hal_cortex.o" --specs=nano.specs -mfloat-abi=soft -mthumb -o "Drivers/STM32F0xx_HAL_Driver/Src/stm32f0xx_hal_cortex.o"
arm-none-eabi-gcc "../Drivers/STM32F0xx_HAL_Driver/Src/stm32f0xx_hal_dma.c" -mcpu=cortex-m0 -std=gnu11 -g3 -DSTM32F030x8 -DDEBUG -DUSE_HAL_DRIVER -c -I../Drivers/STM32F0xx_HAL_Driver/Inc -I../Drivers/CMSIS/Include -I../Core/Inc -I../Drivers/STM32F0xx_HAL_Driver/Inc/Legacy -I../Drivers/CMSIS/Device/ST/STM32F0xx/Include -O0 -ffunction-sections -fdata-sections -Wall -fstack-usage -MMD -MP -MF"Drivers/STM32F0xx_HAL_Driver/Src/stm32f0xx_hal_dma.d" -MT"Drivers/STM32F0xx_HAL_Driver/Src/stm32f0xx_hal_dma.o" --specs=nano.specs -mfloat-abi=soft -mthumb -o "Drivers/STM32F0xx_HAL_Driver/Src/stm32f0xx_hal_dma.o"
arm-none-eabi-gcc "../Drivers/STM32F0xx_HAL_Driver/Src/stm32f0xx_hal_exti.c" -mcpu=cortex-m0 -std=gnu11 -g3 -DSTM32F030x8 -DDEBUG -DUSE_HAL_DRIVER -c -I../Drivers/STM32F0xx_HAL_Driver/Inc -I../Drivers/CMSIS/Include -I../Core/Inc -I../Drivers/STM32F0xx_HAL_Driver/Inc/Legacy -I../Drivers/CMSIS/Device/ST/STM32F0xx/Include -O0 -ffunction-sections -fdata-sections -Wall -fstack-usage -MMD -MP -MF"Drivers/STM32F0xx_HAL_Driver/Src/stm32f0xx_hal_exti.d" -MT"Drivers/STM32F0xx_HAL_Driver/Src/stm32f0xx_hal_exti.o" --specs=nano.specs -mfloat-abi=soft -mthumb -o "Drivers/STM32F0xx_HAL_Driver/Src/stm32f0xx_hal_exti.o"
arm-none-eabi-gcc "../Drivers/STM32F0xx_HAL_Driver/Src/stm32f0xx_hal_flash.c" -mcpu=cortex-m0 -std=gnu11 -g3 -DSTM32F030x8 -DDEBUG -DUSE_HAL_DRIVER -c -I../Drivers/STM32F0xx_HAL_Driver/Inc -I../Drivers/CMSIS/Include -I../Core/Inc -I../Drivers/STM32F0xx_HAL_Driver/Inc/Legacy -I../Drivers/CMSIS/Device/ST/STM32F0xx/Include -O0 -ffunction-sections -fdata-sections -Wall -fstack-usage -MMD -MP -MF"Drivers/STM32F0xx_HAL_Driver/Src/stm32f0xx_hal_flash.d" -MT"Drivers/STM32F0xx_HAL_Driver/Src/stm32f0xx_hal_flash.o" --specs=nano.specs -mfloat-abi=soft -mthumb -o "Drivers/STM32F0xx_HAL_Driver/Src/stm32f0xx_hal_flash.o"
arm-none-eabi-gcc "../Drivers/STM32F0xx_HAL_Driver/Src/stm32f0xx_hal_flash_ex.c" -mcpu=cortex-m0 -std=gnu11 -g3 -DSTM32F030x8 -DDEBUG -DUSE_HAL_DRIVER -c -I../Drivers/STM32F0xx_HAL_Driver/Inc -I../Drivers/CMSIS/Include -I../Core/Inc -I../Drivers/STM32F0xx_HAL_Driver/Inc/Legacy -I../Drivers/CMSIS/Device/ST/STM32F0xx/Include -O0 -ffunction-sections -fdata-sections -Wall -fstack-usage -MMD -MP -MF"Drivers/STM32F0xx_HAL_Driver/Src/stm32f0xx_hal_flash_ex.d" -MT"Drivers/STM32F0xx_HAL_Driver/Src/stm32f0xx_hal_flash_ex.o" --specs=nano.specs -mfloat-abi=soft -mthumb -o "Drivers/STM32F0xx_HAL_Driver/Src/stm32f0xx_hal_flash_ex.o"
arm-none-eabi-gcc "../Drivers/STM32F0xx_HAL_Driver/Src/stm32f0xx_hal_gpio.c" -mcpu=cortex-m0 -std=gnu11 -g3 -DSTM32F030x8 -DDEBUG -DUSE_HAL_DRIVER -c -I../Drivers/STM32F0xx_HAL_Driver/Inc -I../Drivers/CMSIS/Include -I../Core/Inc -I../Drivers/STM32F0xx_HAL_Driver/Inc/Legacy -I../Drivers/CMSIS/Device/ST/STM32F0xx/Include -O0 -ffunction-sections -fdata-sections -Wall -fstack-usage -MMD -MP -MF"Drivers/STM32F0xx_HAL_Driver/Src/stm32f0xx_hal_gpio.d" -MT"Drivers/STM32F0xx_HAL_Driver/Src/stm32f0xx_hal_gpio.o" --specs=nano.specs -mfloat-abi=soft -mthumb -o "Drivers/STM32F0xx_HAL_Driver/Src/stm32f0xx_hal_gpio.o"
arm-none-eabi-gcc "../Drivers/STM32F0xx_HAL_Driver/Src/stm32f0xx_hal_i2c.c" -mcpu=cortex-m0 -std=gnu11 -g3 -DSTM32F030x8 -DDEBUG -DUSE_HAL_DRIVER -c -I../Drivers/STM32F0xx_HAL_Driver/Inc -I../Drivers/CMSIS/Include -I../Core/Inc -I../Drivers/STM32F0xx_HAL_Driver/Inc/Legacy -I../Drivers/CMSIS/Device/ST/STM32F0xx/Include -O0 -ffunction-sections -fdata-sections -Wall -fstack-usage -MMD -MP -MF"Drivers/STM32F0xx_HAL_Driver/Src/stm32f0xx_hal_i2c.d" -MT"Drivers/STM32F0xx_HAL_Driver/Src/stm32f0xx_hal_i2c.o" --specs=nano.specs -mfloat-abi=soft -mthumb -o "Drivers/STM32F0xx_HAL_Driver/Src/stm32f0xx_hal_i2c.o"
arm-none-eabi-gcc "../Drivers/STM32F0xx_HAL_Driver/Src/stm32f0xx_hal_i2c_ex.c" -mcpu=cortex-m0 -std=gnu11 -g3 -DSTM32F030x8 -DDEBUG -DUSE_HAL_DRIVER -c -I../Drivers/STM32F0xx_HAL_Driver/Inc -I../Drivers/CMSIS/Include -I../Core/Inc -I../Drivers/STM32F0xx_HAL_Driver/Inc/Legacy -I../Drivers/CMSIS/Device/ST/STM32F0xx/Include -O0 -ffunction-sections -fdata-sections -Wall -fstack-usage -MMD -MP -MF"Drivers/STM32F0xx_HAL_Driver/Src/stm32f0xx_hal_i2c_ex.d" -MT"Drivers/STM32F0xx_HAL_Driver/Src/stm32f0xx_hal_i2c_ex.o" --specs=nano.specs -mfloat-abi=soft -mthumb -o "Drivers/STM32F0xx_HAL_Driver/Src/stm32f0xx_hal_i2c_ex.o"
arm-none-eabi-gcc "../Drivers/STM32F0xx_HAL_Driver/Src/stm32f0xx_hal_pwr.c" -mcpu=cortex-m0 -std=gnu11 -g3 -DSTM32F030x8 -DDEBUG -DUSE_HAL_DRIVER -c -I../Drivers/STM32F0xx_HAL_Driver/Inc -I../Drivers/CMSIS/Include -I../Core/Inc -I../Drivers/STM32F0xx_HAL_Driver/Inc/Legacy -I../Drivers/CMSIS/Device/ST/STM32F0xx/Include -O0 -ffunction-sections -fdata-sections -Wall -fstack-usage -MMD -MP -MF"Drivers/STM32F0xx_HAL_Driver/Src/stm32f0xx_hal_pwr.d" -MT"Drivers/STM32F0xx_HAL_Driver/Src/stm32f0xx_hal_pwr.o" --specs=nano.specs -mfloat-abi=soft -mthumb -o "Drivers/STM32F0xx_HAL_Driver/Src/stm32f0xx_hal_pwr.o"
arm-none-eabi-gcc "../Drivers/STM32F0xx_HAL_Driver/Src/stm32f0xx_hal_pwr_ex.c" -mcpu=cortex-m0 -std=gnu11 -g3 -DSTM32F030x8 -DDEBUG -DUSE_HAL_DRIVER -c -I../Drivers/STM32F0xx_HAL_Driver/Inc -I../Drivers/CMSIS/Include -I../Core/Inc -I../Drivers/STM32F0xx_HAL_Driver/Inc/Legacy -I../Drivers/CMSIS/Device/ST/STM32F0xx/Include -O0 -ffunction-sections -fdata-sections -Wall -fstack-usage -MMD -MP -MF"Drivers/STM32F0xx_HAL_Driver/Src/stm32f0xx_hal_pwr_ex.d" -MT"Drivers/STM32F0xx_HAL_Driver/Src/stm32f0xx_hal_pwr_ex.o" --specs=nano.specs -mfloat-abi=soft -mthumb -o "Drivers/STM32F0xx_HAL_Driver/Src/stm32f0xx_hal_pwr_ex.o"
arm-none-eabi-gcc "../Drivers/STM32F0xx_HAL_Driver/Src/stm32f0xx_hal_rcc.c" -mcpu=cortex-m0 -std=gnu11 -g3 -DSTM32F030x8 -DDEBUG -DUSE_HAL_DRIVER -c -I../Drivers/STM32F0xx_HAL_Driver/Inc -I../Drivers/CMSIS/Include -I../Core/Inc -I../Drivers/STM32F0xx_HAL_Driver/Inc/Legacy -I../Drivers/CMSIS/Device/ST/STM32F0xx/Include -O0 -ffunction-sections -fdata-sections -Wall -fstack-usage -MMD -MP -MF"Drivers/STM32F0xx_HAL_Driver/Src/stm32f0xx_hal_rcc.d" -MT"Drivers/STM32F0xx_HAL_Driver/Src/stm32f0xx_hal_rcc.o" --specs=nano.specs -mfloat-abi=soft -mthumb -o "Drivers/STM32F0xx_HAL_Driver/Src/stm32f0xx_hal_rcc.o"
arm-none-eabi-gcc "../Drivers/STM32F0xx_HAL_Driver/Src/stm32f0xx_hal_rcc_ex.c" -mcpu=cortex-m0 -std=gnu11 -g3 -DSTM32F030x8 -DDEBUG -DUSE_HAL_DRIVER -c -I../Drivers/STM32F0xx_HAL_Driver/Inc -I../Drivers/CMSIS/Include -I../Core/Inc -I../Drivers/STM32F0xx_HAL_Driver/Inc/Legacy -I../Drivers/CMSIS/Device/ST/STM32F0xx/Include -O0 -ffunction-sections -fdata-sections -Wall -fstack-usage -MMD -MP -MF"Drivers/STM32F0xx_HAL_Driver/Src/stm32f0xx_hal_rcc_ex.d" -MT"Drivers/STM32F0xx_HAL_Driver/Src/stm32f0xx_hal_rcc_ex.o" --specs=nano.specs -mfloat-abi=soft -mthumb -o "Drivers/STM32F0xx_HAL_Driver/Src/stm32f0xx_hal_rcc_ex.o"
arm-none-eabi-gcc "../Drivers/STM32F0xx_HAL_Driver/Src/stm32f0xx_hal_tim.c" -mcpu=cortex-m0 -std=gnu11 -g3 -DSTM32F030x8 -DDEBUG -DUSE_HAL_DRIVER -c -I../Drivers/STM32F0xx_HAL_Driver/Inc -I../Drivers/CMSIS/Include -I../Core/Inc -I../Drivers/STM32F0xx_HAL_Driver/Inc/Legacy -I../Drivers/CMSIS/Device/ST/STM32F0xx/Include -O0 -ffunction-sections -fdata-sections -Wall -fstack-usage -MMD -MP -MF"Drivers/STM32F0xx_HAL_Driver/Src/stm32f0xx_hal_tim.d" -MT"Drivers/STM32F0xx_HAL_Driver/Src/stm32f0xx_hal_tim.o" --specs=nano.specs -mfloat-abi=soft -mthumb -o "Drivers/STM32F0xx_HAL_Driver/Src/stm32f0xx_hal_tim.o"
arm-none-eabi-gcc "../Drivers/STM32F0xx_HAL_Driver/Src/stm32f0xx_hal_tim_ex.c" -mcpu=cortex-m0 -std=gnu11 -g3 -DSTM32F030x8 -DDEBUG -DUSE_HAL_DRIVER -c -I../Drivers/STM32F0xx_HAL_Driver/Inc -I../Drivers/CMSIS/Include -I../Core/Inc -I../Drivers/STM32F0xx_HAL_Driver/Inc/Legacy -I../Drivers/CMSIS/Device/ST/STM32F0xx/Include -O0 -ffunction-sections -fdata-sections -Wall -fstack-usage -MMD -MP -MF"Drivers/STM32F0xx_HAL_Driver/Src/stm32f0xx_hal_tim_ex.d" -MT"Drivers/STM32F0xx_HAL_Driver/Src/stm32f0xx_hal_tim_ex.o" --specs=nano.specs -mfloat-abi=soft -mthumb -o "Drivers/STM32F0xx_HAL_Driver/Src/stm32f0xx_hal_tim_ex.o"
arm-none-eabi-gcc "../Drivers/STM32F0xx_HAL_Driver/Src/stm32f0xx_hal_uart.c" -mcpu=cortex-m0 -std=gnu11 -g3 -DSTM32F030x8 -DDEBUG -DUSE_HAL_DRIVER -c -I../Drivers/STM32F0xx_HAL_Driver/Inc -I../Drivers/CMSIS/Include -I../Core/Inc -I../Drivers/STM32F0xx_HAL_Driver/Inc/Legacy -I../Drivers/CMSIS/Device/ST/STM32F0xx/Include -O0 -ffunction-sections -fdata-sections -Wall -fstack-usage -MMD -MP -MF"Drivers/STM32F0xx_HAL_Driver/Src/stm32f0xx_hal_uart.d" -MT"Drivers/STM32F0xx_HAL_Driver/Src/stm32f0xx_hal_uart.o" --specs=nano.specs -mfloat-abi=soft -mthumb -o "Drivers/STM32F0xx_HAL_Driver/Src/stm32f0xx_hal_uart.o"
arm-none-eabi-gcc "../Drivers/STM32F0xx_HAL_Driver/Src/stm32f0xx_hal_uart_ex.c" -mcpu=cortex-m0 -std=gnu11 -g3 -DSTM32F030x8 -DDEBUG -DUSE_HAL_DRIVER -c -I../Drivers/STM32F0xx_HAL_Driver/Inc -I../Drivers/CMSIS/Include -I../Core/Inc -I../Drivers/STM32F0xx_HAL_Driver/Inc/Legacy -I../Drivers/CMSIS/Device/ST/STM32F0xx/Include -O0 -ffunction-sections -fdata-sections -Wall -fstack-usage -MMD -MP -MF"Drivers/STM32F0xx_HAL_Driver/Src/stm32f0xx_hal_uart_ex.d" -MT"Drivers/STM32F0xx_HAL_Driver/Src/stm32f0xx_hal_uart_ex.o" --specs=nano.specs -mfloat-abi=soft -mthumb -o "Drivers/STM32F0xx_HAL_Driver/Src/stm32f0xx_hal_uart_ex.o"
arm-none-eabi-gcc "../Core/Src/main.c" -mcpu=cortex-m0 -std=gnu11 -g3 -DSTM32F030x8 -DDEBUG -DUSE_HAL_DRIVER -c -I../Drivers/STM32F0xx_HAL_Driver/Inc -I../Drivers/CMSIS/Include -I../Core/Inc -I../Drivers/STM32F0xx_HAL_Driver/Inc/Legacy -I../Drivers/CMSIS/Device/ST/STM32F0xx/Include -O0 -ffunction-sections -fdata-sections -Wall -fstack-usage -MMD -MP -MF"Core/Src/main.d" -MT"Core/Src/main.o" --specs=nano.specs -mfloat-abi=soft -mthumb -o "Core/Src/main.o"
../Core/Src/main.c: In function 'main':
../Core/Src/main.c:102:31: warning: pointer targets in passing argument 2 of 'HAL_UART_Transmit' differ in signedness [-Wpointer-sign]
    HAL_UART_Transmit(&huart1, "hello world\n", 13, 100);
                               ^~~~~~~~~~~~~~~
In file included from ../Core/Inc/stm32f0xx_hal_conf.h:285:0,
                 from ../Drivers/STM32F0xx_HAL_Driver/Inc/stm32f0xx_hal.h:30,
                 from ../Core/Inc/main.h:31,
                 from ../Core/Src/main.c:22:
../Drivers/STM32F0xx_HAL_Driver/Inc/stm32f0xx_hal_uart.h:1431:19: note: expected 'uint8_t * {aka unsigned char *}' but argument is of type 'char *'
 HAL_StatusTypeDef HAL_UART_Transmit(UART_HandleTypeDef *huart, uint8_t *pData, uint16_t Size, uint32_t Timeout);
                   ^~~~~~~~~~~~~~~~~
arm-none-eabi-gcc "../Core/Src/stm32f0xx_hal_msp.c" -mcpu=cortex-m0 -std=gnu11 -g3 -DSTM32F030x8 -DDEBUG -DUSE_HAL_DRIVER -c -I../Drivers/STM32F0xx_HAL_Driver/Inc -I../Drivers/CMSIS/Include -I../Core/Inc -I../Drivers/STM32F0xx_HAL_Driver/Inc/Legacy -I../Drivers/CMSIS/Device/ST/STM32F0xx/Include -O0 -ffunction-sections -fdata-sections -Wall -fstack-usage -MMD -MP -MF"Core/Src/stm32f0xx_hal_msp.d" -MT"Core/Src/stm32f0xx_hal_msp.o" --specs=nano.specs -mfloat-abi=soft -mthumb -o "Core/Src/stm32f0xx_hal_msp.o"
arm-none-eabi-gcc "../Core/Src/stm32f0xx_it.c" -mcpu=cortex-m0 -std=gnu11 -g3 -DSTM32F030x8 -DDEBUG -DUSE_HAL_DRIVER -c -I../Drivers/STM32F0xx_HAL_Driver/Inc -I../Drivers/CMSIS/Include -I../Core/Inc -I../Drivers/STM32F0xx_HAL_Driver/Inc/Legacy -I../Drivers/CMSIS/Device/ST/STM32F0xx/Include -O0 -ffunction-sections -fdata-sections -Wall -fstack-usage -MMD -MP -MF"Core/Src/stm32f0xx_it.d" -MT"Core/Src/stm32f0xx_it.o" --specs=nano.specs -mfloat-abi=soft -mthumb -o "Core/Src/stm32f0xx_it.o"
arm-none-eabi-gcc "../Core/Src/syscalls.c" -mcpu=cortex-m0 -std=gnu11 -g3 -DSTM32F030x8 -DDEBUG -DUSE_HAL_DRIVER -c -I../Drivers/STM32F0xx_HAL_Driver/Inc -I../Drivers/CMSIS/Include -I../Core/Inc -I../Drivers/STM32F0xx_HAL_Driver/Inc/Legacy -I../Drivers/CMSIS/Device/ST/STM32F0xx/Include -O0 -ffunction-sections -fdata-sections -Wall -fstack-usage -MMD -MP -MF"Core/Src/syscalls.d" -MT"Core/Src/syscalls.o" --specs=nano.specs -mfloat-abi=soft -mthumb -o "Core/Src/syscalls.o"
arm-none-eabi-gcc "../Core/Src/sysmem.c" -mcpu=cortex-m0 -std=gnu11 -g3 -DSTM32F030x8 -DDEBUG -DUSE_HAL_DRIVER -c -I../Drivers/STM32F0xx_HAL_Driver/Inc -I../Drivers/CMSIS/Include -I../Core/Inc -I../Drivers/STM32F0xx_HAL_Driver/Inc/Legacy -I../Drivers/CMSIS/Device/ST/STM32F0xx/Include -O0 -ffunction-sections -fdata-sections -Wall -fstack-usage -MMD -MP -MF"Core/Src/sysmem.d" -MT"Core/Src/sysmem.o" --specs=nano.specs -mfloat-abi=soft -mthumb -o "Core/Src/sysmem.o"
arm-none-eabi-gcc "../Core/Src/system_stm32f0xx.c" -mcpu=cortex-m0 -std=gnu11 -g3 -DSTM32F030x8 -DDEBUG -DUSE_HAL_DRIVER -c -I../Drivers/STM32F0xx_HAL_Driver/Inc -I../Drivers/CMSIS/Include -I../Core/Inc -I../Drivers/STM32F0xx_HAL_Driver/Inc/Legacy -I../Drivers/CMSIS/Device/ST/STM32F0xx/Include -O0 -ffunction-sections -fdata-sections -Wall -fstack-usage -MMD -MP -MF"Core/Src/system_stm32f0xx.d" -MT"Core/Src/system_stm32f0xx.o" --specs=nano.specs -mfloat-abi=soft -mthumb -o "Core/Src/system_stm32f0xx.o"
arm-none-eabi-g++ -o "USART_TEST.elf" @"objects.list"   -mcpu=cortex-m0 -T"/home/vitlaiy2034/GDrive/Projects/AccurateTempSensor/v0.1beta/Firmware/USART_TEST/STM32F030R8TX_FLASH.ld" --specs=nosys.specs -Wl,-Map="USART_TEST.map" -Wl,--gc-sections -static --specs=nano.specs -mfloat-abi=soft -mthumb -Wl,--start-group -lc -lm -lstdc++ -lsupc++ -Wl,--end-group
Finished building target: USART_TEST.elf
 
arm-none-eabi-objdump -h -S  USART_TEST.elf  > "USART_TEST.list"
arm-none-eabi-size   USART_TEST.elf 
   text	   data	    bss	    dec	    hex	filename
   7560	     20	   1700	   9280	   2440	USART_TEST.elf
Finished building: default.size.stdout
 
Finished building: USART_TEST.list
 
12:40:22 **** Incremental Build of configuration Debug for project USART_TEST ****
make -j2 all 
arm-none-eabi-size   USART_TEST.elf 
   text	   data	    bss	    dec	    hex	filename
   7560	     20	   1700	   9280	   2440	USART_TEST.elf
Finished building: default.size.stdout
 
12:40:52 **** Incremental Build of configuration Debug for project USART_TEST ****
make -j2 all 
arm-none-eabi-size   USART_TEST.elf 
   text	   data	    bss	    dec	    hex	filename
   7560	     20	   1700	   9280	   2440	USART_TEST.elf
Finished building: default.size.stdout
 
23:41:16 **** Build of configuration Debug for project TempSensorRev1_0 ****
make -j2 all 
Src/subdir.mk:46: warning: overriding recipe for target 'Src/TempMes.o'
arm-none-eabi-gcc "../Src/SevSeg.c" -mcpu=cortex-m0 -std=gnu11 -g3 -DSTM32 -DSTM32F0 -DSTM32F030K6Tx -DDEBUG -c -I../Inc -I"/home/vitlaiy2034/GDrive/Projects/AccurateTempSensor/v0.1beta/Firmware/TempSensorRev1_0/CMSIS/Inc" -O0 -ffunction-sections -fdata-sections -Wall -fstack-usage -MMD -MP -MF"Src/SevSeg.d" -MT"Src/SevSeg.o" --specs=nano.specs -mfloat-abi=soft -mthumb -o "Src/SevSeg.o"
Src/subdir.mk:44: warning: ignoring old recipe for target 'Src/TempMes.o'
arm-none-eabi-g++ "../Src/TempMes.cpp" -mcpu=cortex-m0 -std=gnu++14 -g3 -DSTM32 -DSTM32F0 -DSTM32F030K6Tx -DDEBUG -c -I../Inc -I"/home/vitlaiy2034/GDrive/Projects/AccurateTempSensor/v0.1beta/Firmware/TempSensorRev1_0/CMSIS/Inc" -O0 -ffunction-sections -fdata-sections -fno-exceptions -fno-rtti -fno-threadsafe-statics -fno-use-cxa-atexit -Wall -fstack-usage -MMD -MP -MF"Src/TempMes.d" -MT"Src/TempMes.o" --specs=nano.specs -mfloat-abi=soft -mthumb -o "Src/TempMes.o"
In file included from ../Src/TempMes.cpp:1:0:
../Inc/TempMes.h:11:10: fatal error: WAdc.h: No such file or directory
 #include <WAdc.h>
          ^~~~~~~~
compilation terminated.
make: *** [Src/subdir.mk:46: Src/TempMes.o] Error 1
make: *** Waiting for unfinished jobs....
"make -j2 all" terminated with exit code 2. Build might be incomplete.
23:42:53 **** Clean-only build of configuration Debug for project TempSensorRev1_0 ****
make -j2 clean 
Src/subdir.mk:46: warning: overriding recipe for target 'Src/TempMes.o'
Src/subdir.mk:44: warning: ignoring old recipe for target 'Src/TempMes.o'
rm -rf *
 
23:42:55 **** Incremental Build of configuration Debug for project TempSensorRev1_0 ****
make -j2 all 
Src/subdir.mk:46: warning: overriding recipe for target 'Src/TempMes.o'
Src/subdir.mk:44: warning: ignoring old recipe for target 'Src/TempMes.o'
arm-none-eabi-gcc "../WLib/Src/Sleep.c" -mcpu=cortex-m0 -std=gnu11 -g3 -DSTM32 -DSTM32F0 -DSTM32F030K6Tx -DDEBUG -c -I../Inc -I"/home/vitlaiy2034/GDrive/Projects/AccurateTempSensor/v0.1beta/Firmware/TempSensorRev1_0/CMSIS/Inc" -I"/home/vitlaiy2034/GDrive/Projects/AccurateTempSensor/v0.1beta/Firmware/TempSensorRev1_0/WLib/Inc" -O0 -ffunction-sections -fdata-sections -Wall -fstack-usage -MMD -MP -MF"WLib/Src/Sleep.d" -MT"WLib/Src/Sleep.o" --specs=nano.specs -mfloat-abi=soft -mthumb -o "WLib/Src/Sleep.o"
arm-none-eabi-gcc "../WLib/Src/WAdc.c" -mcpu=cortex-m0 -std=gnu11 -g3 -DSTM32 -DSTM32F0 -DSTM32F030K6Tx -DDEBUG -c -I../Inc -I"/home/vitlaiy2034/GDrive/Projects/AccurateTempSensor/v0.1beta/Firmware/TempSensorRev1_0/CMSIS/Inc" -I"/home/vitlaiy2034/GDrive/Projects/AccurateTempSensor/v0.1beta/Firmware/TempSensorRev1_0/WLib/Inc" -O0 -ffunction-sections -fdata-sections -Wall -fstack-usage -MMD -MP -MF"WLib/Src/WAdc.d" -MT"WLib/Src/WAdc.o" --specs=nano.specs -mfloat-abi=soft -mthumb -o "WLib/Src/WAdc.o"
arm-none-eabi-gcc "../WLib/Src/WAssert.c" -mcpu=cortex-m0 -std=gnu11 -g3 -DSTM32 -DSTM32F0 -DSTM32F030K6Tx -DDEBUG -c -I../Inc -I"/home/vitlaiy2034/GDrive/Projects/AccurateTempSensor/v0.1beta/Firmware/TempSensorRev1_0/CMSIS/Inc" -I"/home/vitlaiy2034/GDrive/Projects/AccurateTempSensor/v0.1beta/Firmware/TempSensorRev1_0/WLib/Inc" -O0 -ffunction-sections -fdata-sections -Wall -fstack-usage -MMD -MP -MF"WLib/Src/WAssert.d" -MT"WLib/Src/WAssert.o" --specs=nano.specs -mfloat-abi=soft -mthumb -o "WLib/Src/WAssert.o"
In file included from ../WLib/Src/WAssert.c:7:0:
../Inc/SevSeg.h:20:17: warning: 'ucaComPins' defined but not used [-Wunused-variable]
  static uint8_t ucaComPins[]={7,9,11,0};
                 ^~~~~~~~~~
../Inc/SevSeg.h:19:17: warning: 'ucaSegPins' defined but not used [-Wunused-variable]
  static uint8_t ucaSegPins[]={8,12,5,3,2,10,1,4};
                 ^~~~~~~~~~
arm-none-eabi-gcc -mcpu=cortex-m0 -g3 -c -I"/home/vitlaiy2034/GDrive/Projects/AccurateTempSensor/v0.1beta/Firmware/TempSensorRev1_0/CMSIS/Inc" -x assembler-with-cpp --specs=nano.specs -mfloat-abi=soft -mthumb -o "Startup/startup_stm32f030k6tx.o" "../Startup/startup_stm32f030k6tx.s"
arm-none-eabi-gcc "../Src/SevSeg.c" -mcpu=cortex-m0 -std=gnu11 -g3 -DSTM32 -DSTM32F0 -DSTM32F030K6Tx -DDEBUG -c -I../Inc -I"/home/vitlaiy2034/GDrive/Projects/AccurateTempSensor/v0.1beta/Firmware/TempSensorRev1_0/CMSIS/Inc" -I"/home/vitlaiy2034/GDrive/Projects/AccurateTempSensor/v0.1beta/Firmware/TempSensorRev1_0/WLib/Inc" -O0 -ffunction-sections -fdata-sections -Wall -fstack-usage -MMD -MP -MF"Src/SevSeg.d" -MT"Src/SevSeg.o" --specs=nano.specs -mfloat-abi=soft -mthumb -o "Src/SevSeg.o"
arm-none-eabi-g++ "../Src/TempMes.cpp" -mcpu=cortex-m0 -std=gnu++14 -g3 -DSTM32 -DSTM32F0 -DSTM32F030K6Tx -DDEBUG -c -I../Inc -I"/home/vitlaiy2034/GDrive/Projects/AccurateTempSensor/v0.1beta/Firmware/TempSensorRev1_0/CMSIS/Inc" -O0 -ffunction-sections -fdata-sections -fno-exceptions -fno-rtti -fno-threadsafe-statics -fno-use-cxa-atexit -Wall -fstack-usage -MMD -MP -MF"Src/TempMes.d" -MT"Src/TempMes.o" --specs=nano.specs -mfloat-abi=soft -mthumb -o "Src/TempMes.o"
In file included from ../Src/TempMes.cpp:1:0:
../Inc/TempMes.h:11:10: fatal error: WAdc.h: No such file or directory
 #include <WAdc.h>
          ^~~~~~~~
compilation terminated.
make: *** [Src/subdir.mk:46: Src/TempMes.o] Error 1
make: *** Waiting for unfinished jobs....
"make -j2 all" terminated with exit code 2. Build might be incomplete.
23:45:18 **** Incremental Build of configuration Debug for project TempSensorRev1_0 ****
make -j2 all 
Src/subdir.mk:46: warning: overriding recipe for target 'Src/TempMes.o'
Src/subdir.mk:44: warning: ignoring old recipe for target 'Src/TempMes.o'
arm-none-eabi-g++ "../Src/TempMes.cpp" -mcpu=cortex-m0 -std=gnu++14 -g3 -DSTM32 -DSTM32F0 -DSTM32F030K6Tx -DDEBUG -c -I../Inc -I"/home/vitlaiy2034/GDrive/Projects/AccurateTempSensor/v0.1beta/Firmware/TempSensorRev1_0/CMSIS/Inc" -I"/home/vitlaiy2034/GDrive/Projects/AccurateTempSensor/v0.1beta/Firmware/TempSensorRev1_0/WLib/Inc" -O0 -ffunction-sections -fdata-sections -fno-exceptions -fno-rtti -fno-threadsafe-statics -fno-use-cxa-atexit -Wall -fstack-usage -MMD -MP -MF"Src/TempMes.d" -MT"Src/TempMes.o" --specs=nano.specs -mfloat-abi=soft -mthumb -o "Src/TempMes.o"
arm-none-eabi-gcc "../Src/Thermcouples.c" -mcpu=cortex-m0 -std=gnu11 -g3 -DSTM32 -DSTM32F0 -DSTM32F030K6Tx -DDEBUG -c -I../Inc -I"/home/vitlaiy2034/GDrive/Projects/AccurateTempSensor/v0.1beta/Firmware/TempSensorRev1_0/CMSIS/Inc" -I"/home/vitlaiy2034/GDrive/Projects/AccurateTempSensor/v0.1beta/Firmware/TempSensorRev1_0/WLib/Inc" -O0 -ffunction-sections -fdata-sections -Wall -fstack-usage -MMD -MP -MF"Src/Thermcouples.d" -MT"Src/Thermcouples.o" --specs=nano.specs -mfloat-abi=soft -mthumb -o "Src/Thermcouples.o"
../Src/Thermcouples.c: In function 'GetThrmcuopT':
../Src/Thermcouples.c:15:1: warning: control reaches end of non-void function [-Wreturn-type]
 }
 ^
../Src/TempMes.cpp: In function 'void TIM1_BRK_UP_TRG_COM_IRQHandler()':
../Src/TempMes.cpp:8:2: error: 'read_Temp' was not declared in this scope
  read_Temp(d);
  ^~~~~~~~~
make: *** [Src/subdir.mk:46: Src/TempMes.o] Error 1
make: *** Waiting for unfinished jobs....
"make -j2 all" terminated with exit code 2. Build might be incomplete.
23:45:34 **** Incremental Build of configuration Debug for project TempSensorRev1_0 ****
make -j2 all 
Src/subdir.mk:46: warning: overriding recipe for target 'Src/TempMes.o'
Src/subdir.mk:44: warning: ignoring old recipe for target 'Src/TempMes.o'
arm-none-eabi-g++ "../Src/TempMes.cpp" -mcpu=cortex-m0 -std=gnu++14 -g3 -DSTM32 -DSTM32F0 -DSTM32F030K6Tx -DDEBUG -c -I../Inc -I"/home/vitlaiy2034/GDrive/Projects/AccurateTempSensor/v0.1beta/Firmware/TempSensorRev1_0/CMSIS/Inc" -I"/home/vitlaiy2034/GDrive/Projects/AccurateTempSensor/v0.1beta/Firmware/TempSensorRev1_0/WLib/Inc" -O0 -ffunction-sections -fdata-sections -fno-exceptions -fno-rtti -fno-threadsafe-statics -fno-use-cxa-atexit -Wall -fstack-usage -MMD -MP -MF"Src/TempMes.d" -MT"Src/TempMes.o" --specs=nano.specs -mfloat-abi=soft -mthumb -o "Src/TempMes.o"
arm-none-eabi-gcc "../Src/Thermistor.c" -mcpu=cortex-m0 -std=gnu11 -g3 -DSTM32 -DSTM32F0 -DSTM32F030K6Tx -DDEBUG -c -I../Inc -I"/home/vitlaiy2034/GDrive/Projects/AccurateTempSensor/v0.1beta/Firmware/TempSensorRev1_0/CMSIS/Inc" -I"/home/vitlaiy2034/GDrive/Projects/AccurateTempSensor/v0.1beta/Firmware/TempSensorRev1_0/WLib/Inc" -O0 -ffunction-sections -fdata-sections -Wall -fstack-usage -MMD -MP -MF"Src/Thermistor.d" -MT"Src/Thermistor.o" --specs=nano.specs -mfloat-abi=soft -mthumb -o "Src/Thermistor.o"
../Src/TempMes.cpp: In function 'void TIM1_BRK_UP_TRG_COM_IRQHandler()':
../Src/TempMes.cpp:5:8: warning: unused variable 'd' [-Wunused-variable]
  float d;
        ^
arm-none-eabi-gcc "../Src/main.c" -mcpu=cortex-m0 -std=gnu11 -g3 -DSTM32 -DSTM32F0 -DSTM32F030K6Tx -DDEBUG -c -I../Inc -I"/home/vitlaiy2034/GDrive/Projects/AccurateTempSensor/v0.1beta/Firmware/TempSensorRev1_0/CMSIS/Inc" -I"/home/vitlaiy2034/GDrive/Projects/AccurateTempSensor/v0.1beta/Firmware/TempSensorRev1_0/WLib/Inc" -O0 -ffunction-sections -fdata-sections -Wall -fstack-usage -MMD -MP -MF"Src/main.d" -MT"Src/main.o" --specs=nano.specs -mfloat-abi=soft -mthumb -o "Src/main.o"
../Src/main.c: In function 'main':
../Src/main.c:25:11: warning: unused variable 'data' [-Wunused-variable]
  uint16_t data[4];
           ^~~~
In file included from ../Src/main.c:11:0:
At top level:
../Inc/SevSeg.h:20:17: warning: 'ucaComPins' defined but not used [-Wunused-variable]
  static uint8_t ucaComPins[]={7,9,11,0};
                 ^~~~~~~~~~
../Inc/SevSeg.h:19:17: warning: 'ucaSegPins' defined but not used [-Wunused-variable]
  static uint8_t ucaSegPins[]={8,12,5,3,2,10,1,4};
                 ^~~~~~~~~~
arm-none-eabi-gcc "../Src/syscalls.c" -mcpu=cortex-m0 -std=gnu11 -g3 -DSTM32 -DSTM32F0 -DSTM32F030K6Tx -DDEBUG -c -I../Inc -I"/home/vitlaiy2034/GDrive/Projects/AccurateTempSensor/v0.1beta/Firmware/TempSensorRev1_0/CMSIS/Inc" -I"/home/vitlaiy2034/GDrive/Projects/AccurateTempSensor/v0.1beta/Firmware/TempSensorRev1_0/WLib/Inc" -O0 -ffunction-sections -fdata-sections -Wall -fstack-usage -MMD -MP -MF"Src/syscalls.d" -MT"Src/syscalls.o" --specs=nano.specs -mfloat-abi=soft -mthumb -o "Src/syscalls.o"
arm-none-eabi-gcc "../Src/sysmem.c" -mcpu=cortex-m0 -std=gnu11 -g3 -DSTM32 -DSTM32F0 -DSTM32F030K6Tx -DDEBUG -c -I../Inc -I"/home/vitlaiy2034/GDrive/Projects/AccurateTempSensor/v0.1beta/Firmware/TempSensorRev1_0/CMSIS/Inc" -I"/home/vitlaiy2034/GDrive/Projects/AccurateTempSensor/v0.1beta/Firmware/TempSensorRev1_0/WLib/Inc" -O0 -ffunction-sections -fdata-sections -Wall -fstack-usage -MMD -MP -MF"Src/sysmem.d" -MT"Src/sysmem.o" --specs=nano.specs -mfloat-abi=soft -mthumb -o "Src/sysmem.o"
arm-none-eabi-gcc "../CMSIS/Src/system_stm32f0xx.c" -mcpu=cortex-m0 -std=gnu11 -g3 -DSTM32 -DSTM32F0 -DSTM32F030K6Tx -DDEBUG -c -I../Inc -I"/home/vitlaiy2034/GDrive/Projects/AccurateTempSensor/v0.1beta/Firmware/TempSensorRev1_0/CMSIS/Inc" -I"/home/vitlaiy2034/GDrive/Projects/AccurateTempSensor/v0.1beta/Firmware/TempSensorRev1_0/WLib/Inc" -O0 -ffunction-sections -fdata-sections -Wall -fstack-usage -MMD -MP -MF"CMSIS/Src/system_stm32f0xx.d" -MT"CMSIS/Src/system_stm32f0xx.o" --specs=nano.specs -mfloat-abi=soft -mthumb -o "CMSIS/Src/system_stm32f0xx.o"
arm-none-eabi-g++ -o "TempSensorRev1_0.elf" @"objects.list"   -mcpu=cortex-m0 -T"/home/vitlaiy2034/GDrive/Projects/AccurateTempSensor/v0.1beta/Firmware/TempSensorRev1_0/STM32F030K6TX_FLASH.ld" --specs=nosys.specs -Wl,-Map="TempSensorRev1_0.map" -Wl,--gc-sections -static --specs=nano.specs -mfloat-abi=soft -mthumb -Wl,--start-group -lc -lm -lstdc++ -lsupc++ -Wl,--end-group
Src/TempMes.o:/home/vitlaiy2034/GDrive/Projects/AccurateTempSensor/v0.1beta/Firmware/TempSensorRev1_0/Debug/../Inc/Sleep.h:12: multiple definition of `STIM'
Src/TempMes.o:/home/vitlaiy2034/GDrive/Projects/AccurateTempSensor/v0.1beta/Firmware/TempSensorRev1_0/Debug/../Inc/Sleep.h:12: first defined here
Src/TempMes.o: In function `TIM1_BRK_UP_TRG_COM_IRQHandler':
/home/vitlaiy2034/GDrive/Projects/AccurateTempSensor/v0.1beta/Firmware/TempSensorRev1_0/Debug/../Src/TempMes.cpp:4: multiple definition of `TIM1_BRK_UP_TRG_COM_IRQHandler'
Src/TempMes.o:/home/vitlaiy2034/GDrive/Projects/AccurateTempSensor/v0.1beta/Firmware/TempSensorRev1_0/Debug/../Src/TempMes.cpp:4: first defined here
Src/TempMes.o: In function `Init_Adc()':
/home/vitlaiy2034/GDrive/Projects/AccurateTempSensor/v0.1beta/Firmware/TempSensorRev1_0/Debug/../Src/TempMes.cpp:17: multiple definition of `Init_Adc()'
Src/TempMes.o:/home/vitlaiy2034/GDrive/Projects/AccurateTempSensor/v0.1beta/Firmware/TempSensorRev1_0/Debug/../Src/TempMes.cpp:17: first defined here
Src/TempMes.o: In function `read_Temp(float&)':
/home/vitlaiy2034/GDrive/Projects/AccurateTempSensor/v0.1beta/Firmware/TempSensorRev1_0/Debug/../Src/TempMes.cpp:41: multiple definition of `read_Temp(float&)'
Src/TempMes.o:/home/vitlaiy2034/GDrive/Projects/AccurateTempSensor/v0.1beta/Firmware/TempSensorRev1_0/Debug/../Src/TempMes.cpp:41: first defined here
Src/TempMes.o: In function `Init_Timer()':
/home/vitlaiy2034/GDrive/Projects/AccurateTempSensor/v0.1beta/Firmware/TempSensorRev1_0/Debug/../Src/TempMes.cpp:49: multiple definition of `Init_Timer()'
Src/TempMes.o:/home/vitlaiy2034/GDrive/Projects/AccurateTempSensor/v0.1beta/Firmware/TempSensorRev1_0/Debug/../Src/TempMes.cpp:49: first defined here
Src/main.o: In function `main':
/home/vitlaiy2034/GDrive/Projects/AccurateTempSensor/v0.1beta/Firmware/TempSensorRev1_0/Debug/../Src/main.c:27: undefined reference to `GetThermVolage'
collect2: error: ld returned 1 exit status
make: *** [makefile:57: TempSensorRev1_0.elf] Error 1
"make -j2 all" terminated with exit code 2. Build might be incomplete.
23:53:06 **** Incremental Build of configuration Debug for project TempSensorRev1_0 ****
make -j2 all 
Src/subdir.mk:46: warning: overriding recipe for target 'Src/TempMes.o'
Src/subdir.mk:44: warning: ignoring old recipe for target 'Src/TempMes.o'
arm-none-eabi-g++ "../Src/TempMes.cpp" -mcpu=cortex-m0 -std=gnu++14 -g3 -DSTM32 -DSTM32F0 -DSTM32F030K6Tx -DDEBUG -c -I../Inc -I"/home/vitlaiy2034/GDrive/Projects/AccurateTempSensor/v0.1beta/Firmware/TempSensorRev1_0/CMSIS/Inc" -I"/home/vitlaiy2034/GDrive/Projects/AccurateTempSensor/v0.1beta/Firmware/TempSensorRev1_0/WLib/Inc" -O0 -ffunction-sections -fdata-sections -fno-exceptions -fno-rtti -fno-threadsafe-statics -fno-use-cxa-atexit -Wall -fstack-usage -MMD -MP -MF"Src/TempMes.d" -MT"Src/TempMes.o" --specs=nano.specs -mfloat-abi=soft -mthumb -o "Src/TempMes.o"
arm-none-eabi-gcc "../Src/main.c" -mcpu=cortex-m0 -std=gnu11 -g3 -DSTM32 -DSTM32F0 -DSTM32F030K6Tx -DDEBUG -c -I../Inc -I"/home/vitlaiy2034/GDrive/Projects/AccurateTempSensor/v0.1beta/Firmware/TempSensorRev1_0/CMSIS/Inc" -I"/home/vitlaiy2034/GDrive/Projects/AccurateTempSensor/v0.1beta/Firmware/TempSensorRev1_0/WLib/Inc" -O0 -ffunction-sections -fdata-sections -Wall -fstack-usage -MMD -MP -MF"Src/main.d" -MT"Src/main.o" --specs=nano.specs -mfloat-abi=soft -mthumb -o "Src/main.o"
In file included from ../Src/main.c:11:0:
../Inc/SevSeg.h:20:17: warning: 'ucaComPins' defined but not used [-Wunused-variable]
  static uint8_t ucaComPins[]={7,9,11,0};
                 ^~~~~~~~~~
../Inc/SevSeg.h:19:17: warning: 'ucaSegPins' defined but not used [-Wunused-variable]
  static uint8_t ucaSegPins[]={8,12,5,3,2,10,1,4};
                 ^~~~~~~~~~
arm-none-eabi-g++ -o "TempSensorRev1_0.elf" @"objects.list"   -mcpu=cortex-m0 -T"/home/vitlaiy2034/GDrive/Projects/AccurateTempSensor/v0.1beta/Firmware/TempSensorRev1_0/STM32F030K6TX_FLASH.ld" --specs=nosys.specs -Wl,-Map="TempSensorRev1_0.map" -Wl,--gc-sections -static --specs=nano.specs -mfloat-abi=soft -mthumb -Wl,--start-group -lc -lm -lstdc++ -lsupc++ -Wl,--end-group
Src/TempMes.o:/home/vitlaiy2034/GDrive/Projects/AccurateTempSensor/v0.1beta/Firmware/TempSensorRev1_0/Debug/../Inc/Sleep.h:12: multiple definition of `STIM'
Src/TempMes.o:/home/vitlaiy2034/GDrive/Projects/AccurateTempSensor/v0.1beta/Firmware/TempSensorRev1_0/Debug/../Inc/Sleep.h:12: first defined here
collect2: error: ld returned 1 exit status
make: *** [makefile:57: TempSensorRev1_0.elf] Error 1
"make -j2 all" terminated with exit code 2. Build might be incomplete.
23:54:07 **** Incremental Build of configuration Debug for project TempSensorRev1_0 ****
make -j2 all 
Src/subdir.mk:46: warning: overriding recipe for target 'Src/TempMes.o'
Src/subdir.mk:44: warning: ignoring old recipe for target 'Src/TempMes.o'
arm-none-eabi-gcc "../WLib/Src/Sleep.c" -mcpu=cortex-m0 -std=gnu11 -g3 -DSTM32 -DSTM32F0 -DSTM32F030K6Tx -DDEBUG -c -I../Inc -I"/home/vitlaiy2034/GDrive/Projects/AccurateTempSensor/v0.1beta/Firmware/TempSensorRev1_0/CMSIS/Inc" -I"/home/vitlaiy2034/GDrive/Projects/AccurateTempSensor/v0.1beta/Firmware/TempSensorRev1_0/WLib/Inc" -O0 -ffunction-sections -fdata-sections -Wall -fstack-usage -MMD -MP -MF"WLib/Src/Sleep.d" -MT"WLib/Src/Sleep.o" --specs=nano.specs -mfloat-abi=soft -mthumb -o "WLib/Src/Sleep.o"
arm-none-eabi-gcc "../WLib/Src/WAdc.c" -mcpu=cortex-m0 -std=gnu11 -g3 -DSTM32 -DSTM32F0 -DSTM32F030K6Tx -DDEBUG -c -I../Inc -I"/home/vitlaiy2034/GDrive/Projects/AccurateTempSensor/v0.1beta/Firmware/TempSensorRev1_0/CMSIS/Inc" -I"/home/vitlaiy2034/GDrive/Projects/AccurateTempSensor/v0.1beta/Firmware/TempSensorRev1_0/WLib/Inc" -O0 -ffunction-sections -fdata-sections -Wall -fstack-usage -MMD -MP -MF"WLib/Src/WAdc.d" -MT"WLib/Src/WAdc.o" --specs=nano.specs -mfloat-abi=soft -mthumb -o "WLib/Src/WAdc.o"
arm-none-eabi-gcc "../WLib/Src/WAssert.c" -mcpu=cortex-m0 -std=gnu11 -g3 -DSTM32 -DSTM32F0 -DSTM32F030K6Tx -DDEBUG -c -I../Inc -I"/home/vitlaiy2034/GDrive/Projects/AccurateTempSensor/v0.1beta/Firmware/TempSensorRev1_0/CMSIS/Inc" -I"/home/vitlaiy2034/GDrive/Projects/AccurateTempSensor/v0.1beta/Firmware/TempSensorRev1_0/WLib/Inc" -O0 -ffunction-sections -fdata-sections -Wall -fstack-usage -MMD -MP -MF"WLib/Src/WAssert.d" -MT"WLib/Src/WAssert.o" --specs=nano.specs -mfloat-abi=soft -mthumb -o "WLib/Src/WAssert.o"
arm-none-eabi-gcc "../Src/SevSeg.c" -mcpu=cortex-m0 -std=gnu11 -g3 -DSTM32 -DSTM32F0 -DSTM32F030K6Tx -DDEBUG -c -I../Inc -I"/home/vitlaiy2034/GDrive/Projects/AccurateTempSensor/v0.1beta/Firmware/TempSensorRev1_0/CMSIS/Inc" -I"/home/vitlaiy2034/GDrive/Projects/AccurateTempSensor/v0.1beta/Firmware/TempSensorRev1_0/WLib/Inc" -O0 -ffunction-sections -fdata-sections -Wall -fstack-usage -MMD -MP -MF"Src/SevSeg.d" -MT"Src/SevSeg.o" --specs=nano.specs -mfloat-abi=soft -mthumb -o "Src/SevSeg.o"
In file included from ../WLib/Src/WAssert.c:7:0:
../Inc/SevSeg.h:20:17: warning: 'ucaComPins' defined but not used [-Wunused-variable]
  static uint8_t ucaComPins[]={7,9,11,0};
                 ^~~~~~~~~~
../Inc/SevSeg.h:19:17: warning: 'ucaSegPins' defined but not used [-Wunused-variable]
  static uint8_t ucaSegPins[]={8,12,5,3,2,10,1,4};
                 ^~~~~~~~~~
arm-none-eabi-g++ "../Src/TempMes.cpp" -mcpu=cortex-m0 -std=gnu++14 -g3 -DSTM32 -DSTM32F0 -DSTM32F030K6Tx -DDEBUG -c -I../Inc -I"/home/vitlaiy2034/GDrive/Projects/AccurateTempSensor/v0.1beta/Firmware/TempSensorRev1_0/CMSIS/Inc" -I"/home/vitlaiy2034/GDrive/Projects/AccurateTempSensor/v0.1beta/Firmware/TempSensorRev1_0/WLib/Inc" -O0 -ffunction-sections -fdata-sections -fno-exceptions -fno-rtti -fno-threadsafe-statics -fno-use-cxa-atexit -Wall -fstack-usage -MMD -MP -MF"Src/TempMes.d" -MT"Src/TempMes.o" --specs=nano.specs -mfloat-abi=soft -mthumb -o "Src/TempMes.o"
arm-none-eabi-gcc "../Src/main.c" -mcpu=cortex-m0 -std=gnu11 -g3 -DSTM32 -DSTM32F0 -DSTM32F030K6Tx -DDEBUG -c -I../Inc -I"/home/vitlaiy2034/GDrive/Projects/AccurateTempSensor/v0.1beta/Firmware/TempSensorRev1_0/CMSIS/Inc" -I"/home/vitlaiy2034/GDrive/Projects/AccurateTempSensor/v0.1beta/Firmware/TempSensorRev1_0/WLib/Inc" -O0 -ffunction-sections -fdata-sections -Wall -fstack-usage -MMD -MP -MF"Src/main.d" -MT"Src/main.o" --specs=nano.specs -mfloat-abi=soft -mthumb -o "Src/main.o"
In file included from ../Src/main.c:11:0:
../Inc/SevSeg.h:20:17: warning: 'ucaComPins' defined but not used [-Wunused-variable]
  static uint8_t ucaComPins[]={7,9,11,0};
                 ^~~~~~~~~~
../Inc/SevSeg.h:19:17: warning: 'ucaSegPins' defined but not used [-Wunused-variable]
  static uint8_t ucaSegPins[]={8,12,5,3,2,10,1,4};
                 ^~~~~~~~~~
arm-none-eabi-g++ -o "TempSensorRev1_0.elf" @"objects.list"   -mcpu=cortex-m0 -T"/home/vitlaiy2034/GDrive/Projects/AccurateTempSensor/v0.1beta/Firmware/TempSensorRev1_0/STM32F030K6TX_FLASH.ld" --specs=nosys.specs -Wl,-Map="TempSensorRev1_0.map" -Wl,--gc-sections -static --specs=nano.specs -mfloat-abi=soft -mthumb -Wl,--start-group -lc -lm -lstdc++ -lsupc++ -Wl,--end-group
Src/TempMes.o:/home/vitlaiy2034/GDrive/Projects/AccurateTempSensor/v0.1beta/Firmware/TempSensorRev1_0/WLib/Inc/Sleep.h:12: multiple definition of `STIM'
Src/TempMes.o:/home/vitlaiy2034/GDrive/Projects/AccurateTempSensor/v0.1beta/Firmware/TempSensorRev1_0/WLib/Inc/Sleep.h:12: first defined here
collect2: error: ld returned 1 exit status
make: *** [makefile:57: TempSensorRev1_0.elf] Error 1
"make -j2 all" terminated with exit code 2. Build might be incomplete.
23:55:08 **** Incremental Build of configuration Debug for project TempSensorRev1_0 ****
make -j2 all 
arm-none-eabi-gcc "../Src/TempMes.c" -mcpu=cortex-m0 -std=gnu11 -g3 -DSTM32 -DSTM32F0 -DSTM32F030K6Tx -DDEBUG -c -I../Inc -I"/home/vitlaiy2034/GDrive/Projects/AccurateTempSensor/v0.1beta/Firmware/TempSensorRev1_0/CMSIS/Inc" -I"/home/vitlaiy2034/GDrive/Projects/AccurateTempSensor/v0.1beta/Firmware/TempSensorRev1_0/WLib/Inc" -O0 -ffunction-sections -fdata-sections -Wall -fstack-usage -MMD -MP -MF"Src/TempMes.d" -MT"Src/TempMes.o" --specs=nano.specs -mfloat-abi=soft -mthumb -o "Src/TempMes.o"
arm-none-eabi-g++ -o "TempSensorRev1_0.elf" @"objects.list"   -mcpu=cortex-m0 -T"/home/vitlaiy2034/GDrive/Projects/AccurateTempSensor/v0.1beta/Firmware/TempSensorRev1_0/STM32F030K6TX_FLASH.ld" --specs=nosys.specs -Wl,-Map="TempSensorRev1_0.map" -Wl,--gc-sections -static --specs=nano.specs -mfloat-abi=soft -mthumb -Wl,--start-group -lc -lm -lstdc++ -lsupc++ -Wl,--end-group
Finished building target: TempSensorRev1_0.elf
 
arm-none-eabi-size   TempSensorRev1_0.elf 
arm-none-eabi-objdump -h -S  TempSensorRev1_0.elf  > "TempSensorRev1_0.list"
   text	   data	    bss	    dec	    hex	filename
   5988	     20	   1572	   7580	   1d9c	TempSensorRev1_0.elf
Finished building: default.size.stdout
 
Finished building: TempSensorRev1_0.list
 
23:55:21 **** Incremental Build of configuration Debug for project TempSensorRev1_0 ****
make -j2 all 
arm-none-eabi-size   TempSensorRev1_0.elf 
   text	   data	    bss	    dec	    hex	filename
   5988	     20	   1572	   7580	   1d9c	TempSensorRev1_0.elf
Finished building: default.size.stdout
 
23:55:56 **** Incremental Build of configuration Debug for project TempSensorRev1_0 ****
make -j2 all 
arm-none-eabi-size   TempSensorRev1_0.elf 
   text	   data	    bss	    dec	    hex	filename
   5988	     20	   1572	   7580	   1d9c	TempSensorRev1_0.elf
Finished building: default.size.stdout
 
23:56:19 **** Incremental Build of configuration Debug for project TempSensorRev1_0 ****
make -j2 all 
arm-none-eabi-size   TempSensorRev1_0.elf 
   text	   data	    bss	    dec	    hex	filename
   5988	     20	   1572	   7580	   1d9c	TempSensorRev1_0.elf
Finished building: default.size.stdout
 
23:56:42 **** Incremental Build of configuration Debug for project TempSensorRev1_0 ****
make -j2 all 
arm-none-eabi-size   TempSensorRev1_0.elf 
   text	   data	    bss	    dec	    hex	filename
   5988	     20	   1572	   7580	   1d9c	TempSensorRev1_0.elf
Finished building: default.size.stdout
 
23:57:45 **** Incremental Build of configuration Debug for project TempSensorRev1_0 ****
make -j2 all 
arm-none-eabi-size   TempSensorRev1_0.elf 
   text	   data	    bss	    dec	    hex	filename
   5988	     20	   1572	   7580	   1d9c	TempSensorRev1_0.elf
Finished building: default.size.stdout
 
23:57:51 **** Incremental Build of configuration Debug for project TempSensorRev1_0 ****
make -j2 all 
arm-none-eabi-size   TempSensorRev1_0.elf 
   text	   data	    bss	    dec	    hex	filename
   5988	     20	   1572	   7580	   1d9c	TempSensorRev1_0.elf
Finished building: default.size.stdout
 
23:59:09 **** Incremental Build of configuration Debug for project TempSensorRev1_0 ****
make -j2 all 
arm-none-eabi-size   TempSensorRev1_0.elf 
   text	   data	    bss	    dec	    hex	filename
   5988	     20	   1572	   7580	   1d9c	TempSensorRev1_0.elf
Finished building: default.size.stdout
 
23:59:26 **** Incremental Build of configuration Debug for project TempSensorRev1_0 ****
make -j2 all 
arm-none-eabi-size   TempSensorRev1_0.elf 
   text	   data	    bss	    dec	    hex	filename
   5988	     20	   1572	   7580	   1d9c	TempSensorRev1_0.elf
Finished building: default.size.stdout
 
23:59:54 **** Incremental Build of configuration Debug for project TempSensorRev1_0 ****
make -j2 all 
arm-none-eabi-size   TempSensorRev1_0.elf 
   text	   data	    bss	    dec	    hex	filename
   5988	     20	   1572	   7580	   1d9c	TempSensorRev1_0.elf
Finished building: default.size.stdout
 
00:00:31 **** Incremental Build of configuration Debug for project TempSensorRev1_0 ****
make -j2 all 
arm-none-eabi-size   TempSensorRev1_0.elf 
   text	   data	    bss	    dec	    hex	filename
   5988	     20	   1572	   7580	   1d9c	TempSensorRev1_0.elf
Finished building: default.size.stdout
 
00:01:13 **** Incremental Build of configuration Debug for project TempSensorRev1_0 ****
make -j2 all 
arm-none-eabi-size   TempSensorRev1_0.elf 
   text	   data	    bss	    dec	    hex	filename
   5988	     20	   1572	   7580	   1d9c	TempSensorRev1_0.elf
Finished building: default.size.stdout
 
00:02:29 **** Incremental Build of configuration Debug for project TempSensorRev1_0 ****
make -j2 all 
arm-none-eabi-size   TempSensorRev1_0.elf 
   text	   data	    bss	    dec	    hex	filename
   5988	     20	   1572	   7580	   1d9c	TempSensorRev1_0.elf
Finished building: default.size.stdout
 
05:56:25 **** Incremental Build of configuration Debug for project TempSensorRev1_0 ****
make -j2 all 
arm-none-eabi-gcc "../Src/SevSeg.c" -mcpu=cortex-m0 -std=gnu11 -g3 -DSTM32 -DSTM32F0 -DSTM32F030K6Tx -DDEBUG -c -I../Inc -I"/home/vitlaiy2034/GDrive/Projects/AccurateTempSensor/v0.1beta/Firmware/TempSensorRev1_0/CMSIS/Inc" -I"/home/vitlaiy2034/GDrive/Projects/AccurateTempSensor/v0.1beta/Firmware/TempSensorRev1_0/WLib/Inc" -O0 -ffunction-sections -fdata-sections -Wall -fstack-usage -MMD -MP -MF"Src/SevSeg.d" -MT"Src/SevSeg.o" --specs=nano.specs -mfloat-abi=soft -mthumb -o "Src/SevSeg.o"
arm-none-eabi-g++ -o "TempSensorRev1_0.elf" @"objects.list"   -mcpu=cortex-m0 -T"/home/vitlaiy2034/GDrive/Projects/AccurateTempSensor/v0.1beta/Firmware/TempSensorRev1_0/STM32F030K6TX_FLASH.ld" --specs=nosys.specs -Wl,-Map="TempSensorRev1_0.map" -Wl,--gc-sections -static --specs=nano.specs -mfloat-abi=soft -mthumb -Wl,--start-group -lc -lm -lstdc++ -lsupc++ -Wl,--end-group
Finished building target: TempSensorRev1_0.elf
 
arm-none-eabi-objdump -h -S  TempSensorRev1_0.elf  > "TempSensorRev1_0.list"
arm-none-eabi-size   TempSensorRev1_0.elf 
   text	   data	    bss	    dec	    hex	filename
   5764	     20	   1572	   7356	   1cbc	TempSensorRev1_0.elf
Finished building: default.size.stdout
Finished building: TempSensorRev1_0.list
 
 
05:56:45 **** Incremental Build of configuration Debug for project TempSensorRev1_0 ****
make -j2 all 
arm-none-eabi-size   TempSensorRev1_0.elf 
   text	   data	    bss	    dec	    hex	filename
   5764	     20	   1572	   7356	   1cbc	TempSensorRev1_0.elf
Finished building: default.size.stdout
 
05:57:02 **** Incremental Build of configuration Debug for project TempSensorRev1_0 ****
make -j2 all 
arm-none-eabi-size   TempSensorRev1_0.elf 
   text	   data	    bss	    dec	    hex	filename
   5764	     20	   1572	   7356	   1cbc	TempSensorRev1_0.elf
Finished building: default.size.stdout
 
05:57:34 **** Incremental Build of configuration Debug for project TempSensorRev1_0 ****
make -j2 all 
arm-none-eabi-size   TempSensorRev1_0.elf 
   text	   data	    bss	    dec	    hex	filename
   5764	     20	   1572	   7356	   1cbc	TempSensorRev1_0.elf
Finished building: default.size.stdout
 
05:58:07 **** Incremental Build of configuration Debug for project TempSensorRev1_0 ****
make -j2 all 
arm-none-eabi-size   TempSensorRev1_0.elf 
   text	   data	    bss	    dec	    hex	filename
   5764	     20	   1572	   7356	   1cbc	TempSensorRev1_0.elf
Finished building: default.size.stdout
 
05:58:58 **** Incremental Build of configuration Debug for project TempSensorRev1_0 ****
make -j2 all 
arm-none-eabi-size   TempSensorRev1_0.elf 
   text	   data	    bss	    dec	    hex	filename
   5764	     20	   1572	   7356	   1cbc	TempSensorRev1_0.elf
Finished building: default.size.stdout
 
05:59:17 **** Incremental Build of configuration Debug for project TempSensorRev1_0 ****
make -j2 all 
arm-none-eabi-size   TempSensorRev1_0.elf 
   text	   data	    bss	    dec	    hex	filename
   5764	     20	   1572	   7356	   1cbc	TempSensorRev1_0.elf
Finished building: default.size.stdout
 
05:59:42 **** Incremental Build of configuration Debug for project TempSensorRev1_0 ****
make -j2 all 
arm-none-eabi-size   TempSensorRev1_0.elf 
   text	   data	    bss	    dec	    hex	filename
   5764	     20	   1572	   7356	   1cbc	TempSensorRev1_0.elf
Finished building: default.size.stdout
 
05:59:53 **** Incremental Build of configuration Debug for project TempSensorRev1_0 ****
make -j2 all 
arm-none-eabi-size   TempSensorRev1_0.elf 
   text	   data	    bss	    dec	    hex	filename
   5764	     20	   1572	   7356	   1cbc	TempSensorRev1_0.elf
Finished building: default.size.stdout
 
06:01:50 **** Incremental Build of configuration Debug for project TempSensorRev1_0 ****
make -j2 all 
arm-none-eabi-size   TempSensorRev1_0.elf 
   text	   data	    bss	    dec	    hex	filename
   5764	     20	   1572	   7356	   1cbc	TempSensorRev1_0.elf
Finished building: default.size.stdout
 
07:12:07 **** Build of configuration Debug for project TempSensor2.0 ****
make -j2 all 
arm-none-eabi-gcc "/home/vitlaiy2034/STM32Cube/Repository/STM32Cube_FW_F0_V1.11.0/Drivers/STM32F0xx_HAL_Driver/Src/stm32f0xx_hal.c" -mcpu=cortex-m0 -std=gnu11 -g3 -DUSE_HAL_DRIVER -DSTM32F030x6 -DDEBUG -c -I/home/vitlaiy2034/STM32Cube/Repository/STM32Cube_FW_F0_V1.11.0/Drivers/STM32F0xx_HAL_Driver/Inc/Legacy -I../Core/Inc -I/home/vitlaiy2034/STM32Cube/Repository/STM32Cube_FW_F0_V1.11.0/Drivers/STM32F0xx_HAL_Driver/Inc -I/home/vitlaiy2034/STM32Cube/Repository/STM32Cube_FW_F0_V1.11.0/Drivers/CMSIS/Device/ST/STM32F0xx/Include -I/home/vitlaiy2034/STM32Cube/Repository/STM32Cube_FW_F0_V1.11.0/Drivers/CMSIS/Include -O0 -ffunction-sections -fdata-sections -Wall -fstack-usage -MMD -MP -MF"Drivers/STM32F0xx_HAL_Driver/stm32f0xx_hal.d" -MT"Drivers/STM32F0xx_HAL_Driver/stm32f0xx_hal.o" --specs=nano.specs -mfloat-abi=soft -mthumb -o "Drivers/STM32F0xx_HAL_Driver/stm32f0xx_hal.o"
arm-none-eabi-gcc "/home/vitlaiy2034/STM32Cube/Repository/STM32Cube_FW_F0_V1.11.0/Drivers/STM32F0xx_HAL_Driver/Src/stm32f0xx_hal_cortex.c" -mcpu=cortex-m0 -std=gnu11 -g3 -DUSE_HAL_DRIVER -DSTM32F030x6 -DDEBUG -c -I/home/vitlaiy2034/STM32Cube/Repository/STM32Cube_FW_F0_V1.11.0/Drivers/STM32F0xx_HAL_Driver/Inc/Legacy -I../Core/Inc -I/home/vitlaiy2034/STM32Cube/Repository/STM32Cube_FW_F0_V1.11.0/Drivers/STM32F0xx_HAL_Driver/Inc -I/home/vitlaiy2034/STM32Cube/Repository/STM32Cube_FW_F0_V1.11.0/Drivers/CMSIS/Device/ST/STM32F0xx/Include -I/home/vitlaiy2034/STM32Cube/Repository/STM32Cube_FW_F0_V1.11.0/Drivers/CMSIS/Include -O0 -ffunction-sections -fdata-sections -Wall -fstack-usage -MMD -MP -MF"Drivers/STM32F0xx_HAL_Driver/stm32f0xx_hal_cortex.d" -MT"Drivers/STM32F0xx_HAL_Driver/stm32f0xx_hal_cortex.o" --specs=nano.specs -mfloat-abi=soft -mthumb -o "Drivers/STM32F0xx_HAL_Driver/stm32f0xx_hal_cortex.o"
arm-none-eabi-gcc "/home/vitlaiy2034/STM32Cube/Repository/STM32Cube_FW_F0_V1.11.0/Drivers/STM32F0xx_HAL_Driver/Src/stm32f0xx_hal_dma.c" -mcpu=cortex-m0 -std=gnu11 -g3 -DUSE_HAL_DRIVER -DSTM32F030x6 -DDEBUG -c -I/home/vitlaiy2034/STM32Cube/Repository/STM32Cube_FW_F0_V1.11.0/Drivers/STM32F0xx_HAL_Driver/Inc/Legacy -I../Core/Inc -I/home/vitlaiy2034/STM32Cube/Repository/STM32Cube_FW_F0_V1.11.0/Drivers/STM32F0xx_HAL_Driver/Inc -I/home/vitlaiy2034/STM32Cube/Repository/STM32Cube_FW_F0_V1.11.0/Drivers/CMSIS/Device/ST/STM32F0xx/Include -I/home/vitlaiy2034/STM32Cube/Repository/STM32Cube_FW_F0_V1.11.0/Drivers/CMSIS/Include -O0 -ffunction-sections -fdata-sections -Wall -fstack-usage -MMD -MP -MF"Drivers/STM32F0xx_HAL_Driver/stm32f0xx_hal_dma.d" -MT"Drivers/STM32F0xx_HAL_Driver/stm32f0xx_hal_dma.o" --specs=nano.specs -mfloat-abi=soft -mthumb -o "Drivers/STM32F0xx_HAL_Driver/stm32f0xx_hal_dma.o"
arm-none-eabi-gcc "/home/vitlaiy2034/STM32Cube/Repository/STM32Cube_FW_F0_V1.11.0/Drivers/STM32F0xx_HAL_Driver/Src/stm32f0xx_hal_exti.c" -mcpu=cortex-m0 -std=gnu11 -g3 -DUSE_HAL_DRIVER -DSTM32F030x6 -DDEBUG -c -I/home/vitlaiy2034/STM32Cube/Repository/STM32Cube_FW_F0_V1.11.0/Drivers/STM32F0xx_HAL_Driver/Inc/Legacy -I../Core/Inc -I/home/vitlaiy2034/STM32Cube/Repository/STM32Cube_FW_F0_V1.11.0/Drivers/STM32F0xx_HAL_Driver/Inc -I/home/vitlaiy2034/STM32Cube/Repository/STM32Cube_FW_F0_V1.11.0/Drivers/CMSIS/Device/ST/STM32F0xx/Include -I/home/vitlaiy2034/STM32Cube/Repository/STM32Cube_FW_F0_V1.11.0/Drivers/CMSIS/Include -O0 -ffunction-sections -fdata-sections -Wall -fstack-usage -MMD -MP -MF"Drivers/STM32F0xx_HAL_Driver/stm32f0xx_hal_exti.d" -MT"Drivers/STM32F0xx_HAL_Driver/stm32f0xx_hal_exti.o" --specs=nano.specs -mfloat-abi=soft -mthumb -o "Drivers/STM32F0xx_HAL_Driver/stm32f0xx_hal_exti.o"
arm-none-eabi-gcc "/home/vitlaiy2034/STM32Cube/Repository/STM32Cube_FW_F0_V1.11.0/Drivers/STM32F0xx_HAL_Driver/Src/stm32f0xx_hal_flash.c" -mcpu=cortex-m0 -std=gnu11 -g3 -DUSE_HAL_DRIVER -DSTM32F030x6 -DDEBUG -c -I/home/vitlaiy2034/STM32Cube/Repository/STM32Cube_FW_F0_V1.11.0/Drivers/STM32F0xx_HAL_Driver/Inc/Legacy -I../Core/Inc -I/home/vitlaiy2034/STM32Cube/Repository/STM32Cube_FW_F0_V1.11.0/Drivers/STM32F0xx_HAL_Driver/Inc -I/home/vitlaiy2034/STM32Cube/Repository/STM32Cube_FW_F0_V1.11.0/Drivers/CMSIS/Device/ST/STM32F0xx/Include -I/home/vitlaiy2034/STM32Cube/Repository/STM32Cube_FW_F0_V1.11.0/Drivers/CMSIS/Include -O0 -ffunction-sections -fdata-sections -Wall -fstack-usage -MMD -MP -MF"Drivers/STM32F0xx_HAL_Driver/stm32f0xx_hal_flash.d" -MT"Drivers/STM32F0xx_HAL_Driver/stm32f0xx_hal_flash.o" --specs=nano.specs -mfloat-abi=soft -mthumb -o "Drivers/STM32F0xx_HAL_Driver/stm32f0xx_hal_flash.o"
arm-none-eabi-gcc "/home/vitlaiy2034/STM32Cube/Repository/STM32Cube_FW_F0_V1.11.0/Drivers/STM32F0xx_HAL_Driver/Src/stm32f0xx_hal_flash_ex.c" -mcpu=cortex-m0 -std=gnu11 -g3 -DUSE_HAL_DRIVER -DSTM32F030x6 -DDEBUG -c -I/home/vitlaiy2034/STM32Cube/Repository/STM32Cube_FW_F0_V1.11.0/Drivers/STM32F0xx_HAL_Driver/Inc/Legacy -I../Core/Inc -I/home/vitlaiy2034/STM32Cube/Repository/STM32Cube_FW_F0_V1.11.0/Drivers/STM32F0xx_HAL_Driver/Inc -I/home/vitlaiy2034/STM32Cube/Repository/STM32Cube_FW_F0_V1.11.0/Drivers/CMSIS/Device/ST/STM32F0xx/Include -I/home/vitlaiy2034/STM32Cube/Repository/STM32Cube_FW_F0_V1.11.0/Drivers/CMSIS/Include -O0 -ffunction-sections -fdata-sections -Wall -fstack-usage -MMD -MP -MF"Drivers/STM32F0xx_HAL_Driver/stm32f0xx_hal_flash_ex.d" -MT"Drivers/STM32F0xx_HAL_Driver/stm32f0xx_hal_flash_ex.o" --specs=nano.specs -mfloat-abi=soft -mthumb -o "Drivers/STM32F0xx_HAL_Driver/stm32f0xx_hal_flash_ex.o"
arm-none-eabi-gcc "/home/vitlaiy2034/STM32Cube/Repository/STM32Cube_FW_F0_V1.11.0/Drivers/STM32F0xx_HAL_Driver/Src/stm32f0xx_hal_gpio.c" -mcpu=cortex-m0 -std=gnu11 -g3 -DUSE_HAL_DRIVER -DSTM32F030x6 -DDEBUG -c -I/home/vitlaiy2034/STM32Cube/Repository/STM32Cube_FW_F0_V1.11.0/Drivers/STM32F0xx_HAL_Driver/Inc/Legacy -I../Core/Inc -I/home/vitlaiy2034/STM32Cube/Repository/STM32Cube_FW_F0_V1.11.0/Drivers/STM32F0xx_HAL_Driver/Inc -I/home/vitlaiy2034/STM32Cube/Repository/STM32Cube_FW_F0_V1.11.0/Drivers/CMSIS/Device/ST/STM32F0xx/Include -I/home/vitlaiy2034/STM32Cube/Repository/STM32Cube_FW_F0_V1.11.0/Drivers/CMSIS/Include -O0 -ffunction-sections -fdata-sections -Wall -fstack-usage -MMD -MP -MF"Drivers/STM32F0xx_HAL_Driver/stm32f0xx_hal_gpio.d" -MT"Drivers/STM32F0xx_HAL_Driver/stm32f0xx_hal_gpio.o" --specs=nano.specs -mfloat-abi=soft -mthumb -o "Drivers/STM32F0xx_HAL_Driver/stm32f0xx_hal_gpio.o"
arm-none-eabi-gcc "/home/vitlaiy2034/STM32Cube/Repository/STM32Cube_FW_F0_V1.11.0/Drivers/STM32F0xx_HAL_Driver/Src/stm32f0xx_hal_i2c.c" -mcpu=cortex-m0 -std=gnu11 -g3 -DUSE_HAL_DRIVER -DSTM32F030x6 -DDEBUG -c -I/home/vitlaiy2034/STM32Cube/Repository/STM32Cube_FW_F0_V1.11.0/Drivers/STM32F0xx_HAL_Driver/Inc/Legacy -I../Core/Inc -I/home/vitlaiy2034/STM32Cube/Repository/STM32Cube_FW_F0_V1.11.0/Drivers/STM32F0xx_HAL_Driver/Inc -I/home/vitlaiy2034/STM32Cube/Repository/STM32Cube_FW_F0_V1.11.0/Drivers/CMSIS/Device/ST/STM32F0xx/Include -I/home/vitlaiy2034/STM32Cube/Repository/STM32Cube_FW_F0_V1.11.0/Drivers/CMSIS/Include -O0 -ffunction-sections -fdata-sections -Wall -fstack-usage -MMD -MP -MF"Drivers/STM32F0xx_HAL_Driver/stm32f0xx_hal_i2c.d" -MT"Drivers/STM32F0xx_HAL_Driver/stm32f0xx_hal_i2c.o" --specs=nano.specs -mfloat-abi=soft -mthumb -o "Drivers/STM32F0xx_HAL_Driver/stm32f0xx_hal_i2c.o"
arm-none-eabi-gcc "/home/vitlaiy2034/STM32Cube/Repository/STM32Cube_FW_F0_V1.11.0/Drivers/STM32F0xx_HAL_Driver/Src/stm32f0xx_hal_i2c_ex.c" -mcpu=cortex-m0 -std=gnu11 -g3 -DUSE_HAL_DRIVER -DSTM32F030x6 -DDEBUG -c -I/home/vitlaiy2034/STM32Cube/Repository/STM32Cube_FW_F0_V1.11.0/Drivers/STM32F0xx_HAL_Driver/Inc/Legacy -I../Core/Inc -I/home/vitlaiy2034/STM32Cube/Repository/STM32Cube_FW_F0_V1.11.0/Drivers/STM32F0xx_HAL_Driver/Inc -I/home/vitlaiy2034/STM32Cube/Repository/STM32Cube_FW_F0_V1.11.0/Drivers/CMSIS/Device/ST/STM32F0xx/Include -I/home/vitlaiy2034/STM32Cube/Repository/STM32Cube_FW_F0_V1.11.0/Drivers/CMSIS/Include -O0 -ffunction-sections -fdata-sections -Wall -fstack-usage -MMD -MP -MF"Drivers/STM32F0xx_HAL_Driver/stm32f0xx_hal_i2c_ex.d" -MT"Drivers/STM32F0xx_HAL_Driver/stm32f0xx_hal_i2c_ex.o" --specs=nano.specs -mfloat-abi=soft -mthumb -o "Drivers/STM32F0xx_HAL_Driver/stm32f0xx_hal_i2c_ex.o"
arm-none-eabi-gcc "/home/vitlaiy2034/STM32Cube/Repository/STM32Cube_FW_F0_V1.11.0/Drivers/STM32F0xx_HAL_Driver/Src/stm32f0xx_hal_pwr.c" -mcpu=cortex-m0 -std=gnu11 -g3 -DUSE_HAL_DRIVER -DSTM32F030x6 -DDEBUG -c -I/home/vitlaiy2034/STM32Cube/Repository/STM32Cube_FW_F0_V1.11.0/Drivers/STM32F0xx_HAL_Driver/Inc/Legacy -I../Core/Inc -I/home/vitlaiy2034/STM32Cube/Repository/STM32Cube_FW_F0_V1.11.0/Drivers/STM32F0xx_HAL_Driver/Inc -I/home/vitlaiy2034/STM32Cube/Repository/STM32Cube_FW_F0_V1.11.0/Drivers/CMSIS/Device/ST/STM32F0xx/Include -I/home/vitlaiy2034/STM32Cube/Repository/STM32Cube_FW_F0_V1.11.0/Drivers/CMSIS/Include -O0 -ffunction-sections -fdata-sections -Wall -fstack-usage -MMD -MP -MF"Drivers/STM32F0xx_HAL_Driver/stm32f0xx_hal_pwr.d" -MT"Drivers/STM32F0xx_HAL_Driver/stm32f0xx_hal_pwr.o" --specs=nano.specs -mfloat-abi=soft -mthumb -o "Drivers/STM32F0xx_HAL_Driver/stm32f0xx_hal_pwr.o"
arm-none-eabi-gcc "/home/vitlaiy2034/STM32Cube/Repository/STM32Cube_FW_F0_V1.11.0/Drivers/STM32F0xx_HAL_Driver/Src/stm32f0xx_hal_pwr_ex.c" -mcpu=cortex-m0 -std=gnu11 -g3 -DUSE_HAL_DRIVER -DSTM32F030x6 -DDEBUG -c -I/home/vitlaiy2034/STM32Cube/Repository/STM32Cube_FW_F0_V1.11.0/Drivers/STM32F0xx_HAL_Driver/Inc/Legacy -I../Core/Inc -I/home/vitlaiy2034/STM32Cube/Repository/STM32Cube_FW_F0_V1.11.0/Drivers/STM32F0xx_HAL_Driver/Inc -I/home/vitlaiy2034/STM32Cube/Repository/STM32Cube_FW_F0_V1.11.0/Drivers/CMSIS/Device/ST/STM32F0xx/Include -I/home/vitlaiy2034/STM32Cube/Repository/STM32Cube_FW_F0_V1.11.0/Drivers/CMSIS/Include -O0 -ffunction-sections -fdata-sections -Wall -fstack-usage -MMD -MP -MF"Drivers/STM32F0xx_HAL_Driver/stm32f0xx_hal_pwr_ex.d" -MT"Drivers/STM32F0xx_HAL_Driver/stm32f0xx_hal_pwr_ex.o" --specs=nano.specs -mfloat-abi=soft -mthumb -o "Drivers/STM32F0xx_HAL_Driver/stm32f0xx_hal_pwr_ex.o"
arm-none-eabi-gcc "/home/vitlaiy2034/STM32Cube/Repository/STM32Cube_FW_F0_V1.11.0/Drivers/STM32F0xx_HAL_Driver/Src/stm32f0xx_hal_rcc.c" -mcpu=cortex-m0 -std=gnu11 -g3 -DUSE_HAL_DRIVER -DSTM32F030x6 -DDEBUG -c -I/home/vitlaiy2034/STM32Cube/Repository/STM32Cube_FW_F0_V1.11.0/Drivers/STM32F0xx_HAL_Driver/Inc/Legacy -I../Core/Inc -I/home/vitlaiy2034/STM32Cube/Repository/STM32Cube_FW_F0_V1.11.0/Drivers/STM32F0xx_HAL_Driver/Inc -I/home/vitlaiy2034/STM32Cube/Repository/STM32Cube_FW_F0_V1.11.0/Drivers/CMSIS/Device/ST/STM32F0xx/Include -I/home/vitlaiy2034/STM32Cube/Repository/STM32Cube_FW_F0_V1.11.0/Drivers/CMSIS/Include -O0 -ffunction-sections -fdata-sections -Wall -fstack-usage -MMD -MP -MF"Drivers/STM32F0xx_HAL_Driver/stm32f0xx_hal_rcc.d" -MT"Drivers/STM32F0xx_HAL_Driver/stm32f0xx_hal_rcc.o" --specs=nano.specs -mfloat-abi=soft -mthumb -o "Drivers/STM32F0xx_HAL_Driver/stm32f0xx_hal_rcc.o"
arm-none-eabi-gcc "/home/vitlaiy2034/STM32Cube/Repository/STM32Cube_FW_F0_V1.11.0/Drivers/STM32F0xx_HAL_Driver/Src/stm32f0xx_hal_rcc_ex.c" -mcpu=cortex-m0 -std=gnu11 -g3 -DUSE_HAL_DRIVER -DSTM32F030x6 -DDEBUG -c -I/home/vitlaiy2034/STM32Cube/Repository/STM32Cube_FW_F0_V1.11.0/Drivers/STM32F0xx_HAL_Driver/Inc/Legacy -I../Core/Inc -I/home/vitlaiy2034/STM32Cube/Repository/STM32Cube_FW_F0_V1.11.0/Drivers/STM32F0xx_HAL_Driver/Inc -I/home/vitlaiy2034/STM32Cube/Repository/STM32Cube_FW_F0_V1.11.0/Drivers/CMSIS/Device/ST/STM32F0xx/Include -I/home/vitlaiy2034/STM32Cube/Repository/STM32Cube_FW_F0_V1.11.0/Drivers/CMSIS/Include -O0 -ffunction-sections -fdata-sections -Wall -fstack-usage -MMD -MP -MF"Drivers/STM32F0xx_HAL_Driver/stm32f0xx_hal_rcc_ex.d" -MT"Drivers/STM32F0xx_HAL_Driver/stm32f0xx_hal_rcc_ex.o" --specs=nano.specs -mfloat-abi=soft -mthumb -o "Drivers/STM32F0xx_HAL_Driver/stm32f0xx_hal_rcc_ex.o"
arm-none-eabi-gcc "/home/vitlaiy2034/STM32Cube/Repository/STM32Cube_FW_F0_V1.11.0/Drivers/STM32F0xx_HAL_Driver/Src/stm32f0xx_hal_tim.c" -mcpu=cortex-m0 -std=gnu11 -g3 -DUSE_HAL_DRIVER -DSTM32F030x6 -DDEBUG -c -I/home/vitlaiy2034/STM32Cube/Repository/STM32Cube_FW_F0_V1.11.0/Drivers/STM32F0xx_HAL_Driver/Inc/Legacy -I../Core/Inc -I/home/vitlaiy2034/STM32Cube/Repository/STM32Cube_FW_F0_V1.11.0/Drivers/STM32F0xx_HAL_Driver/Inc -I/home/vitlaiy2034/STM32Cube/Repository/STM32Cube_FW_F0_V1.11.0/Drivers/CMSIS/Device/ST/STM32F0xx/Include -I/home/vitlaiy2034/STM32Cube/Repository/STM32Cube_FW_F0_V1.11.0/Drivers/CMSIS/Include -O0 -ffunction-sections -fdata-sections -Wall -fstack-usage -MMD -MP -MF"Drivers/STM32F0xx_HAL_Driver/stm32f0xx_hal_tim.d" -MT"Drivers/STM32F0xx_HAL_Driver/stm32f0xx_hal_tim.o" --specs=nano.specs -mfloat-abi=soft -mthumb -o "Drivers/STM32F0xx_HAL_Driver/stm32f0xx_hal_tim.o"
arm-none-eabi-gcc "/home/vitlaiy2034/STM32Cube/Repository/STM32Cube_FW_F0_V1.11.0/Drivers/STM32F0xx_HAL_Driver/Src/stm32f0xx_hal_tim_ex.c" -mcpu=cortex-m0 -std=gnu11 -g3 -DUSE_HAL_DRIVER -DSTM32F030x6 -DDEBUG -c -I/home/vitlaiy2034/STM32Cube/Repository/STM32Cube_FW_F0_V1.11.0/Drivers/STM32F0xx_HAL_Driver/Inc/Legacy -I../Core/Inc -I/home/vitlaiy2034/STM32Cube/Repository/STM32Cube_FW_F0_V1.11.0/Drivers/STM32F0xx_HAL_Driver/Inc -I/home/vitlaiy2034/STM32Cube/Repository/STM32Cube_FW_F0_V1.11.0/Drivers/CMSIS/Device/ST/STM32F0xx/Include -I/home/vitlaiy2034/STM32Cube/Repository/STM32Cube_FW_F0_V1.11.0/Drivers/CMSIS/Include -O0 -ffunction-sections -fdata-sections -Wall -fstack-usage -MMD -MP -MF"Drivers/STM32F0xx_HAL_Driver/stm32f0xx_hal_tim_ex.d" -MT"Drivers/STM32F0xx_HAL_Driver/stm32f0xx_hal_tim_ex.o" --specs=nano.specs -mfloat-abi=soft -mthumb -o "Drivers/STM32F0xx_HAL_Driver/stm32f0xx_hal_tim_ex.o"
arm-none-eabi-gcc "/home/vitlaiy2034/STM32Cube/Repository/STM32Cube_FW_F0_V1.11.0/Drivers/STM32F0xx_HAL_Driver/Src/stm32f0xx_hal_uart.c" -mcpu=cortex-m0 -std=gnu11 -g3 -DUSE_HAL_DRIVER -DSTM32F030x6 -DDEBUG -c -I/home/vitlaiy2034/STM32Cube/Repository/STM32Cube_FW_F0_V1.11.0/Drivers/STM32F0xx_HAL_Driver/Inc/Legacy -I../Core/Inc -I/home/vitlaiy2034/STM32Cube/Repository/STM32Cube_FW_F0_V1.11.0/Drivers/STM32F0xx_HAL_Driver/Inc -I/home/vitlaiy2034/STM32Cube/Repository/STM32Cube_FW_F0_V1.11.0/Drivers/CMSIS/Device/ST/STM32F0xx/Include -I/home/vitlaiy2034/STM32Cube/Repository/STM32Cube_FW_F0_V1.11.0/Drivers/CMSIS/Include -O0 -ffunction-sections -fdata-sections -Wall -fstack-usage -MMD -MP -MF"Drivers/STM32F0xx_HAL_Driver/stm32f0xx_hal_uart.d" -MT"Drivers/STM32F0xx_HAL_Driver/stm32f0xx_hal_uart.o" --specs=nano.specs -mfloat-abi=soft -mthumb -o "Drivers/STM32F0xx_HAL_Driver/stm32f0xx_hal_uart.o"
arm-none-eabi-gcc "/home/vitlaiy2034/STM32Cube/Repository/STM32Cube_FW_F0_V1.11.0/Drivers/STM32F0xx_HAL_Driver/Src/stm32f0xx_hal_uart_ex.c" -mcpu=cortex-m0 -std=gnu11 -g3 -DUSE_HAL_DRIVER -DSTM32F030x6 -DDEBUG -c -I/home/vitlaiy2034/STM32Cube/Repository/STM32Cube_FW_F0_V1.11.0/Drivers/STM32F0xx_HAL_Driver/Inc/Legacy -I../Core/Inc -I/home/vitlaiy2034/STM32Cube/Repository/STM32Cube_FW_F0_V1.11.0/Drivers/STM32F0xx_HAL_Driver/Inc -I/home/vitlaiy2034/STM32Cube/Repository/STM32Cube_FW_F0_V1.11.0/Drivers/CMSIS/Device/ST/STM32F0xx/Include -I/home/vitlaiy2034/STM32Cube/Repository/STM32Cube_FW_F0_V1.11.0/Drivers/CMSIS/Include -O0 -ffunction-sections -fdata-sections -Wall -fstack-usage -MMD -MP -MF"Drivers/STM32F0xx_HAL_Driver/stm32f0xx_hal_uart_ex.d" -MT"Drivers/STM32F0xx_HAL_Driver/stm32f0xx_hal_uart_ex.o" --specs=nano.specs -mfloat-abi=soft -mthumb -o "Drivers/STM32F0xx_HAL_Driver/stm32f0xx_hal_uart_ex.o"
arm-none-eabi-gcc -mcpu=cortex-m0 -g3 -c -x assembler-with-cpp --specs=nano.specs -mfloat-abi=soft -mthumb -o "Core/Startup/startup_stm32f030k6tx.o" "../Core/Startup/startup_stm32f030k6tx.s"
arm-none-eabi-gcc "../Core/Src/SevSeg.c" -mcpu=cortex-m0 -std=gnu11 -g3 -DUSE_HAL_DRIVER -DSTM32F030x6 -DDEBUG -c -I/home/vitlaiy2034/STM32Cube/Repository/STM32Cube_FW_F0_V1.11.0/Drivers/STM32F0xx_HAL_Driver/Inc/Legacy -I../Core/Inc -I/home/vitlaiy2034/STM32Cube/Repository/STM32Cube_FW_F0_V1.11.0/Drivers/STM32F0xx_HAL_Driver/Inc -I/home/vitlaiy2034/STM32Cube/Repository/STM32Cube_FW_F0_V1.11.0/Drivers/CMSIS/Device/ST/STM32F0xx/Include -I/home/vitlaiy2034/STM32Cube/Repository/STM32Cube_FW_F0_V1.11.0/Drivers/CMSIS/Include -O0 -ffunction-sections -fdata-sections -Wall -fstack-usage -MMD -MP -MF"Core/Src/SevSeg.d" -MT"Core/Src/SevSeg.o" --specs=nano.specs -mfloat-abi=soft -mthumb -o "Core/Src/SevSeg.o"
arm-none-eabi-gcc "../Core/Src/Sleep.c" -mcpu=cortex-m0 -std=gnu11 -g3 -DUSE_HAL_DRIVER -DSTM32F030x6 -DDEBUG -c -I/home/vitlaiy2034/STM32Cube/Repository/STM32Cube_FW_F0_V1.11.0/Drivers/STM32F0xx_HAL_Driver/Inc/Legacy -I../Core/Inc -I/home/vitlaiy2034/STM32Cube/Repository/STM32Cube_FW_F0_V1.11.0/Drivers/STM32F0xx_HAL_Driver/Inc -I/home/vitlaiy2034/STM32Cube/Repository/STM32Cube_FW_F0_V1.11.0/Drivers/CMSIS/Device/ST/STM32F0xx/Include -I/home/vitlaiy2034/STM32Cube/Repository/STM32Cube_FW_F0_V1.11.0/Drivers/CMSIS/Include -O0 -ffunction-sections -fdata-sections -Wall -fstack-usage -MMD -MP -MF"Core/Src/Sleep.d" -MT"Core/Src/Sleep.o" --specs=nano.specs -mfloat-abi=soft -mthumb -o "Core/Src/Sleep.o"
arm-none-eabi-g++ "../Core/Src/main.cpp" -mcpu=cortex-m0 -std=gnu++14 -g3 -DUSE_HAL_DRIVER -DSTM32F030x6 -DDEBUG -c -I/home/vitlaiy2034/STM32Cube/Repository/STM32Cube_FW_F0_V1.11.0/Drivers/STM32F0xx_HAL_Driver/Inc/Legacy -I../Core/Inc -I/home/vitlaiy2034/STM32Cube/Repository/STM32Cube_FW_F0_V1.11.0/Drivers/STM32F0xx_HAL_Driver/Inc -I/home/vitlaiy2034/STM32Cube/Repository/STM32Cube_FW_F0_V1.11.0/Drivers/CMSIS/Device/ST/STM32F0xx/Include -I/home/vitlaiy2034/STM32Cube/Repository/STM32Cube_FW_F0_V1.11.0/Drivers/CMSIS/Include -O0 -ffunction-sections -fdata-sections -fno-exceptions -fno-rtti -fno-threadsafe-statics -fno-use-cxa-atexit -Wall -fstack-usage -MMD -MP -MF"Core/Src/main.d" -MT"Core/Src/main.o" --specs=nano.specs -mfloat-abi=soft -mthumb -o "Core/Src/main.o"
arm-none-eabi-gcc "../Core/Src/stm32f0xx_hal_msp.c" -mcpu=cortex-m0 -std=gnu11 -g3 -DUSE_HAL_DRIVER -DSTM32F030x6 -DDEBUG -c -I/home/vitlaiy2034/STM32Cube/Repository/STM32Cube_FW_F0_V1.11.0/Drivers/STM32F0xx_HAL_Driver/Inc/Legacy -I../Core/Inc -I/home/vitlaiy2034/STM32Cube/Repository/STM32Cube_FW_F0_V1.11.0/Drivers/STM32F0xx_HAL_Driver/Inc -I/home/vitlaiy2034/STM32Cube/Repository/STM32Cube_FW_F0_V1.11.0/Drivers/CMSIS/Device/ST/STM32F0xx/Include -I/home/vitlaiy2034/STM32Cube/Repository/STM32Cube_FW_F0_V1.11.0/Drivers/CMSIS/Include -O0 -ffunction-sections -fdata-sections -Wall -fstack-usage -MMD -MP -MF"Core/Src/stm32f0xx_hal_msp.d" -MT"Core/Src/stm32f0xx_hal_msp.o" --specs=nano.specs -mfloat-abi=soft -mthumb -o "Core/Src/stm32f0xx_hal_msp.o"
arm-none-eabi-gcc "../Core/Src/stm32f0xx_it.c" -mcpu=cortex-m0 -std=gnu11 -g3 -DUSE_HAL_DRIVER -DSTM32F030x6 -DDEBUG -c -I/home/vitlaiy2034/STM32Cube/Repository/STM32Cube_FW_F0_V1.11.0/Drivers/STM32F0xx_HAL_Driver/Inc/Legacy -I../Core/Inc -I/home/vitlaiy2034/STM32Cube/Repository/STM32Cube_FW_F0_V1.11.0/Drivers/STM32F0xx_HAL_Driver/Inc -I/home/vitlaiy2034/STM32Cube/Repository/STM32Cube_FW_F0_V1.11.0/Drivers/CMSIS/Device/ST/STM32F0xx/Include -I/home/vitlaiy2034/STM32Cube/Repository/STM32Cube_FW_F0_V1.11.0/Drivers/CMSIS/Include -O0 -ffunction-sections -fdata-sections -Wall -fstack-usage -MMD -MP -MF"Core/Src/stm32f0xx_it.d" -MT"Core/Src/stm32f0xx_it.o" --specs=nano.specs -mfloat-abi=soft -mthumb -o "Core/Src/stm32f0xx_it.o"
../Core/Src/main.cpp: In function 'int main()':
../Core/Src/main.cpp:103:48: error: invalid conversion from 'const char*' to 'uint8_t* {aka unsigned char*}' [-fpermissive]
      HAL_UART_Transmit(&huart1, "25.53", 5, 100);
                                                ^
In file included from ../Core/Inc/stm32f0xx_hal_conf.h:285:0,
                 from /home/vitlaiy2034/STM32Cube/Repository/STM32Cube_FW_F0_V1.11.0/Drivers/STM32F0xx_HAL_Driver/Inc/stm32f0xx_hal.h:30,
                 from ../Core/Inc/main.h:31,
                 from ../Core/Src/main.cpp:22:
/home/vitlaiy2034/STM32Cube/Repository/STM32Cube_FW_F0_V1.11.0/Drivers/STM32F0xx_HAL_Driver/Inc/stm32f0xx_hal_uart.h:1431:19: note:   initializing argument 2 of 'HAL_StatusTypeDef HAL_UART_Transmit(UART_HandleTypeDef*, uint8_t*, uint16_t, uint32_t)'
 HAL_StatusTypeDef HAL_UART_Transmit(UART_HandleTypeDef *huart, uint8_t *pData, uint16_t Size, uint32_t Timeout);
                   ^~~~~~~~~~~~~~~~~
In file included from ../Core/Src/main.cpp:23:0:
../Core/Inc/SevSeg.h: At global scope:
../Core/Inc/SevSeg.h:20:17: warning: 'ucaComPins' defined but not used [-Wunused-variable]
  static uint8_t ucaComPins[]={7,9,11,0};
                 ^~~~~~~~~~
../Core/Inc/SevSeg.h:19:17: warning: 'ucaSegPins' defined but not used [-Wunused-variable]
  static uint8_t ucaSegPins[]={8,12,5,3,2,10,1,4};
                 ^~~~~~~~~~
make: *** [Core/Src/subdir.mk:47: Core/Src/main.o] Error 1
make: *** Waiting for unfinished jobs....
"make -j2 all" terminated with exit code 2. Build might be incomplete.
07:13:03 **** Incremental Build of configuration Debug for project TempSensor2.0 ****
make -j2 all 
Core/Src/subdir.mk:51: warning: overriding recipe for target 'Core/Src/main.o'
Core/Src/subdir.mk:49: warning: ignoring old recipe for target 'Core/Src/main.o'
arm-none-eabi-gcc "/home/vitlaiy2034/STM32Cube/Repository/STM32Cube_FW_F0_V1.11.0/Drivers/STM32F0xx_HAL_Driver/Src/stm32f0xx_hal.c" -mcpu=cortex-m0 -std=gnu11 -g3 -DUSE_HAL_DRIVER -DSTM32F030x6 -DDEBUG -c -I/home/vitlaiy2034/STM32Cube/Repository/STM32Cube_FW_F0_V1.11.0/Drivers/STM32F0xx_HAL_Driver/Inc/Legacy -I../Core/Inc -I/home/vitlaiy2034/STM32Cube/Repository/STM32Cube_FW_F0_V1.11.0/Drivers/STM32F0xx_HAL_Driver/Inc -I/home/vitlaiy2034/STM32Cube/Repository/STM32Cube_FW_F0_V1.11.0/Drivers/CMSIS/Device/ST/STM32F0xx/Include -I/home/vitlaiy2034/STM32Cube/Repository/STM32Cube_FW_F0_V1.11.0/Drivers/CMSIS/Include -O0 -ffunction-sections -fdata-sections -Wall -fstack-usage -MMD -MP -MF"Drivers/STM32F0xx_HAL_Driver/stm32f0xx_hal.d" -MT"Drivers/STM32F0xx_HAL_Driver/stm32f0xx_hal.o" --specs=nano.specs -mfloat-abi=soft -mthumb -o "Drivers/STM32F0xx_HAL_Driver/stm32f0xx_hal.o"
arm-none-eabi-gcc "/home/vitlaiy2034/STM32Cube/Repository/STM32Cube_FW_F0_V1.11.0/Drivers/STM32F0xx_HAL_Driver/Src/stm32f0xx_hal_adc.c" -mcpu=cortex-m0 -std=gnu11 -g3 -DUSE_HAL_DRIVER -DSTM32F030x6 -DDEBUG -c -I/home/vitlaiy2034/STM32Cube/Repository/STM32Cube_FW_F0_V1.11.0/Drivers/STM32F0xx_HAL_Driver/Inc/Legacy -I../Core/Inc -I/home/vitlaiy2034/STM32Cube/Repository/STM32Cube_FW_F0_V1.11.0/Drivers/STM32F0xx_HAL_Driver/Inc -I/home/vitlaiy2034/STM32Cube/Repository/STM32Cube_FW_F0_V1.11.0/Drivers/CMSIS/Device/ST/STM32F0xx/Include -I/home/vitlaiy2034/STM32Cube/Repository/STM32Cube_FW_F0_V1.11.0/Drivers/CMSIS/Include -O0 -ffunction-sections -fdata-sections -Wall -fstack-usage -MMD -MP -MF"Drivers/STM32F0xx_HAL_Driver/stm32f0xx_hal_adc.d" -MT"Drivers/STM32F0xx_HAL_Driver/stm32f0xx_hal_adc.o" --specs=nano.specs -mfloat-abi=soft -mthumb -o "Drivers/STM32F0xx_HAL_Driver/stm32f0xx_hal_adc.o"
arm-none-eabi-gcc "/home/vitlaiy2034/STM32Cube/Repository/STM32Cube_FW_F0_V1.11.0/Drivers/STM32F0xx_HAL_Driver/Src/stm32f0xx_hal_adc_ex.c" -mcpu=cortex-m0 -std=gnu11 -g3 -DUSE_HAL_DRIVER -DSTM32F030x6 -DDEBUG -c -I/home/vitlaiy2034/STM32Cube/Repository/STM32Cube_FW_F0_V1.11.0/Drivers/STM32F0xx_HAL_Driver/Inc/Legacy -I../Core/Inc -I/home/vitlaiy2034/STM32Cube/Repository/STM32Cube_FW_F0_V1.11.0/Drivers/STM32F0xx_HAL_Driver/Inc -I/home/vitlaiy2034/STM32Cube/Repository/STM32Cube_FW_F0_V1.11.0/Drivers/CMSIS/Device/ST/STM32F0xx/Include -I/home/vitlaiy2034/STM32Cube/Repository/STM32Cube_FW_F0_V1.11.0/Drivers/CMSIS/Include -O0 -ffunction-sections -fdata-sections -Wall -fstack-usage -MMD -MP -MF"Drivers/STM32F0xx_HAL_Driver/stm32f0xx_hal_adc_ex.d" -MT"Drivers/STM32F0xx_HAL_Driver/stm32f0xx_hal_adc_ex.o" --specs=nano.specs -mfloat-abi=soft -mthumb -o "Drivers/STM32F0xx_HAL_Driver/stm32f0xx_hal_adc_ex.o"
arm-none-eabi-gcc "/home/vitlaiy2034/STM32Cube/Repository/STM32Cube_FW_F0_V1.11.0/Drivers/STM32F0xx_HAL_Driver/Src/stm32f0xx_hal_cortex.c" -mcpu=cortex-m0 -std=gnu11 -g3 -DUSE_HAL_DRIVER -DSTM32F030x6 -DDEBUG -c -I/home/vitlaiy2034/STM32Cube/Repository/STM32Cube_FW_F0_V1.11.0/Drivers/STM32F0xx_HAL_Driver/Inc/Legacy -I../Core/Inc -I/home/vitlaiy2034/STM32Cube/Repository/STM32Cube_FW_F0_V1.11.0/Drivers/STM32F0xx_HAL_Driver/Inc -I/home/vitlaiy2034/STM32Cube/Repository/STM32Cube_FW_F0_V1.11.0/Drivers/CMSIS/Device/ST/STM32F0xx/Include -I/home/vitlaiy2034/STM32Cube/Repository/STM32Cube_FW_F0_V1.11.0/Drivers/CMSIS/Include -O0 -ffunction-sections -fdata-sections -Wall -fstack-usage -MMD -MP -MF"Drivers/STM32F0xx_HAL_Driver/stm32f0xx_hal_cortex.d" -MT"Drivers/STM32F0xx_HAL_Driver/stm32f0xx_hal_cortex.o" --specs=nano.specs -mfloat-abi=soft -mthumb -o "Drivers/STM32F0xx_HAL_Driver/stm32f0xx_hal_cortex.o"
arm-none-eabi-gcc "/home/vitlaiy2034/STM32Cube/Repository/STM32Cube_FW_F0_V1.11.0/Drivers/STM32F0xx_HAL_Driver/Src/stm32f0xx_hal_dma.c" -mcpu=cortex-m0 -std=gnu11 -g3 -DUSE_HAL_DRIVER -DSTM32F030x6 -DDEBUG -c -I/home/vitlaiy2034/STM32Cube/Repository/STM32Cube_FW_F0_V1.11.0/Drivers/STM32F0xx_HAL_Driver/Inc/Legacy -I../Core/Inc -I/home/vitlaiy2034/STM32Cube/Repository/STM32Cube_FW_F0_V1.11.0/Drivers/STM32F0xx_HAL_Driver/Inc -I/home/vitlaiy2034/STM32Cube/Repository/STM32Cube_FW_F0_V1.11.0/Drivers/CMSIS/Device/ST/STM32F0xx/Include -I/home/vitlaiy2034/STM32Cube/Repository/STM32Cube_FW_F0_V1.11.0/Drivers/CMSIS/Include -O0 -ffunction-sections -fdata-sections -Wall -fstack-usage -MMD -MP -MF"Drivers/STM32F0xx_HAL_Driver/stm32f0xx_hal_dma.d" -MT"Drivers/STM32F0xx_HAL_Driver/stm32f0xx_hal_dma.o" --specs=nano.specs -mfloat-abi=soft -mthumb -o "Drivers/STM32F0xx_HAL_Driver/stm32f0xx_hal_dma.o"
arm-none-eabi-gcc "/home/vitlaiy2034/STM32Cube/Repository/STM32Cube_FW_F0_V1.11.0/Drivers/STM32F0xx_HAL_Driver/Src/stm32f0xx_hal_exti.c" -mcpu=cortex-m0 -std=gnu11 -g3 -DUSE_HAL_DRIVER -DSTM32F030x6 -DDEBUG -c -I/home/vitlaiy2034/STM32Cube/Repository/STM32Cube_FW_F0_V1.11.0/Drivers/STM32F0xx_HAL_Driver/Inc/Legacy -I../Core/Inc -I/home/vitlaiy2034/STM32Cube/Repository/STM32Cube_FW_F0_V1.11.0/Drivers/STM32F0xx_HAL_Driver/Inc -I/home/vitlaiy2034/STM32Cube/Repository/STM32Cube_FW_F0_V1.11.0/Drivers/CMSIS/Device/ST/STM32F0xx/Include -I/home/vitlaiy2034/STM32Cube/Repository/STM32Cube_FW_F0_V1.11.0/Drivers/CMSIS/Include -O0 -ffunction-sections -fdata-sections -Wall -fstack-usage -MMD -MP -MF"Drivers/STM32F0xx_HAL_Driver/stm32f0xx_hal_exti.d" -MT"Drivers/STM32F0xx_HAL_Driver/stm32f0xx_hal_exti.o" --specs=nano.specs -mfloat-abi=soft -mthumb -o "Drivers/STM32F0xx_HAL_Driver/stm32f0xx_hal_exti.o"
arm-none-eabi-gcc "/home/vitlaiy2034/STM32Cube/Repository/STM32Cube_FW_F0_V1.11.0/Drivers/STM32F0xx_HAL_Driver/Src/stm32f0xx_hal_flash.c" -mcpu=cortex-m0 -std=gnu11 -g3 -DUSE_HAL_DRIVER -DSTM32F030x6 -DDEBUG -c -I/home/vitlaiy2034/STM32Cube/Repository/STM32Cube_FW_F0_V1.11.0/Drivers/STM32F0xx_HAL_Driver/Inc/Legacy -I../Core/Inc -I/home/vitlaiy2034/STM32Cube/Repository/STM32Cube_FW_F0_V1.11.0/Drivers/STM32F0xx_HAL_Driver/Inc -I/home/vitlaiy2034/STM32Cube/Repository/STM32Cube_FW_F0_V1.11.0/Drivers/CMSIS/Device/ST/STM32F0xx/Include -I/home/vitlaiy2034/STM32Cube/Repository/STM32Cube_FW_F0_V1.11.0/Drivers/CMSIS/Include -O0 -ffunction-sections -fdata-sections -Wall -fstack-usage -MMD -MP -MF"Drivers/STM32F0xx_HAL_Driver/stm32f0xx_hal_flash.d" -MT"Drivers/STM32F0xx_HAL_Driver/stm32f0xx_hal_flash.o" --specs=nano.specs -mfloat-abi=soft -mthumb -o "Drivers/STM32F0xx_HAL_Driver/stm32f0xx_hal_flash.o"
arm-none-eabi-gcc "/home/vitlaiy2034/STM32Cube/Repository/STM32Cube_FW_F0_V1.11.0/Drivers/STM32F0xx_HAL_Driver/Src/stm32f0xx_hal_flash_ex.c" -mcpu=cortex-m0 -std=gnu11 -g3 -DUSE_HAL_DRIVER -DSTM32F030x6 -DDEBUG -c -I/home/vitlaiy2034/STM32Cube/Repository/STM32Cube_FW_F0_V1.11.0/Drivers/STM32F0xx_HAL_Driver/Inc/Legacy -I../Core/Inc -I/home/vitlaiy2034/STM32Cube/Repository/STM32Cube_FW_F0_V1.11.0/Drivers/STM32F0xx_HAL_Driver/Inc -I/home/vitlaiy2034/STM32Cube/Repository/STM32Cube_FW_F0_V1.11.0/Drivers/CMSIS/Device/ST/STM32F0xx/Include -I/home/vitlaiy2034/STM32Cube/Repository/STM32Cube_FW_F0_V1.11.0/Drivers/CMSIS/Include -O0 -ffunction-sections -fdata-sections -Wall -fstack-usage -MMD -MP -MF"Drivers/STM32F0xx_HAL_Driver/stm32f0xx_hal_flash_ex.d" -MT"Drivers/STM32F0xx_HAL_Driver/stm32f0xx_hal_flash_ex.o" --specs=nano.specs -mfloat-abi=soft -mthumb -o "Drivers/STM32F0xx_HAL_Driver/stm32f0xx_hal_flash_ex.o"
arm-none-eabi-gcc "/home/vitlaiy2034/STM32Cube/Repository/STM32Cube_FW_F0_V1.11.0/Drivers/STM32F0xx_HAL_Driver/Src/stm32f0xx_hal_gpio.c" -mcpu=cortex-m0 -std=gnu11 -g3 -DUSE_HAL_DRIVER -DSTM32F030x6 -DDEBUG -c -I/home/vitlaiy2034/STM32Cube/Repository/STM32Cube_FW_F0_V1.11.0/Drivers/STM32F0xx_HAL_Driver/Inc/Legacy -I../Core/Inc -I/home/vitlaiy2034/STM32Cube/Repository/STM32Cube_FW_F0_V1.11.0/Drivers/STM32F0xx_HAL_Driver/Inc -I/home/vitlaiy2034/STM32Cube/Repository/STM32Cube_FW_F0_V1.11.0/Drivers/CMSIS/Device/ST/STM32F0xx/Include -I/home/vitlaiy2034/STM32Cube/Repository/STM32Cube_FW_F0_V1.11.0/Drivers/CMSIS/Include -O0 -ffunction-sections -fdata-sections -Wall -fstack-usage -MMD -MP -MF"Drivers/STM32F0xx_HAL_Driver/stm32f0xx_hal_gpio.d" -MT"Drivers/STM32F0xx_HAL_Driver/stm32f0xx_hal_gpio.o" --specs=nano.specs -mfloat-abi=soft -mthumb -o "Drivers/STM32F0xx_HAL_Driver/stm32f0xx_hal_gpio.o"
arm-none-eabi-gcc "/home/vitlaiy2034/STM32Cube/Repository/STM32Cube_FW_F0_V1.11.0/Drivers/STM32F0xx_HAL_Driver/Src/stm32f0xx_hal_i2c.c" -mcpu=cortex-m0 -std=gnu11 -g3 -DUSE_HAL_DRIVER -DSTM32F030x6 -DDEBUG -c -I/home/vitlaiy2034/STM32Cube/Repository/STM32Cube_FW_F0_V1.11.0/Drivers/STM32F0xx_HAL_Driver/Inc/Legacy -I../Core/Inc -I/home/vitlaiy2034/STM32Cube/Repository/STM32Cube_FW_F0_V1.11.0/Drivers/STM32F0xx_HAL_Driver/Inc -I/home/vitlaiy2034/STM32Cube/Repository/STM32Cube_FW_F0_V1.11.0/Drivers/CMSIS/Device/ST/STM32F0xx/Include -I/home/vitlaiy2034/STM32Cube/Repository/STM32Cube_FW_F0_V1.11.0/Drivers/CMSIS/Include -O0 -ffunction-sections -fdata-sections -Wall -fstack-usage -MMD -MP -MF"Drivers/STM32F0xx_HAL_Driver/stm32f0xx_hal_i2c.d" -MT"Drivers/STM32F0xx_HAL_Driver/stm32f0xx_hal_i2c.o" --specs=nano.specs -mfloat-abi=soft -mthumb -o "Drivers/STM32F0xx_HAL_Driver/stm32f0xx_hal_i2c.o"
arm-none-eabi-gcc "/home/vitlaiy2034/STM32Cube/Repository/STM32Cube_FW_F0_V1.11.0/Drivers/STM32F0xx_HAL_Driver/Src/stm32f0xx_hal_i2c_ex.c" -mcpu=cortex-m0 -std=gnu11 -g3 -DUSE_HAL_DRIVER -DSTM32F030x6 -DDEBUG -c -I/home/vitlaiy2034/STM32Cube/Repository/STM32Cube_FW_F0_V1.11.0/Drivers/STM32F0xx_HAL_Driver/Inc/Legacy -I../Core/Inc -I/home/vitlaiy2034/STM32Cube/Repository/STM32Cube_FW_F0_V1.11.0/Drivers/STM32F0xx_HAL_Driver/Inc -I/home/vitlaiy2034/STM32Cube/Repository/STM32Cube_FW_F0_V1.11.0/Drivers/CMSIS/Device/ST/STM32F0xx/Include -I/home/vitlaiy2034/STM32Cube/Repository/STM32Cube_FW_F0_V1.11.0/Drivers/CMSIS/Include -O0 -ffunction-sections -fdata-sections -Wall -fstack-usage -MMD -MP -MF"Drivers/STM32F0xx_HAL_Driver/stm32f0xx_hal_i2c_ex.d" -MT"Drivers/STM32F0xx_HAL_Driver/stm32f0xx_hal_i2c_ex.o" --specs=nano.specs -mfloat-abi=soft -mthumb -o "Drivers/STM32F0xx_HAL_Driver/stm32f0xx_hal_i2c_ex.o"
arm-none-eabi-gcc "/home/vitlaiy2034/STM32Cube/Repository/STM32Cube_FW_F0_V1.11.0/Drivers/STM32F0xx_HAL_Driver/Src/stm32f0xx_hal_pwr.c" -mcpu=cortex-m0 -std=gnu11 -g3 -DUSE_HAL_DRIVER -DSTM32F030x6 -DDEBUG -c -I/home/vitlaiy2034/STM32Cube/Repository/STM32Cube_FW_F0_V1.11.0/Drivers/STM32F0xx_HAL_Driver/Inc/Legacy -I../Core/Inc -I/home/vitlaiy2034/STM32Cube/Repository/STM32Cube_FW_F0_V1.11.0/Drivers/STM32F0xx_HAL_Driver/Inc -I/home/vitlaiy2034/STM32Cube/Repository/STM32Cube_FW_F0_V1.11.0/Drivers/CMSIS/Device/ST/STM32F0xx/Include -I/home/vitlaiy2034/STM32Cube/Repository/STM32Cube_FW_F0_V1.11.0/Drivers/CMSIS/Include -O0 -ffunction-sections -fdata-sections -Wall -fstack-usage -MMD -MP -MF"Drivers/STM32F0xx_HAL_Driver/stm32f0xx_hal_pwr.d" -MT"Drivers/STM32F0xx_HAL_Driver/stm32f0xx_hal_pwr.o" --specs=nano.specs -mfloat-abi=soft -mthumb -o "Drivers/STM32F0xx_HAL_Driver/stm32f0xx_hal_pwr.o"
arm-none-eabi-gcc "/home/vitlaiy2034/STM32Cube/Repository/STM32Cube_FW_F0_V1.11.0/Drivers/STM32F0xx_HAL_Driver/Src/stm32f0xx_hal_pwr_ex.c" -mcpu=cortex-m0 -std=gnu11 -g3 -DUSE_HAL_DRIVER -DSTM32F030x6 -DDEBUG -c -I/home/vitlaiy2034/STM32Cube/Repository/STM32Cube_FW_F0_V1.11.0/Drivers/STM32F0xx_HAL_Driver/Inc/Legacy -I../Core/Inc -I/home/vitlaiy2034/STM32Cube/Repository/STM32Cube_FW_F0_V1.11.0/Drivers/STM32F0xx_HAL_Driver/Inc -I/home/vitlaiy2034/STM32Cube/Repository/STM32Cube_FW_F0_V1.11.0/Drivers/CMSIS/Device/ST/STM32F0xx/Include -I/home/vitlaiy2034/STM32Cube/Repository/STM32Cube_FW_F0_V1.11.0/Drivers/CMSIS/Include -O0 -ffunction-sections -fdata-sections -Wall -fstack-usage -MMD -MP -MF"Drivers/STM32F0xx_HAL_Driver/stm32f0xx_hal_pwr_ex.d" -MT"Drivers/STM32F0xx_HAL_Driver/stm32f0xx_hal_pwr_ex.o" --specs=nano.specs -mfloat-abi=soft -mthumb -o "Drivers/STM32F0xx_HAL_Driver/stm32f0xx_hal_pwr_ex.o"
arm-none-eabi-gcc "/home/vitlaiy2034/STM32Cube/Repository/STM32Cube_FW_F0_V1.11.0/Drivers/STM32F0xx_HAL_Driver/Src/stm32f0xx_hal_rcc.c" -mcpu=cortex-m0 -std=gnu11 -g3 -DUSE_HAL_DRIVER -DSTM32F030x6 -DDEBUG -c -I/home/vitlaiy2034/STM32Cube/Repository/STM32Cube_FW_F0_V1.11.0/Drivers/STM32F0xx_HAL_Driver/Inc/Legacy -I../Core/Inc -I/home/vitlaiy2034/STM32Cube/Repository/STM32Cube_FW_F0_V1.11.0/Drivers/STM32F0xx_HAL_Driver/Inc -I/home/vitlaiy2034/STM32Cube/Repository/STM32Cube_FW_F0_V1.11.0/Drivers/CMSIS/Device/ST/STM32F0xx/Include -I/home/vitlaiy2034/STM32Cube/Repository/STM32Cube_FW_F0_V1.11.0/Drivers/CMSIS/Include -O0 -ffunction-sections -fdata-sections -Wall -fstack-usage -MMD -MP -MF"Drivers/STM32F0xx_HAL_Driver/stm32f0xx_hal_rcc.d" -MT"Drivers/STM32F0xx_HAL_Driver/stm32f0xx_hal_rcc.o" --specs=nano.specs -mfloat-abi=soft -mthumb -o "Drivers/STM32F0xx_HAL_Driver/stm32f0xx_hal_rcc.o"
arm-none-eabi-gcc "/home/vitlaiy2034/STM32Cube/Repository/STM32Cube_FW_F0_V1.11.0/Drivers/STM32F0xx_HAL_Driver/Src/stm32f0xx_hal_rcc_ex.c" -mcpu=cortex-m0 -std=gnu11 -g3 -DUSE_HAL_DRIVER -DSTM32F030x6 -DDEBUG -c -I/home/vitlaiy2034/STM32Cube/Repository/STM32Cube_FW_F0_V1.11.0/Drivers/STM32F0xx_HAL_Driver/Inc/Legacy -I../Core/Inc -I/home/vitlaiy2034/STM32Cube/Repository/STM32Cube_FW_F0_V1.11.0/Drivers/STM32F0xx_HAL_Driver/Inc -I/home/vitlaiy2034/STM32Cube/Repository/STM32Cube_FW_F0_V1.11.0/Drivers/CMSIS/Device/ST/STM32F0xx/Include -I/home/vitlaiy2034/STM32Cube/Repository/STM32Cube_FW_F0_V1.11.0/Drivers/CMSIS/Include -O0 -ffunction-sections -fdata-sections -Wall -fstack-usage -MMD -MP -MF"Drivers/STM32F0xx_HAL_Driver/stm32f0xx_hal_rcc_ex.d" -MT"Drivers/STM32F0xx_HAL_Driver/stm32f0xx_hal_rcc_ex.o" --specs=nano.specs -mfloat-abi=soft -mthumb -o "Drivers/STM32F0xx_HAL_Driver/stm32f0xx_hal_rcc_ex.o"
arm-none-eabi-gcc "/home/vitlaiy2034/STM32Cube/Repository/STM32Cube_FW_F0_V1.11.0/Drivers/STM32F0xx_HAL_Driver/Src/stm32f0xx_hal_tim.c" -mcpu=cortex-m0 -std=gnu11 -g3 -DUSE_HAL_DRIVER -DSTM32F030x6 -DDEBUG -c -I/home/vitlaiy2034/STM32Cube/Repository/STM32Cube_FW_F0_V1.11.0/Drivers/STM32F0xx_HAL_Driver/Inc/Legacy -I../Core/Inc -I/home/vitlaiy2034/STM32Cube/Repository/STM32Cube_FW_F0_V1.11.0/Drivers/STM32F0xx_HAL_Driver/Inc -I/home/vitlaiy2034/STM32Cube/Repository/STM32Cube_FW_F0_V1.11.0/Drivers/CMSIS/Device/ST/STM32F0xx/Include -I/home/vitlaiy2034/STM32Cube/Repository/STM32Cube_FW_F0_V1.11.0/Drivers/CMSIS/Include -O0 -ffunction-sections -fdata-sections -Wall -fstack-usage -MMD -MP -MF"Drivers/STM32F0xx_HAL_Driver/stm32f0xx_hal_tim.d" -MT"Drivers/STM32F0xx_HAL_Driver/stm32f0xx_hal_tim.o" --specs=nano.specs -mfloat-abi=soft -mthumb -o "Drivers/STM32F0xx_HAL_Driver/stm32f0xx_hal_tim.o"
arm-none-eabi-gcc "/home/vitlaiy2034/STM32Cube/Repository/STM32Cube_FW_F0_V1.11.0/Drivers/STM32F0xx_HAL_Driver/Src/stm32f0xx_hal_tim_ex.c" -mcpu=cortex-m0 -std=gnu11 -g3 -DUSE_HAL_DRIVER -DSTM32F030x6 -DDEBUG -c -I/home/vitlaiy2034/STM32Cube/Repository/STM32Cube_FW_F0_V1.11.0/Drivers/STM32F0xx_HAL_Driver/Inc/Legacy -I../Core/Inc -I/home/vitlaiy2034/STM32Cube/Repository/STM32Cube_FW_F0_V1.11.0/Drivers/STM32F0xx_HAL_Driver/Inc -I/home/vitlaiy2034/STM32Cube/Repository/STM32Cube_FW_F0_V1.11.0/Drivers/CMSIS/Device/ST/STM32F0xx/Include -I/home/vitlaiy2034/STM32Cube/Repository/STM32Cube_FW_F0_V1.11.0/Drivers/CMSIS/Include -O0 -ffunction-sections -fdata-sections -Wall -fstack-usage -MMD -MP -MF"Drivers/STM32F0xx_HAL_Driver/stm32f0xx_hal_tim_ex.d" -MT"Drivers/STM32F0xx_HAL_Driver/stm32f0xx_hal_tim_ex.o" --specs=nano.specs -mfloat-abi=soft -mthumb -o "Drivers/STM32F0xx_HAL_Driver/stm32f0xx_hal_tim_ex.o"
arm-none-eabi-gcc "/home/vitlaiy2034/STM32Cube/Repository/STM32Cube_FW_F0_V1.11.0/Drivers/STM32F0xx_HAL_Driver/Src/stm32f0xx_hal_uart.c" -mcpu=cortex-m0 -std=gnu11 -g3 -DUSE_HAL_DRIVER -DSTM32F030x6 -DDEBUG -c -I/home/vitlaiy2034/STM32Cube/Repository/STM32Cube_FW_F0_V1.11.0/Drivers/STM32F0xx_HAL_Driver/Inc/Legacy -I../Core/Inc -I/home/vitlaiy2034/STM32Cube/Repository/STM32Cube_FW_F0_V1.11.0/Drivers/STM32F0xx_HAL_Driver/Inc -I/home/vitlaiy2034/STM32Cube/Repository/STM32Cube_FW_F0_V1.11.0/Drivers/CMSIS/Device/ST/STM32F0xx/Include -I/home/vitlaiy2034/STM32Cube/Repository/STM32Cube_FW_F0_V1.11.0/Drivers/CMSIS/Include -O0 -ffunction-sections -fdata-sections -Wall -fstack-usage -MMD -MP -MF"Drivers/STM32F0xx_HAL_Driver/stm32f0xx_hal_uart.d" -MT"Drivers/STM32F0xx_HAL_Driver/stm32f0xx_hal_uart.o" --specs=nano.specs -mfloat-abi=soft -mthumb -o "Drivers/STM32F0xx_HAL_Driver/stm32f0xx_hal_uart.o"
arm-none-eabi-gcc "/home/vitlaiy2034/STM32Cube/Repository/STM32Cube_FW_F0_V1.11.0/Drivers/STM32F0xx_HAL_Driver/Src/stm32f0xx_hal_uart_ex.c" -mcpu=cortex-m0 -std=gnu11 -g3 -DUSE_HAL_DRIVER -DSTM32F030x6 -DDEBUG -c -I/home/vitlaiy2034/STM32Cube/Repository/STM32Cube_FW_F0_V1.11.0/Drivers/STM32F0xx_HAL_Driver/Inc/Legacy -I../Core/Inc -I/home/vitlaiy2034/STM32Cube/Repository/STM32Cube_FW_F0_V1.11.0/Drivers/STM32F0xx_HAL_Driver/Inc -I/home/vitlaiy2034/STM32Cube/Repository/STM32Cube_FW_F0_V1.11.0/Drivers/CMSIS/Device/ST/STM32F0xx/Include -I/home/vitlaiy2034/STM32Cube/Repository/STM32Cube_FW_F0_V1.11.0/Drivers/CMSIS/Include -O0 -ffunction-sections -fdata-sections -Wall -fstack-usage -MMD -MP -MF"Drivers/STM32F0xx_HAL_Driver/stm32f0xx_hal_uart_ex.d" -MT"Drivers/STM32F0xx_HAL_Driver/stm32f0xx_hal_uart_ex.o" --specs=nano.specs -mfloat-abi=soft -mthumb -o "Drivers/STM32F0xx_HAL_Driver/stm32f0xx_hal_uart_ex.o"
arm-none-eabi-g++ "../Core/Src/main.cpp" -mcpu=cortex-m0 -std=gnu++14 -g3 -DUSE_HAL_DRIVER -DSTM32F030x6 -DDEBUG -c -I/home/vitlaiy2034/STM32Cube/Repository/STM32Cube_FW_F0_V1.11.0/Drivers/STM32F0xx_HAL_Driver/Inc/Legacy -I../Core/Inc -I/home/vitlaiy2034/STM32Cube/Repository/STM32Cube_FW_F0_V1.11.0/Drivers/STM32F0xx_HAL_Driver/Inc -I/home/vitlaiy2034/STM32Cube/Repository/STM32Cube_FW_F0_V1.11.0/Drivers/CMSIS/Device/ST/STM32F0xx/Include -I/home/vitlaiy2034/STM32Cube/Repository/STM32Cube_FW_F0_V1.11.0/Drivers/CMSIS/Include -O0 -ffunction-sections -fdata-sections -fno-exceptions -fno-rtti -fno-threadsafe-statics -fno-use-cxa-atexit -Wall -fstack-usage -MMD -MP -MF"Core/Src/main.d" -MT"Core/Src/main.o" --specs=nano.specs -mfloat-abi=soft -mthumb -o "Core/Src/main.o"
arm-none-eabi-gcc "../Core/Src/stm32f0xx_hal_msp.c" -mcpu=cortex-m0 -std=gnu11 -g3 -DUSE_HAL_DRIVER -DSTM32F030x6 -DDEBUG -c -I/home/vitlaiy2034/STM32Cube/Repository/STM32Cube_FW_F0_V1.11.0/Drivers/STM32F0xx_HAL_Driver/Inc/Legacy -I../Core/Inc -I/home/vitlaiy2034/STM32Cube/Repository/STM32Cube_FW_F0_V1.11.0/Drivers/STM32F0xx_HAL_Driver/Inc -I/home/vitlaiy2034/STM32Cube/Repository/STM32Cube_FW_F0_V1.11.0/Drivers/CMSIS/Device/ST/STM32F0xx/Include -I/home/vitlaiy2034/STM32Cube/Repository/STM32Cube_FW_F0_V1.11.0/Drivers/CMSIS/Include -O0 -ffunction-sections -fdata-sections -Wall -fstack-usage -MMD -MP -MF"Core/Src/stm32f0xx_hal_msp.d" -MT"Core/Src/stm32f0xx_hal_msp.o" --specs=nano.specs -mfloat-abi=soft -mthumb -o "Core/Src/stm32f0xx_hal_msp.o"
../Core/Src/main.cpp: In function 'int main()':
../Core/Src/main.cpp:103:48: error: invalid conversion from 'const char*' to 'uint8_t* {aka unsigned char*}' [-fpermissive]
      HAL_UART_Transmit(&huart1, "25.53", 6, 100);
                                                ^
In file included from ../Core/Inc/stm32f0xx_hal_conf.h:285:0,
                 from /home/vitlaiy2034/STM32Cube/Repository/STM32Cube_FW_F0_V1.11.0/Drivers/STM32F0xx_HAL_Driver/Inc/stm32f0xx_hal.h:30,
                 from ../Core/Inc/main.h:31,
                 from ../Core/Src/main.cpp:22:
/home/vitlaiy2034/STM32Cube/Repository/STM32Cube_FW_F0_V1.11.0/Drivers/STM32F0xx_HAL_Driver/Inc/stm32f0xx_hal_uart.h:1431:19: note:   initializing argument 2 of 'HAL_StatusTypeDef HAL_UART_Transmit(UART_HandleTypeDef*, uint8_t*, uint16_t, uint32_t)'
 HAL_StatusTypeDef HAL_UART_Transmit(UART_HandleTypeDef *huart, uint8_t *pData, uint16_t Size, uint32_t Timeout);
                   ^~~~~~~~~~~~~~~~~
../Core/Src/main.cpp:105:33: error: 'count' was not declared in this scope
      ShowDgt_SevSeg(25.53, 100, count)
                                 ^~~~~
../Core/Src/main.cpp:105:33: note: suggested alternative: 'round'
      ShowDgt_SevSeg(25.53, 100, count)
                                 ^~~~~
                                 round
In file included from ../Core/Src/main.cpp:23:0:
../Core/Inc/SevSeg.h: At global scope:
../Core/Inc/SevSeg.h:20:17: warning: 'ucaComPins' defined but not used [-Wunused-variable]
  static uint8_t ucaComPins[]={7,9,11,0};
                 ^~~~~~~~~~
../Core/Inc/SevSeg.h:19:17: warning: 'ucaSegPins' defined but not used [-Wunused-variable]
  static uint8_t ucaSegPins[]={8,12,5,3,2,10,1,4};
                 ^~~~~~~~~~
make: *** [Core/Src/subdir.mk:51: Core/Src/main.o] Error 1
make: *** Waiting for unfinished jobs....
"make -j2 all" terminated with exit code 2. Build might be incomplete.
07:13:18 **** Incremental Build of configuration Debug for project TempSensorRev1_0 ****
make -j2 all 
arm-none-eabi-size   TempSensorRev1_0.elf 
   text	   data	    bss	    dec	    hex	filename
   5764	     20	   1572	   7356	   1cbc	TempSensorRev1_0.elf
Finished building: default.size.stdout
 
07:14:31 **** Incremental Build of configuration Debug for project TempSensor2.0 ****
make -j2 all 
arm-none-eabi-g++ "../Core/Src/main.cpp" -mcpu=cortex-m0 -std=gnu++14 -g3 -DUSE_HAL_DRIVER -DSTM32F030x6 -DDEBUG -c -I/home/vitlaiy2034/STM32Cube/Repository/STM32Cube_FW_F0_V1.11.0/Drivers/STM32F0xx_HAL_Driver/Inc/Legacy -I../Core/Inc -I/home/vitlaiy2034/STM32Cube/Repository/STM32Cube_FW_F0_V1.11.0/Drivers/STM32F0xx_HAL_Driver/Inc -I/home/vitlaiy2034/STM32Cube/Repository/STM32Cube_FW_F0_V1.11.0/Drivers/CMSIS/Device/ST/STM32F0xx/Include -I/home/vitlaiy2034/STM32Cube/Repository/STM32Cube_FW_F0_V1.11.0/Drivers/CMSIS/Include -O0 -ffunction-sections -fdata-sections -fno-exceptions -fno-rtti -fno-threadsafe-statics -fno-use-cxa-atexit -Wall -fstack-usage -MMD -MP -MF"Core/Src/main.d" -MT"Core/Src/main.o" --specs=nano.specs -mfloat-abi=soft -mthumb -o "Core/Src/main.o"
arm-none-eabi-gcc "../Core/Src/stm32f0xx_it.c" -mcpu=cortex-m0 -std=gnu11 -g3 -DUSE_HAL_DRIVER -DSTM32F030x6 -DDEBUG -c -I/home/vitlaiy2034/STM32Cube/Repository/STM32Cube_FW_F0_V1.11.0/Drivers/STM32F0xx_HAL_Driver/Inc/Legacy -I../Core/Inc -I/home/vitlaiy2034/STM32Cube/Repository/STM32Cube_FW_F0_V1.11.0/Drivers/STM32F0xx_HAL_Driver/Inc -I/home/vitlaiy2034/STM32Cube/Repository/STM32Cube_FW_F0_V1.11.0/Drivers/CMSIS/Device/ST/STM32F0xx/Include -I/home/vitlaiy2034/STM32Cube/Repository/STM32Cube_FW_F0_V1.11.0/Drivers/CMSIS/Include -O0 -ffunction-sections -fdata-sections -Wall -fstack-usage -MMD -MP -MF"Core/Src/stm32f0xx_it.d" -MT"Core/Src/stm32f0xx_it.o" --specs=nano.specs -mfloat-abi=soft -mthumb -o "Core/Src/stm32f0xx_it.o"
../Core/Src/main.cpp: In function 'int main()':
../Core/Src/main.cpp:103:48: error: invalid conversion from 'const char*' to 'uint8_t* {aka unsigned char*}' [-fpermissive]
      HAL_UART_Transmit(&huart1, "25.53", 6, 100);
                                                ^
In file included from ../Core/Inc/stm32f0xx_hal_conf.h:285:0,
                 from /home/vitlaiy2034/STM32Cube/Repository/STM32Cube_FW_F0_V1.11.0/Drivers/STM32F0xx_HAL_Driver/Inc/stm32f0xx_hal.h:30,
                 from ../Core/Inc/main.h:31,
                 from ../Core/Src/main.cpp:22:
/home/vitlaiy2034/STM32Cube/Repository/STM32Cube_FW_F0_V1.11.0/Drivers/STM32F0xx_HAL_Driver/Inc/stm32f0xx_hal_uart.h:1431:19: note:   initializing argument 2 of 'HAL_StatusTypeDef HAL_UART_Transmit(UART_HandleTypeDef*, uint8_t*, uint16_t, uint32_t)'
 HAL_StatusTypeDef HAL_UART_Transmit(UART_HandleTypeDef *huart, uint8_t *pData, uint16_t Size, uint32_t Timeout);
                   ^~~~~~~~~~~~~~~~~
In file included from ../Core/Src/main.cpp:23:0:
../Core/Inc/SevSeg.h: At global scope:
../Core/Inc/SevSeg.h:20:17: warning: 'ucaComPins' defined but not used [-Wunused-variable]
  static uint8_t ucaComPins[]={7,9,11,0};
                 ^~~~~~~~~~
../Core/Inc/SevSeg.h:19:17: warning: 'ucaSegPins' defined but not used [-Wunused-variable]
  static uint8_t ucaSegPins[]={8,12,5,3,2,10,1,4};
                 ^~~~~~~~~~
make: *** [Core/Src/subdir.mk:47: Core/Src/main.o] Error 1
make: *** Waiting for unfinished jobs....
"make -j2 all" terminated with exit code 2. Build might be incomplete.
07:14:33 **** Incremental Build of configuration Debug for project TempSensorRev1_0 ****
make -j2 all 
arm-none-eabi-size   TempSensorRev1_0.elf 
   text	   data	    bss	    dec	    hex	filename
   5764	     20	   1572	   7356	   1cbc	TempSensorRev1_0.elf
Finished building: default.size.stdout
 
07:23:11 **** Incremental Build of configuration Debug for project TempSensor2.0 ****
make -j2 all 
arm-none-eabi-g++ "../Core/Src/main.cpp" -mcpu=cortex-m0 -std=gnu++14 -g3 -DUSE_HAL_DRIVER -DSTM32F030x6 -DDEBUG -c -I/home/vitlaiy2034/STM32Cube/Repository/STM32Cube_FW_F0_V1.11.0/Drivers/STM32F0xx_HAL_Driver/Inc/Legacy -I../Core/Inc -I/home/vitlaiy2034/STM32Cube/Repository/STM32Cube_FW_F0_V1.11.0/Drivers/STM32F0xx_HAL_Driver/Inc -I/home/vitlaiy2034/STM32Cube/Repository/STM32Cube_FW_F0_V1.11.0/Drivers/CMSIS/Device/ST/STM32F0xx/Include -I/home/vitlaiy2034/STM32Cube/Repository/STM32Cube_FW_F0_V1.11.0/Drivers/CMSIS/Include -O0 -ffunction-sections -fdata-sections -fno-exceptions -fno-rtti -fno-threadsafe-statics -fno-use-cxa-atexit -Wall -fstack-usage -MMD -MP -MF"Core/Src/main.d" -MT"Core/Src/main.o" --specs=nano.specs -mfloat-abi=soft -mthumb -o "Core/Src/main.o"
arm-none-eabi-gcc "../Core/Src/syscalls.c" -mcpu=cortex-m0 -std=gnu11 -g3 -DUSE_HAL_DRIVER -DSTM32F030x6 -DDEBUG -c -I/home/vitlaiy2034/STM32Cube/Repository/STM32Cube_FW_F0_V1.11.0/Drivers/STM32F0xx_HAL_Driver/Inc/Legacy -I../Core/Inc -I/home/vitlaiy2034/STM32Cube/Repository/STM32Cube_FW_F0_V1.11.0/Drivers/STM32F0xx_HAL_Driver/Inc -I/home/vitlaiy2034/STM32Cube/Repository/STM32Cube_FW_F0_V1.11.0/Drivers/CMSIS/Device/ST/STM32F0xx/Include -I/home/vitlaiy2034/STM32Cube/Repository/STM32Cube_FW_F0_V1.11.0/Drivers/CMSIS/Include -O0 -ffunction-sections -fdata-sections -Wall -fstack-usage -MMD -MP -MF"Core/Src/syscalls.d" -MT"Core/Src/syscalls.o" --specs=nano.specs -mfloat-abi=soft -mthumb -o "Core/Src/syscalls.o"
arm-none-eabi-gcc "../Core/Src/sysmem.c" -mcpu=cortex-m0 -std=gnu11 -g3 -DUSE_HAL_DRIVER -DSTM32F030x6 -DDEBUG -c -I/home/vitlaiy2034/STM32Cube/Repository/STM32Cube_FW_F0_V1.11.0/Drivers/STM32F0xx_HAL_Driver/Inc/Legacy -I../Core/Inc -I/home/vitlaiy2034/STM32Cube/Repository/STM32Cube_FW_F0_V1.11.0/Drivers/STM32F0xx_HAL_Driver/Inc -I/home/vitlaiy2034/STM32Cube/Repository/STM32Cube_FW_F0_V1.11.0/Drivers/CMSIS/Device/ST/STM32F0xx/Include -I/home/vitlaiy2034/STM32Cube/Repository/STM32Cube_FW_F0_V1.11.0/Drivers/CMSIS/Include -O0 -ffunction-sections -fdata-sections -Wall -fstack-usage -MMD -MP -MF"Core/Src/sysmem.d" -MT"Core/Src/sysmem.o" --specs=nano.specs -mfloat-abi=soft -mthumb -o "Core/Src/sysmem.o"
../Core/Src/main.cpp: In function 'int main()':
../Core/Src/main.cpp:105:47: error: invalid conversion from 'const char*' to 'uint8_t* {aka unsigned char*}' [-fpermissive]
      HAL_UART_Transmit(&huart1,"Lisaa", 6, 100);
                                               ^
In file included from ../Core/Inc/stm32f0xx_hal_conf.h:285:0,
                 from /home/vitlaiy2034/STM32Cube/Repository/STM32Cube_FW_F0_V1.11.0/Drivers/STM32F0xx_HAL_Driver/Inc/stm32f0xx_hal.h:30,
                 from ../Core/Inc/main.h:31,
                 from ../Core/Src/main.cpp:22:
/home/vitlaiy2034/STM32Cube/Repository/STM32Cube_FW_F0_V1.11.0/Drivers/STM32F0xx_HAL_Driver/Inc/stm32f0xx_hal_uart.h:1431:19: note:   initializing argument 2 of 'HAL_StatusTypeDef HAL_UART_Transmit(UART_HandleTypeDef*, uint8_t*, uint16_t, uint32_t)'
 HAL_StatusTypeDef HAL_UART_Transmit(UART_HandleTypeDef *huart, uint8_t *pData, uint16_t Size, uint32_t Timeout);
                   ^~~~~~~~~~~~~~~~~
In file included from ../Core/Src/main.cpp:23:0:
../Core/Inc/SevSeg.h: At global scope:
../Core/Inc/SevSeg.h:20:17: warning: 'ucaComPins' defined but not used [-Wunused-variable]
  static uint8_t ucaComPins[]={7,9,11,0};
                 ^~~~~~~~~~
../Core/Inc/SevSeg.h:19:17: warning: 'ucaSegPins' defined but not used [-Wunused-variable]
  static uint8_t ucaSegPins[]={8,12,5,3,2,10,1,4};
                 ^~~~~~~~~~
make: *** [Core/Src/subdir.mk:47: Core/Src/main.o] Error 1
make: *** Waiting for unfinished jobs....
"make -j2 all" terminated with exit code 2. Build might be incomplete.
07:23:14 **** Incremental Build of configuration Debug for project TempSensorRev1_0 ****
make -j2 all 
arm-none-eabi-size   TempSensorRev1_0.elf 
   text	   data	    bss	    dec	    hex	filename
   5764	     20	   1572	   7356	   1cbc	TempSensorRev1_0.elf
Finished building: default.size.stdout
 
07:25:03 **** Incremental Build of configuration Debug for project TempSensor2.0 ****
make -j2 all 
arm-none-eabi-g++ "../Core/Src/main.cpp" -mcpu=cortex-m0 -std=gnu++14 -g3 -DUSE_HAL_DRIVER -DSTM32F030x6 -DDEBUG -c -I/home/vitlaiy2034/STM32Cube/Repository/STM32Cube_FW_F0_V1.11.0/Drivers/STM32F0xx_HAL_Driver/Inc/Legacy -I../Core/Inc -I/home/vitlaiy2034/STM32Cube/Repository/STM32Cube_FW_F0_V1.11.0/Drivers/STM32F0xx_HAL_Driver/Inc -I/home/vitlaiy2034/STM32Cube/Repository/STM32Cube_FW_F0_V1.11.0/Drivers/CMSIS/Device/ST/STM32F0xx/Include -I/home/vitlaiy2034/STM32Cube/Repository/STM32Cube_FW_F0_V1.11.0/Drivers/CMSIS/Include -O0 -ffunction-sections -fdata-sections -fno-exceptions -fno-rtti -fno-threadsafe-statics -fno-use-cxa-atexit -Wall -fstack-usage -MMD -MP -MF"Core/Src/main.d" -MT"Core/Src/main.o" --specs=nano.specs -mfloat-abi=soft -mthumb -o "Core/Src/main.o"
arm-none-eabi-gcc "../Core/Src/system_stm32f0xx.c" -mcpu=cortex-m0 -std=gnu11 -g3 -DUSE_HAL_DRIVER -DSTM32F030x6 -DDEBUG -c -I/home/vitlaiy2034/STM32Cube/Repository/STM32Cube_FW_F0_V1.11.0/Drivers/STM32F0xx_HAL_Driver/Inc/Legacy -I../Core/Inc -I/home/vitlaiy2034/STM32Cube/Repository/STM32Cube_FW_F0_V1.11.0/Drivers/STM32F0xx_HAL_Driver/Inc -I/home/vitlaiy2034/STM32Cube/Repository/STM32Cube_FW_F0_V1.11.0/Drivers/CMSIS/Device/ST/STM32F0xx/Include -I/home/vitlaiy2034/STM32Cube/Repository/STM32Cube_FW_F0_V1.11.0/Drivers/CMSIS/Include -O0 -ffunction-sections -fdata-sections -Wall -fstack-usage -MMD -MP -MF"Core/Src/system_stm32f0xx.d" -MT"Core/Src/system_stm32f0xx.o" --specs=nano.specs -mfloat-abi=soft -mthumb -o "Core/Src/system_stm32f0xx.o"
../Core/Src/main.cpp: In function 'int main()':
../Core/Src/main.cpp:107:47: error: invalid conversion from 'const char*' to 'uint8_t* {aka unsigned char*}' [-fpermissive]
      HAL_UART_Transmit(&huart1,"Lisaa", 6, 100);
                                               ^
In file included from ../Core/Inc/stm32f0xx_hal_conf.h:285:0,
                 from /home/vitlaiy2034/STM32Cube/Repository/STM32Cube_FW_F0_V1.11.0/Drivers/STM32F0xx_HAL_Driver/Inc/stm32f0xx_hal.h:30,
                 from ../Core/Inc/main.h:31,
                 from ../Core/Src/main.cpp:22:
/home/vitlaiy2034/STM32Cube/Repository/STM32Cube_FW_F0_V1.11.0/Drivers/STM32F0xx_HAL_Driver/Inc/stm32f0xx_hal_uart.h:1431:19: note:   initializing argument 2 of 'HAL_StatusTypeDef HAL_UART_Transmit(UART_HandleTypeDef*, uint8_t*, uint16_t, uint32_t)'
 HAL_StatusTypeDef HAL_UART_Transmit(UART_HandleTypeDef *huart, uint8_t *pData, uint16_t Size, uint32_t Timeout);
                   ^~~~~~~~~~~~~~~~~
../Core/Src/main.cpp:69:5: warning: '%f' directive writing 9 bytes into a region of size 4 [-Wformat-overflow=]
 int main(void)
     ^~~~
../Core/Src/main.cpp:106:13: note: 'sprintf' output 10 bytes into a destination of size 4
      sprintf(text,"%f",25.53f);
      ~~~~~~~^~~~~~~~~~~~~~~~~~
In file included from ../Core/Src/main.cpp:23:0:
../Core/Inc/SevSeg.h: At global scope:
../Core/Inc/SevSeg.h:20:17: warning: 'ucaComPins' defined but not used [-Wunused-variable]
  static uint8_t ucaComPins[]={7,9,11,0};
                 ^~~~~~~~~~
../Core/Inc/SevSeg.h:19:17: warning: 'ucaSegPins' defined but not used [-Wunused-variable]
  static uint8_t ucaSegPins[]={8,12,5,3,2,10,1,4};
                 ^~~~~~~~~~
make: *** [Core/Src/subdir.mk:47: Core/Src/main.o] Error 1
make: *** Waiting for unfinished jobs....
"make -j2 all" terminated with exit code 2. Build might be incomplete.
07:25:05 **** Incremental Build of configuration Debug for project TempSensorRev1_0 ****
make -j2 all 
arm-none-eabi-size   TempSensorRev1_0.elf 
   text	   data	    bss	    dec	    hex	filename
   5764	     20	   1572	   7356	   1cbc	TempSensorRev1_0.elf
Finished building: default.size.stdout
 
07:28:13 **** Incremental Build of configuration Debug for project TempSensor2.0 ****
make -j2 all 
arm-none-eabi-g++ "../Core/Src/main.cpp" -mcpu=cortex-m0 -std=gnu++14 -g3 -DUSE_HAL_DRIVER -DSTM32F030x6 -DDEBUG -c -I/home/vitlaiy2034/STM32Cube/Repository/STM32Cube_FW_F0_V1.11.0/Drivers/STM32F0xx_HAL_Driver/Inc/Legacy -I../Core/Inc -I/home/vitlaiy2034/STM32Cube/Repository/STM32Cube_FW_F0_V1.11.0/Drivers/STM32F0xx_HAL_Driver/Inc -I/home/vitlaiy2034/STM32Cube/Repository/STM32Cube_FW_F0_V1.11.0/Drivers/CMSIS/Device/ST/STM32F0xx/Include -I/home/vitlaiy2034/STM32Cube/Repository/STM32Cube_FW_F0_V1.11.0/Drivers/CMSIS/Include -O0 -ffunction-sections -fdata-sections -fno-exceptions -fno-rtti -fno-threadsafe-statics -fno-use-cxa-atexit -Wall -fstack-usage -MMD -MP -MF"Core/Src/main.d" -MT"Core/Src/main.o" --specs=nano.specs -mfloat-abi=soft -mthumb -o "Core/Src/main.o"
../Core/Src/main.cpp: In function 'int main()':
../Core/Src/main.cpp:107:45: error: invalid conversion from 'char*' to 'uint8_t* {aka unsigned char*}' [-fpermissive]
      HAL_UART_Transmit(&huart1,text, 10, 100);
                                             ^
In file included from ../Core/Inc/stm32f0xx_hal_conf.h:285:0,
                 from /home/vitlaiy2034/STM32Cube/Repository/STM32Cube_FW_F0_V1.11.0/Drivers/STM32F0xx_HAL_Driver/Inc/stm32f0xx_hal.h:30,
                 from ../Core/Inc/main.h:31,
                 from ../Core/Src/main.cpp:22:
/home/vitlaiy2034/STM32Cube/Repository/STM32Cube_FW_F0_V1.11.0/Drivers/STM32F0xx_HAL_Driver/Inc/stm32f0xx_hal_uart.h:1431:19: note:   initializing argument 2 of 'HAL_StatusTypeDef HAL_UART_Transmit(UART_HandleTypeDef*, uint8_t*, uint16_t, uint32_t)'
 HAL_StatusTypeDef HAL_UART_Transmit(UART_HandleTypeDef *huart, uint8_t *pData, uint16_t Size, uint32_t Timeout);
                   ^~~~~~~~~~~~~~~~~
In file included from ../Core/Src/main.cpp:23:0:
../Core/Inc/SevSeg.h: At global scope:
../Core/Inc/SevSeg.h:20:17: warning: 'ucaComPins' defined but not used [-Wunused-variable]
  static uint8_t ucaComPins[]={7,9,11,0};
                 ^~~~~~~~~~
../Core/Inc/SevSeg.h:19:17: warning: 'ucaSegPins' defined but not used [-Wunused-variable]
  static uint8_t ucaSegPins[]={8,12,5,3,2,10,1,4};
                 ^~~~~~~~~~
make: *** [Core/Src/subdir.mk:47: Core/Src/main.o] Error 1
"make -j2 all" terminated with exit code 2. Build might be incomplete.
07:29:01 **** Incremental Build of configuration Debug for project TempSensor2.0 ****
make -j2 all 
arm-none-eabi-g++ "../Core/Src/main.cpp" -mcpu=cortex-m0 -std=gnu++14 -g3 -DUSE_HAL_DRIVER -DSTM32F030x6 -DDEBUG -c -I/home/vitlaiy2034/STM32Cube/Repository/STM32Cube_FW_F0_V1.11.0/Drivers/STM32F0xx_HAL_Driver/Inc/Legacy -I../Core/Inc -I/home/vitlaiy2034/STM32Cube/Repository/STM32Cube_FW_F0_V1.11.0/Drivers/STM32F0xx_HAL_Driver/Inc -I/home/vitlaiy2034/STM32Cube/Repository/STM32Cube_FW_F0_V1.11.0/Drivers/CMSIS/Device/ST/STM32F0xx/Include -I/home/vitlaiy2034/STM32Cube/Repository/STM32Cube_FW_F0_V1.11.0/Drivers/CMSIS/Include -O0 -ffunction-sections -fdata-sections -fno-exceptions -fno-rtti -fno-threadsafe-statics -fno-use-cxa-atexit -Wall -fstack-usage -MMD -MP -MF"Core/Src/main.d" -MT"Core/Src/main.o"  -mfloat-abi=soft -mthumb -o "Core/Src/main.o"
../Core/Src/main.cpp: In function 'int main()':
../Core/Src/main.cpp:106:30: error: invalid conversion from 'unsigned char*' to 'char*' [-fpermissive]
      sprintf(text,"%f",25.53f);
                              ^
In file included from ../Core/Src/main.cpp:24:0:
/opt/st/stm32cubeide_1.1.0/plugins/com.st.stm32cube.ide.mcu.externaltools.gnu-tools-for-stm32.7-2018-q2-update.linux64_1.0.0.201904181610/tools/arm-none-eabi/include/stdio.h:244:5: note:   initializing argument 1 of 'int sprintf(char*, const char*, ...)'
 int sprintf (char *__restrict, const char *__restrict, ...)
     ^~~~~~~
In file included from ../Core/Src/main.cpp:23:0:
../Core/Inc/SevSeg.h: At global scope:
../Core/Inc/SevSeg.h:20:17: warning: 'ucaComPins' defined but not used [-Wunused-variable]
  static uint8_t ucaComPins[]={7,9,11,0};
                 ^~~~~~~~~~
../Core/Inc/SevSeg.h:19:17: warning: 'ucaSegPins' defined but not used [-Wunused-variable]
  static uint8_t ucaSegPins[]={8,12,5,3,2,10,1,4};
                 ^~~~~~~~~~
make: *** [Core/Src/subdir.mk:47: Core/Src/main.o] Error 1
"make -j2 all" terminated with exit code 2. Build might be incomplete.
07:29:26 **** Incremental Build of configuration Debug for project TempSensor2.0 ****
make -j2 all 
arm-none-eabi-g++ "../Core/Src/main.cpp" -mcpu=cortex-m0 -std=gnu++14 -g3 -DUSE_HAL_DRIVER -DSTM32F030x6 -DDEBUG -c -I/home/vitlaiy2034/STM32Cube/Repository/STM32Cube_FW_F0_V1.11.0/Drivers/STM32F0xx_HAL_Driver/Inc/Legacy -I../Core/Inc -I/home/vitlaiy2034/STM32Cube/Repository/STM32Cube_FW_F0_V1.11.0/Drivers/STM32F0xx_HAL_Driver/Inc -I/home/vitlaiy2034/STM32Cube/Repository/STM32Cube_FW_F0_V1.11.0/Drivers/CMSIS/Device/ST/STM32F0xx/Include -I/home/vitlaiy2034/STM32Cube/Repository/STM32Cube_FW_F0_V1.11.0/Drivers/CMSIS/Include -O0 -ffunction-sections -fdata-sections -fno-exceptions -fno-rtti -fno-threadsafe-statics -fno-use-cxa-atexit -Wall -fstack-usage -MMD -MP -MF"Core/Src/main.d" -MT"Core/Src/main.o"  -mfloat-abi=soft -mthumb -o "Core/Src/main.o"
../Core/Src/main.cpp: In function 'int main()':
../Core/Src/main.cpp:107:45: error: invalid conversion from 'char*' to 'uint8_t* {aka unsigned char*}' [-fpermissive]
      HAL_UART_Transmit(&huart1,text, 10, 100);
                                             ^
In file included from ../Core/Inc/stm32f0xx_hal_conf.h:285:0,
                 from /home/vitlaiy2034/STM32Cube/Repository/STM32Cube_FW_F0_V1.11.0/Drivers/STM32F0xx_HAL_Driver/Inc/stm32f0xx_hal.h:30,
                 from ../Core/Inc/main.h:31,
                 from ../Core/Src/main.cpp:22:
/home/vitlaiy2034/STM32Cube/Repository/STM32Cube_FW_F0_V1.11.0/Drivers/STM32F0xx_HAL_Driver/Inc/stm32f0xx_hal_uart.h:1431:19: note:   initializing argument 2 of 'HAL_StatusTypeDef HAL_UART_Transmit(UART_HandleTypeDef*, uint8_t*, uint16_t, uint32_t)'
 HAL_StatusTypeDef HAL_UART_Transmit(UART_HandleTypeDef *huart, uint8_t *pData, uint16_t Size, uint32_t Timeout);
                   ^~~~~~~~~~~~~~~~~
In file included from ../Core/Src/main.cpp:23:0:
../Core/Inc/SevSeg.h: At global scope:
../Core/Inc/SevSeg.h:20:17: warning: 'ucaComPins' defined but not used [-Wunused-variable]
  static uint8_t ucaComPins[]={7,9,11,0};
                 ^~~~~~~~~~
../Core/Inc/SevSeg.h:19:17: warning: 'ucaSegPins' defined but not used [-Wunused-variable]
  static uint8_t ucaSegPins[]={8,12,5,3,2,10,1,4};
                 ^~~~~~~~~~
make: *** [Core/Src/subdir.mk:47: Core/Src/main.o] Error 1
"make -j2 all" terminated with exit code 2. Build might be incomplete.
07:29:28 **** Incremental Build of configuration Debug for project TempSensorRev1_0 ****
make -j2 all 
arm-none-eabi-size   TempSensorRev1_0.elf 
   text	   data	    bss	    dec	    hex	filename
   5764	     20	   1572	   7356	   1cbc	TempSensorRev1_0.elf
Finished building: default.size.stdout
 
07:31:19 **** Incremental Build of configuration Debug for project TempSensor2.0 ****
make -j2 all 
arm-none-eabi-g++ "../Core/Src/main.cpp" -mcpu=cortex-m0 -std=gnu++14 -g3 -DUSE_HAL_DRIVER -DSTM32F030x6 -DDEBUG -c -I/home/vitlaiy2034/STM32Cube/Repository/STM32Cube_FW_F0_V1.11.0/Drivers/STM32F0xx_HAL_Driver/Inc/Legacy -I../Core/Inc -I/home/vitlaiy2034/STM32Cube/Repository/STM32Cube_FW_F0_V1.11.0/Drivers/STM32F0xx_HAL_Driver/Inc -I/home/vitlaiy2034/STM32Cube/Repository/STM32Cube_FW_F0_V1.11.0/Drivers/CMSIS/Device/ST/STM32F0xx/Include -I/home/vitlaiy2034/STM32Cube/Repository/STM32Cube_FW_F0_V1.11.0/Drivers/CMSIS/Include -O0 -ffunction-sections -fdata-sections -fno-exceptions -fno-rtti -fno-threadsafe-statics -fno-use-cxa-atexit -Wall -fstack-usage -MMD -MP -MF"Core/Src/main.d" -MT"Core/Src/main.o"  -mfloat-abi=soft -mthumb -o "Core/Src/main.o"
In file included from ../Core/Src/main.cpp:23:0:
../Core/Inc/SevSeg.h:20:17: warning: 'ucaComPins' defined but not used [-Wunused-variable]
  static uint8_t ucaComPins[]={7,9,11,0};
                 ^~~~~~~~~~
../Core/Inc/SevSeg.h:19:17: warning: 'ucaSegPins' defined but not used [-Wunused-variable]
  static uint8_t ucaSegPins[]={8,12,5,3,2,10,1,4};
                 ^~~~~~~~~~
arm-none-eabi-g++ -o "TempSensor2.0.elf" @"objects.list"   -mcpu=cortex-m0 -T"/home/vitlaiy2034/GDrive/Projects/AccurateTempSensor/v0.1beta/Firmware/TempSensor2.0/STM32F030K6TX_FLASH.ld" --specs=nosys.specs -Wl,-Map="TempSensor2.0.map" -Wl,--gc-sections -static  -mfloat-abi=soft -mthumb -u _printf_float -Wl,--start-group -lc -lm -lstdc++ -lsupc++ -Wl,--end-group
/opt/st/stm32cubeide_1.1.0/plugins/com.st.stm32cube.ide.mcu.externaltools.gnu-tools-for-stm32.7-2018-q2-update.linux64_1.0.0.201904181610/tools/bin/../lib/gcc/arm-none-eabi/7.3.1/../../../../arm-none-eabi/bin/ld: TempSensor2.0.elf section `._user_heap_stack' will not fit in region `RAM'
/opt/st/stm32cubeide_1.1.0/plugins/com.st.stm32cube.ide.mcu.externaltools.gnu-tools-for-stm32.7-2018-q2-update.linux64_1.0.0.201904181610/tools/bin/../lib/gcc/arm-none-eabi/7.3.1/../../../../arm-none-eabi/bin/ld: region `RAM' overflowed by 160 bytes
Core/Src/main.o: In function `main':
/home/vitlaiy2034/GDrive/Projects/AccurateTempSensor/v0.1beta/Firmware/TempSensor2.0/Debug/../Core/Src/main.cpp:96: undefined reference to `Init_SevSeg()'
/home/vitlaiy2034/GDrive/Projects/AccurateTempSensor/v0.1beta/Firmware/TempSensor2.0/Debug/../Core/Src/main.cpp:109: undefined reference to `ShowDgt_SevSeg(float, unsigned short, unsigned short)'
collect2: error: ld returned 1 exit status
make: *** [makefile:56: TempSensor2.0.elf] Error 1
"make -j2 all" terminated with exit code 2. Build might be incomplete.
07:34:04 **** Incremental Build of configuration Debug for project TempSensor2.0 ****
make -j2 all 
arm-none-eabi-gcc "../Core/Src/main.c" -mcpu=cortex-m0 -std=gnu11 -g3 -DUSE_HAL_DRIVER -DSTM32F030x6 -DDEBUG -c -I/home/vitlaiy2034/STM32Cube/Repository/STM32Cube_FW_F0_V1.11.0/Drivers/STM32F0xx_HAL_Driver/Inc/Legacy -I../Core/Inc -I/home/vitlaiy2034/STM32Cube/Repository/STM32Cube_FW_F0_V1.11.0/Drivers/STM32F0xx_HAL_Driver/Inc -I/home/vitlaiy2034/STM32Cube/Repository/STM32Cube_FW_F0_V1.11.0/Drivers/CMSIS/Device/ST/STM32F0xx/Include -I/home/vitlaiy2034/STM32Cube/Repository/STM32Cube_FW_F0_V1.11.0/Drivers/CMSIS/Include -O0 -ffunction-sections -fdata-sections -Wall -fstack-usage -MMD -MP -MF"Core/Src/main.d" -MT"Core/Src/main.o"  -mfloat-abi=soft -mthumb -o "Core/Src/main.o"
In file included from ../Core/Src/main.c:23:0:
../Core/Inc/SevSeg.h:20:17: warning: 'ucaComPins' defined but not used [-Wunused-variable]
  static uint8_t ucaComPins[]={7,9,11,0};
                 ^~~~~~~~~~
../Core/Inc/SevSeg.h:19:17: warning: 'ucaSegPins' defined but not used [-Wunused-variable]
  static uint8_t ucaSegPins[]={8,12,5,3,2,10,1,4};
                 ^~~~~~~~~~
arm-none-eabi-g++ -o "TempSensor2.0.elf" @"objects.list"   -mcpu=cortex-m0 -T"/home/vitlaiy2034/GDrive/Projects/AccurateTempSensor/v0.1beta/Firmware/TempSensor2.0/STM32F030K6TX_FLASH.ld" --specs=nosys.specs -Wl,-Map="TempSensor2.0.map" -Wl,--gc-sections -static  -mfloat-abi=soft -mthumb -u _printf_float -Wl,--start-group -lc -lm -lstdc++ -lsupc++ -Wl,--end-group
/opt/st/stm32cubeide_1.1.0/plugins/com.st.stm32cube.ide.mcu.externaltools.gnu-tools-for-stm32.7-2018-q2-update.linux64_1.0.0.201904181610/tools/bin/../lib/gcc/arm-none-eabi/7.3.1/../../../../arm-none-eabi/bin/ld: TempSensor2.0.elf section `.text' will not fit in region `FLASH'
/opt/st/stm32cubeide_1.1.0/plugins/com.st.stm32cube.ide.mcu.externaltools.gnu-tools-for-stm32.7-2018-q2-update.linux64_1.0.0.201904181610/tools/bin/../lib/gcc/arm-none-eabi/7.3.1/../../../../arm-none-eabi/bin/ld: TempSensor2.0.elf section `._user_heap_stack' will not fit in region `RAM'
/opt/st/stm32cubeide_1.1.0/plugins/com.st.stm32cube.ide.mcu.externaltools.gnu-tools-for-stm32.7-2018-q2-update.linux64_1.0.0.201904181610/tools/bin/../lib/gcc/arm-none-eabi/7.3.1/../../../../arm-none-eabi/bin/ld: region `RAM' overflowed by 176 bytes
/opt/st/stm32cubeide_1.1.0/plugins/com.st.stm32cube.ide.mcu.externaltools.gnu-tools-for-stm32.7-2018-q2-update.linux64_1.0.0.201904181610/tools/bin/../lib/gcc/arm-none-eabi/7.3.1/../../../../arm-none-eabi/bin/ld: region `FLASH' overflowed by 4596 bytes
collect2: error: ld returned 1 exit status
make: *** [makefile:56: TempSensor2.0.elf] Error 1
"make -j2 all" terminated with exit code 2. Build might be incomplete.
07:34:44 **** Clean-only build of configuration Debug for project TempSensor2.0 ****
make -j2 clean 
rm -rf *
 
07:34:48 **** Build of configuration Debug for project TempSensor2.0 ****
make -j2 all 
arm-none-eabi-gcc "/home/vitlaiy2034/STM32Cube/Repository/STM32Cube_FW_F0_V1.11.0/Drivers/STM32F0xx_HAL_Driver/Src/stm32f0xx_hal.c" -mcpu=cortex-m0 -std=gnu11 -g3 -DUSE_HAL_DRIVER -DSTM32F030x6 -DDEBUG -c -I/home/vitlaiy2034/STM32Cube/Repository/STM32Cube_FW_F0_V1.11.0/Drivers/STM32F0xx_HAL_Driver/Inc/Legacy -I../Core/Inc -I/home/vitlaiy2034/STM32Cube/Repository/STM32Cube_FW_F0_V1.11.0/Drivers/STM32F0xx_HAL_Driver/Inc -I/home/vitlaiy2034/STM32Cube/Repository/STM32Cube_FW_F0_V1.11.0/Drivers/CMSIS/Device/ST/STM32F0xx/Include -I/home/vitlaiy2034/STM32Cube/Repository/STM32Cube_FW_F0_V1.11.0/Drivers/CMSIS/Include -O0 -ffunction-sections -fdata-sections -Wall -fstack-usage -MMD -MP -MF"Drivers/STM32F0xx_HAL_Driver/stm32f0xx_hal.d" -MT"Drivers/STM32F0xx_HAL_Driver/stm32f0xx_hal.o"  -mfloat-abi=soft -mthumb -o "Drivers/STM32F0xx_HAL_Driver/stm32f0xx_hal.o"
arm-none-eabi-gcc "/home/vitlaiy2034/STM32Cube/Repository/STM32Cube_FW_F0_V1.11.0/Drivers/STM32F0xx_HAL_Driver/Src/stm32f0xx_hal_adc.c" -mcpu=cortex-m0 -std=gnu11 -g3 -DUSE_HAL_DRIVER -DSTM32F030x6 -DDEBUG -c -I/home/vitlaiy2034/STM32Cube/Repository/STM32Cube_FW_F0_V1.11.0/Drivers/STM32F0xx_HAL_Driver/Inc/Legacy -I../Core/Inc -I/home/vitlaiy2034/STM32Cube/Repository/STM32Cube_FW_F0_V1.11.0/Drivers/STM32F0xx_HAL_Driver/Inc -I/home/vitlaiy2034/STM32Cube/Repository/STM32Cube_FW_F0_V1.11.0/Drivers/CMSIS/Device/ST/STM32F0xx/Include -I/home/vitlaiy2034/STM32Cube/Repository/STM32Cube_FW_F0_V1.11.0/Drivers/CMSIS/Include -O0 -ffunction-sections -fdata-sections -Wall -fstack-usage -MMD -MP -MF"Drivers/STM32F0xx_HAL_Driver/stm32f0xx_hal_adc.d" -MT"Drivers/STM32F0xx_HAL_Driver/stm32f0xx_hal_adc.o"  -mfloat-abi=soft -mthumb -o "Drivers/STM32F0xx_HAL_Driver/stm32f0xx_hal_adc.o"
arm-none-eabi-gcc "/home/vitlaiy2034/STM32Cube/Repository/STM32Cube_FW_F0_V1.11.0/Drivers/STM32F0xx_HAL_Driver/Src/stm32f0xx_hal_adc_ex.c" -mcpu=cortex-m0 -std=gnu11 -g3 -DUSE_HAL_DRIVER -DSTM32F030x6 -DDEBUG -c -I/home/vitlaiy2034/STM32Cube/Repository/STM32Cube_FW_F0_V1.11.0/Drivers/STM32F0xx_HAL_Driver/Inc/Legacy -I../Core/Inc -I/home/vitlaiy2034/STM32Cube/Repository/STM32Cube_FW_F0_V1.11.0/Drivers/STM32F0xx_HAL_Driver/Inc -I/home/vitlaiy2034/STM32Cube/Repository/STM32Cube_FW_F0_V1.11.0/Drivers/CMSIS/Device/ST/STM32F0xx/Include -I/home/vitlaiy2034/STM32Cube/Repository/STM32Cube_FW_F0_V1.11.0/Drivers/CMSIS/Include -O0 -ffunction-sections -fdata-sections -Wall -fstack-usage -MMD -MP -MF"Drivers/STM32F0xx_HAL_Driver/stm32f0xx_hal_adc_ex.d" -MT"Drivers/STM32F0xx_HAL_Driver/stm32f0xx_hal_adc_ex.o"  -mfloat-abi=soft -mthumb -o "Drivers/STM32F0xx_HAL_Driver/stm32f0xx_hal_adc_ex.o"
arm-none-eabi-gcc "/home/vitlaiy2034/STM32Cube/Repository/STM32Cube_FW_F0_V1.11.0/Drivers/STM32F0xx_HAL_Driver/Src/stm32f0xx_hal_cortex.c" -mcpu=cortex-m0 -std=gnu11 -g3 -DUSE_HAL_DRIVER -DSTM32F030x6 -DDEBUG -c -I/home/vitlaiy2034/STM32Cube/Repository/STM32Cube_FW_F0_V1.11.0/Drivers/STM32F0xx_HAL_Driver/Inc/Legacy -I../Core/Inc -I/home/vitlaiy2034/STM32Cube/Repository/STM32Cube_FW_F0_V1.11.0/Drivers/STM32F0xx_HAL_Driver/Inc -I/home/vitlaiy2034/STM32Cube/Repository/STM32Cube_FW_F0_V1.11.0/Drivers/CMSIS/Device/ST/STM32F0xx/Include -I/home/vitlaiy2034/STM32Cube/Repository/STM32Cube_FW_F0_V1.11.0/Drivers/CMSIS/Include -O0 -ffunction-sections -fdata-sections -Wall -fstack-usage -MMD -MP -MF"Drivers/STM32F0xx_HAL_Driver/stm32f0xx_hal_cortex.d" -MT"Drivers/STM32F0xx_HAL_Driver/stm32f0xx_hal_cortex.o"  -mfloat-abi=soft -mthumb -o "Drivers/STM32F0xx_HAL_Driver/stm32f0xx_hal_cortex.o"
arm-none-eabi-gcc "/home/vitlaiy2034/STM32Cube/Repository/STM32Cube_FW_F0_V1.11.0/Drivers/STM32F0xx_HAL_Driver/Src/stm32f0xx_hal_dma.c" -mcpu=cortex-m0 -std=gnu11 -g3 -DUSE_HAL_DRIVER -DSTM32F030x6 -DDEBUG -c -I/home/vitlaiy2034/STM32Cube/Repository/STM32Cube_FW_F0_V1.11.0/Drivers/STM32F0xx_HAL_Driver/Inc/Legacy -I../Core/Inc -I/home/vitlaiy2034/STM32Cube/Repository/STM32Cube_FW_F0_V1.11.0/Drivers/STM32F0xx_HAL_Driver/Inc -I/home/vitlaiy2034/STM32Cube/Repository/STM32Cube_FW_F0_V1.11.0/Drivers/CMSIS/Device/ST/STM32F0xx/Include -I/home/vitlaiy2034/STM32Cube/Repository/STM32Cube_FW_F0_V1.11.0/Drivers/CMSIS/Include -O0 -ffunction-sections -fdata-sections -Wall -fstack-usage -MMD -MP -MF"Drivers/STM32F0xx_HAL_Driver/stm32f0xx_hal_dma.d" -MT"Drivers/STM32F0xx_HAL_Driver/stm32f0xx_hal_dma.o"  -mfloat-abi=soft -mthumb -o "Drivers/STM32F0xx_HAL_Driver/stm32f0xx_hal_dma.o"
arm-none-eabi-gcc "/home/vitlaiy2034/STM32Cube/Repository/STM32Cube_FW_F0_V1.11.0/Drivers/STM32F0xx_HAL_Driver/Src/stm32f0xx_hal_exti.c" -mcpu=cortex-m0 -std=gnu11 -g3 -DUSE_HAL_DRIVER -DSTM32F030x6 -DDEBUG -c -I/home/vitlaiy2034/STM32Cube/Repository/STM32Cube_FW_F0_V1.11.0/Drivers/STM32F0xx_HAL_Driver/Inc/Legacy -I../Core/Inc -I/home/vitlaiy2034/STM32Cube/Repository/STM32Cube_FW_F0_V1.11.0/Drivers/STM32F0xx_HAL_Driver/Inc -I/home/vitlaiy2034/STM32Cube/Repository/STM32Cube_FW_F0_V1.11.0/Drivers/CMSIS/Device/ST/STM32F0xx/Include -I/home/vitlaiy2034/STM32Cube/Repository/STM32Cube_FW_F0_V1.11.0/Drivers/CMSIS/Include -O0 -ffunction-sections -fdata-sections -Wall -fstack-usage -MMD -MP -MF"Drivers/STM32F0xx_HAL_Driver/stm32f0xx_hal_exti.d" -MT"Drivers/STM32F0xx_HAL_Driver/stm32f0xx_hal_exti.o"  -mfloat-abi=soft -mthumb -o "Drivers/STM32F0xx_HAL_Driver/stm32f0xx_hal_exti.o"
arm-none-eabi-gcc "/home/vitlaiy2034/STM32Cube/Repository/STM32Cube_FW_F0_V1.11.0/Drivers/STM32F0xx_HAL_Driver/Src/stm32f0xx_hal_flash.c" -mcpu=cortex-m0 -std=gnu11 -g3 -DUSE_HAL_DRIVER -DSTM32F030x6 -DDEBUG -c -I/home/vitlaiy2034/STM32Cube/Repository/STM32Cube_FW_F0_V1.11.0/Drivers/STM32F0xx_HAL_Driver/Inc/Legacy -I../Core/Inc -I/home/vitlaiy2034/STM32Cube/Repository/STM32Cube_FW_F0_V1.11.0/Drivers/STM32F0xx_HAL_Driver/Inc -I/home/vitlaiy2034/STM32Cube/Repository/STM32Cube_FW_F0_V1.11.0/Drivers/CMSIS/Device/ST/STM32F0xx/Include -I/home/vitlaiy2034/STM32Cube/Repository/STM32Cube_FW_F0_V1.11.0/Drivers/CMSIS/Include -O0 -ffunction-sections -fdata-sections -Wall -fstack-usage -MMD -MP -MF"Drivers/STM32F0xx_HAL_Driver/stm32f0xx_hal_flash.d" -MT"Drivers/STM32F0xx_HAL_Driver/stm32f0xx_hal_flash.o"  -mfloat-abi=soft -mthumb -o "Drivers/STM32F0xx_HAL_Driver/stm32f0xx_hal_flash.o"
arm-none-eabi-gcc "/home/vitlaiy2034/STM32Cube/Repository/STM32Cube_FW_F0_V1.11.0/Drivers/STM32F0xx_HAL_Driver/Src/stm32f0xx_hal_flash_ex.c" -mcpu=cortex-m0 -std=gnu11 -g3 -DUSE_HAL_DRIVER -DSTM32F030x6 -DDEBUG -c -I/home/vitlaiy2034/STM32Cube/Repository/STM32Cube_FW_F0_V1.11.0/Drivers/STM32F0xx_HAL_Driver/Inc/Legacy -I../Core/Inc -I/home/vitlaiy2034/STM32Cube/Repository/STM32Cube_FW_F0_V1.11.0/Drivers/STM32F0xx_HAL_Driver/Inc -I/home/vitlaiy2034/STM32Cube/Repository/STM32Cube_FW_F0_V1.11.0/Drivers/CMSIS/Device/ST/STM32F0xx/Include -I/home/vitlaiy2034/STM32Cube/Repository/STM32Cube_FW_F0_V1.11.0/Drivers/CMSIS/Include -O0 -ffunction-sections -fdata-sections -Wall -fstack-usage -MMD -MP -MF"Drivers/STM32F0xx_HAL_Driver/stm32f0xx_hal_flash_ex.d" -MT"Drivers/STM32F0xx_HAL_Driver/stm32f0xx_hal_flash_ex.o"  -mfloat-abi=soft -mthumb -o "Drivers/STM32F0xx_HAL_Driver/stm32f0xx_hal_flash_ex.o"
arm-none-eabi-gcc "/home/vitlaiy2034/STM32Cube/Repository/STM32Cube_FW_F0_V1.11.0/Drivers/STM32F0xx_HAL_Driver/Src/stm32f0xx_hal_gpio.c" -mcpu=cortex-m0 -std=gnu11 -g3 -DUSE_HAL_DRIVER -DSTM32F030x6 -DDEBUG -c -I/home/vitlaiy2034/STM32Cube/Repository/STM32Cube_FW_F0_V1.11.0/Drivers/STM32F0xx_HAL_Driver/Inc/Legacy -I../Core/Inc -I/home/vitlaiy2034/STM32Cube/Repository/STM32Cube_FW_F0_V1.11.0/Drivers/STM32F0xx_HAL_Driver/Inc -I/home/vitlaiy2034/STM32Cube/Repository/STM32Cube_FW_F0_V1.11.0/Drivers/CMSIS/Device/ST/STM32F0xx/Include -I/home/vitlaiy2034/STM32Cube/Repository/STM32Cube_FW_F0_V1.11.0/Drivers/CMSIS/Include -O0 -ffunction-sections -fdata-sections -Wall -fstack-usage -MMD -MP -MF"Drivers/STM32F0xx_HAL_Driver/stm32f0xx_hal_gpio.d" -MT"Drivers/STM32F0xx_HAL_Driver/stm32f0xx_hal_gpio.o"  -mfloat-abi=soft -mthumb -o "Drivers/STM32F0xx_HAL_Driver/stm32f0xx_hal_gpio.o"
arm-none-eabi-gcc "/home/vitlaiy2034/STM32Cube/Repository/STM32Cube_FW_F0_V1.11.0/Drivers/STM32F0xx_HAL_Driver/Src/stm32f0xx_hal_i2c.c" -mcpu=cortex-m0 -std=gnu11 -g3 -DUSE_HAL_DRIVER -DSTM32F030x6 -DDEBUG -c -I/home/vitlaiy2034/STM32Cube/Repository/STM32Cube_FW_F0_V1.11.0/Drivers/STM32F0xx_HAL_Driver/Inc/Legacy -I../Core/Inc -I/home/vitlaiy2034/STM32Cube/Repository/STM32Cube_FW_F0_V1.11.0/Drivers/STM32F0xx_HAL_Driver/Inc -I/home/vitlaiy2034/STM32Cube/Repository/STM32Cube_FW_F0_V1.11.0/Drivers/CMSIS/Device/ST/STM32F0xx/Include -I/home/vitlaiy2034/STM32Cube/Repository/STM32Cube_FW_F0_V1.11.0/Drivers/CMSIS/Include -O0 -ffunction-sections -fdata-sections -Wall -fstack-usage -MMD -MP -MF"Drivers/STM32F0xx_HAL_Driver/stm32f0xx_hal_i2c.d" -MT"Drivers/STM32F0xx_HAL_Driver/stm32f0xx_hal_i2c.o"  -mfloat-abi=soft -mthumb -o "Drivers/STM32F0xx_HAL_Driver/stm32f0xx_hal_i2c.o"
arm-none-eabi-gcc "/home/vitlaiy2034/STM32Cube/Repository/STM32Cube_FW_F0_V1.11.0/Drivers/STM32F0xx_HAL_Driver/Src/stm32f0xx_hal_i2c_ex.c" -mcpu=cortex-m0 -std=gnu11 -g3 -DUSE_HAL_DRIVER -DSTM32F030x6 -DDEBUG -c -I/home/vitlaiy2034/STM32Cube/Repository/STM32Cube_FW_F0_V1.11.0/Drivers/STM32F0xx_HAL_Driver/Inc/Legacy -I../Core/Inc -I/home/vitlaiy2034/STM32Cube/Repository/STM32Cube_FW_F0_V1.11.0/Drivers/STM32F0xx_HAL_Driver/Inc -I/home/vitlaiy2034/STM32Cube/Repository/STM32Cube_FW_F0_V1.11.0/Drivers/CMSIS/Device/ST/STM32F0xx/Include -I/home/vitlaiy2034/STM32Cube/Repository/STM32Cube_FW_F0_V1.11.0/Drivers/CMSIS/Include -O0 -ffunction-sections -fdata-sections -Wall -fstack-usage -MMD -MP -MF"Drivers/STM32F0xx_HAL_Driver/stm32f0xx_hal_i2c_ex.d" -MT"Drivers/STM32F0xx_HAL_Driver/stm32f0xx_hal_i2c_ex.o"  -mfloat-abi=soft -mthumb -o "Drivers/STM32F0xx_HAL_Driver/stm32f0xx_hal_i2c_ex.o"
arm-none-eabi-gcc "/home/vitlaiy2034/STM32Cube/Repository/STM32Cube_FW_F0_V1.11.0/Drivers/STM32F0xx_HAL_Driver/Src/stm32f0xx_hal_pwr.c" -mcpu=cortex-m0 -std=gnu11 -g3 -DUSE_HAL_DRIVER -DSTM32F030x6 -DDEBUG -c -I/home/vitlaiy2034/STM32Cube/Repository/STM32Cube_FW_F0_V1.11.0/Drivers/STM32F0xx_HAL_Driver/Inc/Legacy -I../Core/Inc -I/home/vitlaiy2034/STM32Cube/Repository/STM32Cube_FW_F0_V1.11.0/Drivers/STM32F0xx_HAL_Driver/Inc -I/home/vitlaiy2034/STM32Cube/Repository/STM32Cube_FW_F0_V1.11.0/Drivers/CMSIS/Device/ST/STM32F0xx/Include -I/home/vitlaiy2034/STM32Cube/Repository/STM32Cube_FW_F0_V1.11.0/Drivers/CMSIS/Include -O0 -ffunction-sections -fdata-sections -Wall -fstack-usage -MMD -MP -MF"Drivers/STM32F0xx_HAL_Driver/stm32f0xx_hal_pwr.d" -MT"Drivers/STM32F0xx_HAL_Driver/stm32f0xx_hal_pwr.o"  -mfloat-abi=soft -mthumb -o "Drivers/STM32F0xx_HAL_Driver/stm32f0xx_hal_pwr.o"
arm-none-eabi-gcc "/home/vitlaiy2034/STM32Cube/Repository/STM32Cube_FW_F0_V1.11.0/Drivers/STM32F0xx_HAL_Driver/Src/stm32f0xx_hal_pwr_ex.c" -mcpu=cortex-m0 -std=gnu11 -g3 -DUSE_HAL_DRIVER -DSTM32F030x6 -DDEBUG -c -I/home/vitlaiy2034/STM32Cube/Repository/STM32Cube_FW_F0_V1.11.0/Drivers/STM32F0xx_HAL_Driver/Inc/Legacy -I../Core/Inc -I/home/vitlaiy2034/STM32Cube/Repository/STM32Cube_FW_F0_V1.11.0/Drivers/STM32F0xx_HAL_Driver/Inc -I/home/vitlaiy2034/STM32Cube/Repository/STM32Cube_FW_F0_V1.11.0/Drivers/CMSIS/Device/ST/STM32F0xx/Include -I/home/vitlaiy2034/STM32Cube/Repository/STM32Cube_FW_F0_V1.11.0/Drivers/CMSIS/Include -O0 -ffunction-sections -fdata-sections -Wall -fstack-usage -MMD -MP -MF"Drivers/STM32F0xx_HAL_Driver/stm32f0xx_hal_pwr_ex.d" -MT"Drivers/STM32F0xx_HAL_Driver/stm32f0xx_hal_pwr_ex.o"  -mfloat-abi=soft -mthumb -o "Drivers/STM32F0xx_HAL_Driver/stm32f0xx_hal_pwr_ex.o"
arm-none-eabi-gcc "/home/vitlaiy2034/STM32Cube/Repository/STM32Cube_FW_F0_V1.11.0/Drivers/STM32F0xx_HAL_Driver/Src/stm32f0xx_hal_rcc.c" -mcpu=cortex-m0 -std=gnu11 -g3 -DUSE_HAL_DRIVER -DSTM32F030x6 -DDEBUG -c -I/home/vitlaiy2034/STM32Cube/Repository/STM32Cube_FW_F0_V1.11.0/Drivers/STM32F0xx_HAL_Driver/Inc/Legacy -I../Core/Inc -I/home/vitlaiy2034/STM32Cube/Repository/STM32Cube_FW_F0_V1.11.0/Drivers/STM32F0xx_HAL_Driver/Inc -I/home/vitlaiy2034/STM32Cube/Repository/STM32Cube_FW_F0_V1.11.0/Drivers/CMSIS/Device/ST/STM32F0xx/Include -I/home/vitlaiy2034/STM32Cube/Repository/STM32Cube_FW_F0_V1.11.0/Drivers/CMSIS/Include -O0 -ffunction-sections -fdata-sections -Wall -fstack-usage -MMD -MP -MF"Drivers/STM32F0xx_HAL_Driver/stm32f0xx_hal_rcc.d" -MT"Drivers/STM32F0xx_HAL_Driver/stm32f0xx_hal_rcc.o"  -mfloat-abi=soft -mthumb -o "Drivers/STM32F0xx_HAL_Driver/stm32f0xx_hal_rcc.o"
arm-none-eabi-gcc "/home/vitlaiy2034/STM32Cube/Repository/STM32Cube_FW_F0_V1.11.0/Drivers/STM32F0xx_HAL_Driver/Src/stm32f0xx_hal_rcc_ex.c" -mcpu=cortex-m0 -std=gnu11 -g3 -DUSE_HAL_DRIVER -DSTM32F030x6 -DDEBUG -c -I/home/vitlaiy2034/STM32Cube/Repository/STM32Cube_FW_F0_V1.11.0/Drivers/STM32F0xx_HAL_Driver/Inc/Legacy -I../Core/Inc -I/home/vitlaiy2034/STM32Cube/Repository/STM32Cube_FW_F0_V1.11.0/Drivers/STM32F0xx_HAL_Driver/Inc -I/home/vitlaiy2034/STM32Cube/Repository/STM32Cube_FW_F0_V1.11.0/Drivers/CMSIS/Device/ST/STM32F0xx/Include -I/home/vitlaiy2034/STM32Cube/Repository/STM32Cube_FW_F0_V1.11.0/Drivers/CMSIS/Include -O0 -ffunction-sections -fdata-sections -Wall -fstack-usage -MMD -MP -MF"Drivers/STM32F0xx_HAL_Driver/stm32f0xx_hal_rcc_ex.d" -MT"Drivers/STM32F0xx_HAL_Driver/stm32f0xx_hal_rcc_ex.o"  -mfloat-abi=soft -mthumb -o "Drivers/STM32F0xx_HAL_Driver/stm32f0xx_hal_rcc_ex.o"
arm-none-eabi-gcc "/home/vitlaiy2034/STM32Cube/Repository/STM32Cube_FW_F0_V1.11.0/Drivers/STM32F0xx_HAL_Driver/Src/stm32f0xx_hal_tim.c" -mcpu=cortex-m0 -std=gnu11 -g3 -DUSE_HAL_DRIVER -DSTM32F030x6 -DDEBUG -c -I/home/vitlaiy2034/STM32Cube/Repository/STM32Cube_FW_F0_V1.11.0/Drivers/STM32F0xx_HAL_Driver/Inc/Legacy -I../Core/Inc -I/home/vitlaiy2034/STM32Cube/Repository/STM32Cube_FW_F0_V1.11.0/Drivers/STM32F0xx_HAL_Driver/Inc -I/home/vitlaiy2034/STM32Cube/Repository/STM32Cube_FW_F0_V1.11.0/Drivers/CMSIS/Device/ST/STM32F0xx/Include -I/home/vitlaiy2034/STM32Cube/Repository/STM32Cube_FW_F0_V1.11.0/Drivers/CMSIS/Include -O0 -ffunction-sections -fdata-sections -Wall -fstack-usage -MMD -MP -MF"Drivers/STM32F0xx_HAL_Driver/stm32f0xx_hal_tim.d" -MT"Drivers/STM32F0xx_HAL_Driver/stm32f0xx_hal_tim.o"  -mfloat-abi=soft -mthumb -o "Drivers/STM32F0xx_HAL_Driver/stm32f0xx_hal_tim.o"
arm-none-eabi-gcc "/home/vitlaiy2034/STM32Cube/Repository/STM32Cube_FW_F0_V1.11.0/Drivers/STM32F0xx_HAL_Driver/Src/stm32f0xx_hal_tim_ex.c" -mcpu=cortex-m0 -std=gnu11 -g3 -DUSE_HAL_DRIVER -DSTM32F030x6 -DDEBUG -c -I/home/vitlaiy2034/STM32Cube/Repository/STM32Cube_FW_F0_V1.11.0/Drivers/STM32F0xx_HAL_Driver/Inc/Legacy -I../Core/Inc -I/home/vitlaiy2034/STM32Cube/Repository/STM32Cube_FW_F0_V1.11.0/Drivers/STM32F0xx_HAL_Driver/Inc -I/home/vitlaiy2034/STM32Cube/Repository/STM32Cube_FW_F0_V1.11.0/Drivers/CMSIS/Device/ST/STM32F0xx/Include -I/home/vitlaiy2034/STM32Cube/Repository/STM32Cube_FW_F0_V1.11.0/Drivers/CMSIS/Include -O0 -ffunction-sections -fdata-sections -Wall -fstack-usage -MMD -MP -MF"Drivers/STM32F0xx_HAL_Driver/stm32f0xx_hal_tim_ex.d" -MT"Drivers/STM32F0xx_HAL_Driver/stm32f0xx_hal_tim_ex.o"  -mfloat-abi=soft -mthumb -o "Drivers/STM32F0xx_HAL_Driver/stm32f0xx_hal_tim_ex.o"
arm-none-eabi-gcc "/home/vitlaiy2034/STM32Cube/Repository/STM32Cube_FW_F0_V1.11.0/Drivers/STM32F0xx_HAL_Driver/Src/stm32f0xx_hal_uart.c" -mcpu=cortex-m0 -std=gnu11 -g3 -DUSE_HAL_DRIVER -DSTM32F030x6 -DDEBUG -c -I/home/vitlaiy2034/STM32Cube/Repository/STM32Cube_FW_F0_V1.11.0/Drivers/STM32F0xx_HAL_Driver/Inc/Legacy -I../Core/Inc -I/home/vitlaiy2034/STM32Cube/Repository/STM32Cube_FW_F0_V1.11.0/Drivers/STM32F0xx_HAL_Driver/Inc -I/home/vitlaiy2034/STM32Cube/Repository/STM32Cube_FW_F0_V1.11.0/Drivers/CMSIS/Device/ST/STM32F0xx/Include -I/home/vitlaiy2034/STM32Cube/Repository/STM32Cube_FW_F0_V1.11.0/Drivers/CMSIS/Include -O0 -ffunction-sections -fdata-sections -Wall -fstack-usage -MMD -MP -MF"Drivers/STM32F0xx_HAL_Driver/stm32f0xx_hal_uart.d" -MT"Drivers/STM32F0xx_HAL_Driver/stm32f0xx_hal_uart.o"  -mfloat-abi=soft -mthumb -o "Drivers/STM32F0xx_HAL_Driver/stm32f0xx_hal_uart.o"
arm-none-eabi-gcc "/home/vitlaiy2034/STM32Cube/Repository/STM32Cube_FW_F0_V1.11.0/Drivers/STM32F0xx_HAL_Driver/Src/stm32f0xx_hal_uart_ex.c" -mcpu=cortex-m0 -std=gnu11 -g3 -DUSE_HAL_DRIVER -DSTM32F030x6 -DDEBUG -c -I/home/vitlaiy2034/STM32Cube/Repository/STM32Cube_FW_F0_V1.11.0/Drivers/STM32F0xx_HAL_Driver/Inc/Legacy -I../Core/Inc -I/home/vitlaiy2034/STM32Cube/Repository/STM32Cube_FW_F0_V1.11.0/Drivers/STM32F0xx_HAL_Driver/Inc -I/home/vitlaiy2034/STM32Cube/Repository/STM32Cube_FW_F0_V1.11.0/Drivers/CMSIS/Device/ST/STM32F0xx/Include -I/home/vitlaiy2034/STM32Cube/Repository/STM32Cube_FW_F0_V1.11.0/Drivers/CMSIS/Include -O0 -ffunction-sections -fdata-sections -Wall -fstack-usage -MMD -MP -MF"Drivers/STM32F0xx_HAL_Driver/stm32f0xx_hal_uart_ex.d" -MT"Drivers/STM32F0xx_HAL_Driver/stm32f0xx_hal_uart_ex.o"  -mfloat-abi=soft -mthumb -o "Drivers/STM32F0xx_HAL_Driver/stm32f0xx_hal_uart_ex.o"
arm-none-eabi-gcc -mcpu=cortex-m0 -g3 -c -x assembler-with-cpp  -mfloat-abi=soft -mthumb -o "Core/Startup/startup_stm32f030k6tx.o" "../Core/Startup/startup_stm32f030k6tx.s"
arm-none-eabi-gcc "../Core/Src/SevSeg.c" -mcpu=cortex-m0 -std=gnu11 -g3 -DUSE_HAL_DRIVER -DSTM32F030x6 -DDEBUG -c -I/home/vitlaiy2034/STM32Cube/Repository/STM32Cube_FW_F0_V1.11.0/Drivers/STM32F0xx_HAL_Driver/Inc/Legacy -I../Core/Inc -I/home/vitlaiy2034/STM32Cube/Repository/STM32Cube_FW_F0_V1.11.0/Drivers/STM32F0xx_HAL_Driver/Inc -I/home/vitlaiy2034/STM32Cube/Repository/STM32Cube_FW_F0_V1.11.0/Drivers/CMSIS/Device/ST/STM32F0xx/Include -I/home/vitlaiy2034/STM32Cube/Repository/STM32Cube_FW_F0_V1.11.0/Drivers/CMSIS/Include -O0 -ffunction-sections -fdata-sections -Wall -fstack-usage -MMD -MP -MF"Core/Src/SevSeg.d" -MT"Core/Src/SevSeg.o"  -mfloat-abi=soft -mthumb -o "Core/Src/SevSeg.o"
arm-none-eabi-gcc "../Core/Src/Sleep.c" -mcpu=cortex-m0 -std=gnu11 -g3 -DUSE_HAL_DRIVER -DSTM32F030x6 -DDEBUG -c -I/home/vitlaiy2034/STM32Cube/Repository/STM32Cube_FW_F0_V1.11.0/Drivers/STM32F0xx_HAL_Driver/Inc/Legacy -I../Core/Inc -I/home/vitlaiy2034/STM32Cube/Repository/STM32Cube_FW_F0_V1.11.0/Drivers/STM32F0xx_HAL_Driver/Inc -I/home/vitlaiy2034/STM32Cube/Repository/STM32Cube_FW_F0_V1.11.0/Drivers/CMSIS/Device/ST/STM32F0xx/Include -I/home/vitlaiy2034/STM32Cube/Repository/STM32Cube_FW_F0_V1.11.0/Drivers/CMSIS/Include -O0 -ffunction-sections -fdata-sections -Wall -fstack-usage -MMD -MP -MF"Core/Src/Sleep.d" -MT"Core/Src/Sleep.o"  -mfloat-abi=soft -mthumb -o "Core/Src/Sleep.o"
arm-none-eabi-gcc "../Core/Src/main.c" -mcpu=cortex-m0 -std=gnu11 -g3 -DUSE_HAL_DRIVER -DSTM32F030x6 -DDEBUG -c -I/home/vitlaiy2034/STM32Cube/Repository/STM32Cube_FW_F0_V1.11.0/Drivers/STM32F0xx_HAL_Driver/Inc/Legacy -I../Core/Inc -I/home/vitlaiy2034/STM32Cube/Repository/STM32Cube_FW_F0_V1.11.0/Drivers/STM32F0xx_HAL_Driver/Inc -I/home/vitlaiy2034/STM32Cube/Repository/STM32Cube_FW_F0_V1.11.0/Drivers/CMSIS/Device/ST/STM32F0xx/Include -I/home/vitlaiy2034/STM32Cube/Repository/STM32Cube_FW_F0_V1.11.0/Drivers/CMSIS/Include -O0 -ffunction-sections -fdata-sections -Wall -fstack-usage -MMD -MP -MF"Core/Src/main.d" -MT"Core/Src/main.o"  -mfloat-abi=soft -mthumb -o "Core/Src/main.o"
In file included from ../Core/Src/main.c:23:0:
../Core/Inc/SevSeg.h:20:17: warning: 'ucaComPins' defined but not used [-Wunused-variable]
  static uint8_t ucaComPins[]={7,9,11,0};
                 ^~~~~~~~~~
../Core/Inc/SevSeg.h:19:17: warning: 'ucaSegPins' defined but not used [-Wunused-variable]
  static uint8_t ucaSegPins[]={8,12,5,3,2,10,1,4};
                 ^~~~~~~~~~
arm-none-eabi-gcc "../Core/Src/stm32f0xx_hal_msp.c" -mcpu=cortex-m0 -std=gnu11 -g3 -DUSE_HAL_DRIVER -DSTM32F030x6 -DDEBUG -c -I/home/vitlaiy2034/STM32Cube/Repository/STM32Cube_FW_F0_V1.11.0/Drivers/STM32F0xx_HAL_Driver/Inc/Legacy -I../Core/Inc -I/home/vitlaiy2034/STM32Cube/Repository/STM32Cube_FW_F0_V1.11.0/Drivers/STM32F0xx_HAL_Driver/Inc -I/home/vitlaiy2034/STM32Cube/Repository/STM32Cube_FW_F0_V1.11.0/Drivers/CMSIS/Device/ST/STM32F0xx/Include -I/home/vitlaiy2034/STM32Cube/Repository/STM32Cube_FW_F0_V1.11.0/Drivers/CMSIS/Include -O0 -ffunction-sections -fdata-sections -Wall -fstack-usage -MMD -MP -MF"Core/Src/stm32f0xx_hal_msp.d" -MT"Core/Src/stm32f0xx_hal_msp.o"  -mfloat-abi=soft -mthumb -o "Core/Src/stm32f0xx_hal_msp.o"
arm-none-eabi-gcc "../Core/Src/stm32f0xx_it.c" -mcpu=cortex-m0 -std=gnu11 -g3 -DUSE_HAL_DRIVER -DSTM32F030x6 -DDEBUG -c -I/home/vitlaiy2034/STM32Cube/Repository/STM32Cube_FW_F0_V1.11.0/Drivers/STM32F0xx_HAL_Driver/Inc/Legacy -I../Core/Inc -I/home/vitlaiy2034/STM32Cube/Repository/STM32Cube_FW_F0_V1.11.0/Drivers/STM32F0xx_HAL_Driver/Inc -I/home/vitlaiy2034/STM32Cube/Repository/STM32Cube_FW_F0_V1.11.0/Drivers/CMSIS/Device/ST/STM32F0xx/Include -I/home/vitlaiy2034/STM32Cube/Repository/STM32Cube_FW_F0_V1.11.0/Drivers/CMSIS/Include -O0 -ffunction-sections -fdata-sections -Wall -fstack-usage -MMD -MP -MF"Core/Src/stm32f0xx_it.d" -MT"Core/Src/stm32f0xx_it.o"  -mfloat-abi=soft -mthumb -o "Core/Src/stm32f0xx_it.o"
arm-none-eabi-gcc "../Core/Src/syscalls.c" -mcpu=cortex-m0 -std=gnu11 -g3 -DUSE_HAL_DRIVER -DSTM32F030x6 -DDEBUG -c -I/home/vitlaiy2034/STM32Cube/Repository/STM32Cube_FW_F0_V1.11.0/Drivers/STM32F0xx_HAL_Driver/Inc/Legacy -I../Core/Inc -I/home/vitlaiy2034/STM32Cube/Repository/STM32Cube_FW_F0_V1.11.0/Drivers/STM32F0xx_HAL_Driver/Inc -I/home/vitlaiy2034/STM32Cube/Repository/STM32Cube_FW_F0_V1.11.0/Drivers/CMSIS/Device/ST/STM32F0xx/Include -I/home/vitlaiy2034/STM32Cube/Repository/STM32Cube_FW_F0_V1.11.0/Drivers/CMSIS/Include -O0 -ffunction-sections -fdata-sections -Wall -fstack-usage -MMD -MP -MF"Core/Src/syscalls.d" -MT"Core/Src/syscalls.o"  -mfloat-abi=soft -mthumb -o "Core/Src/syscalls.o"
arm-none-eabi-gcc "../Core/Src/sysmem.c" -mcpu=cortex-m0 -std=gnu11 -g3 -DUSE_HAL_DRIVER -DSTM32F030x6 -DDEBUG -c -I/home/vitlaiy2034/STM32Cube/Repository/STM32Cube_FW_F0_V1.11.0/Drivers/STM32F0xx_HAL_Driver/Inc/Legacy -I../Core/Inc -I/home/vitlaiy2034/STM32Cube/Repository/STM32Cube_FW_F0_V1.11.0/Drivers/STM32F0xx_HAL_Driver/Inc -I/home/vitlaiy2034/STM32Cube/Repository/STM32Cube_FW_F0_V1.11.0/Drivers/CMSIS/Device/ST/STM32F0xx/Include -I/home/vitlaiy2034/STM32Cube/Repository/STM32Cube_FW_F0_V1.11.0/Drivers/CMSIS/Include -O0 -ffunction-sections -fdata-sections -Wall -fstack-usage -MMD -MP -MF"Core/Src/sysmem.d" -MT"Core/Src/sysmem.o"  -mfloat-abi=soft -mthumb -o "Core/Src/sysmem.o"
arm-none-eabi-gcc "../Core/Src/system_stm32f0xx.c" -mcpu=cortex-m0 -std=gnu11 -g3 -DUSE_HAL_DRIVER -DSTM32F030x6 -DDEBUG -c -I/home/vitlaiy2034/STM32Cube/Repository/STM32Cube_FW_F0_V1.11.0/Drivers/STM32F0xx_HAL_Driver/Inc/Legacy -I../Core/Inc -I/home/vitlaiy2034/STM32Cube/Repository/STM32Cube_FW_F0_V1.11.0/Drivers/STM32F0xx_HAL_Driver/Inc -I/home/vitlaiy2034/STM32Cube/Repository/STM32Cube_FW_F0_V1.11.0/Drivers/CMSIS/Device/ST/STM32F0xx/Include -I/home/vitlaiy2034/STM32Cube/Repository/STM32Cube_FW_F0_V1.11.0/Drivers/CMSIS/Include -O0 -ffunction-sections -fdata-sections -Wall -fstack-usage -MMD -MP -MF"Core/Src/system_stm32f0xx.d" -MT"Core/Src/system_stm32f0xx.o"  -mfloat-abi=soft -mthumb -o "Core/Src/system_stm32f0xx.o"
arm-none-eabi-g++ -o "TempSensor2.0.elf" @"objects.list"   -mcpu=cortex-m0 -T"/home/vitlaiy2034/GDrive/Projects/AccurateTempSensor/v0.1beta/Firmware/TempSensor2.0/STM32F030K6TX_FLASH.ld" --specs=nosys.specs -Wl,-Map="TempSensor2.0.map" -Wl,--gc-sections -static  -mfloat-abi=soft -mthumb -u _printf_float -Wl,--start-group -lc -lm -lstdc++ -lsupc++ -Wl,--end-group
/opt/st/stm32cubeide_1.1.0/plugins/com.st.stm32cube.ide.mcu.externaltools.gnu-tools-for-stm32.7-2018-q2-update.linux64_1.0.0.201904181610/tools/bin/../lib/gcc/arm-none-eabi/7.3.1/../../../../arm-none-eabi/bin/ld: TempSensor2.0.elf section `.text' will not fit in region `FLASH'
/opt/st/stm32cubeide_1.1.0/plugins/com.st.stm32cube.ide.mcu.externaltools.gnu-tools-for-stm32.7-2018-q2-update.linux64_1.0.0.201904181610/tools/bin/../lib/gcc/arm-none-eabi/7.3.1/../../../../arm-none-eabi/bin/ld: TempSensor2.0.elf section `._user_heap_stack' will not fit in region `RAM'
/opt/st/stm32cubeide_1.1.0/plugins/com.st.stm32cube.ide.mcu.externaltools.gnu-tools-for-stm32.7-2018-q2-update.linux64_1.0.0.201904181610/tools/bin/../lib/gcc/arm-none-eabi/7.3.1/../../../../arm-none-eabi/bin/ld: region `RAM' overflowed by 176 bytes
/opt/st/stm32cubeide_1.1.0/plugins/com.st.stm32cube.ide.mcu.externaltools.gnu-tools-for-stm32.7-2018-q2-update.linux64_1.0.0.201904181610/tools/bin/../lib/gcc/arm-none-eabi/7.3.1/../../../../arm-none-eabi/bin/ld: region `FLASH' overflowed by 4596 bytes
collect2: error: ld returned 1 exit status
make: *** [makefile:56: TempSensor2.0.elf] Error 1
"make -j2 all" terminated with exit code 2. Build might be incomplete.
07:35:28 **** Incremental Build of configuration Debug for project TempSensor2.0 ****
make -j2 all 
arm-none-eabi-g++ -o "TempSensor2.0.elf" @"objects.list"   -mcpu=cortex-m0 -T"/home/vitlaiy2034/GDrive/Projects/AccurateTempSensor/v0.1beta/Firmware/TempSensor2.0/STM32F030K6TX_FLASH.ld" --specs=nosys.specs -Wl,-Map="TempSensor2.0.map" -Wl,--gc-sections -static --specs=nano.specs -mfloat-abi=soft -mthumb -u _printf_float -Wl,--start-group -lc -lm -lstdc++ -lsupc++ -Wl,--end-group
Finished building target: TempSensor2.0.elf
 
arm-none-eabi-size   TempSensor2.0.elf 
arm-none-eabi-objdump -h -S  TempSensor2.0.elf  > "TempSensor2.0.list"
   text	   data	    bss	    dec	    hex	filename
  29312	    496	   1712	  31520	   7b20	TempSensor2.0.elf
Finished building: default.size.stdout
 
Finished building: TempSensor2.0.list
 
07:36:31 **** Incremental Build of configuration Debug for project TempSensor2.0 ****
make -j2 all 
arm-none-eabi-size   TempSensor2.0.elf 
   text	   data	    bss	    dec	    hex	filename
  29312	    496	   1712	  31520	   7b20	TempSensor2.0.elf
Finished building: default.size.stdout
 
07:36:55 **** Incremental Build of configuration Debug for project TempSensor2.0 ****
make -j2 all 
arm-none-eabi-size   TempSensor2.0.elf 
   text	   data	    bss	    dec	    hex	filename
  29312	    496	   1712	  31520	   7b20	TempSensor2.0.elf
Finished building: default.size.stdout
 
07:38:04 **** Incremental Build of configuration Debug for project TempSensor2.0 ****
make -j2 all 
arm-none-eabi-size   TempSensor2.0.elf 
   text	   data	    bss	    dec	    hex	filename
  29312	    496	   1712	  31520	   7b20	TempSensor2.0.elf
Finished building: default.size.stdout
 
07:38:27 **** Incremental Build of configuration Debug for project TempSensor2.0 ****
make -j2 all 
arm-none-eabi-size   TempSensor2.0.elf 
   text	   data	    bss	    dec	    hex	filename
  29312	    496	   1712	  31520	   7b20	TempSensor2.0.elf
Finished building: default.size.stdout
 
07:38:59 **** Incremental Build of configuration Debug for project TempSensor2.0 ****
make -j2 all 
arm-none-eabi-size   TempSensor2.0.elf 
   text	   data	    bss	    dec	    hex	filename
  29312	    496	   1712	  31520	   7b20	TempSensor2.0.elf
Finished building: default.size.stdout
 
07:39:32 **** Incremental Build of configuration Debug for project TempSensor2.0 ****
make -j2 all 
arm-none-eabi-size   TempSensor2.0.elf 
   text	   data	    bss	    dec	    hex	filename
  29312	    496	   1712	  31520	   7b20	TempSensor2.0.elf
Finished building: default.size.stdout
 
07:40:24 **** Incremental Build of configuration Debug for project TempSensor2.0 ****
make -j2 all 
arm-none-eabi-size   TempSensor2.0.elf 
   text	   data	    bss	    dec	    hex	filename
  29312	    496	   1712	  31520	   7b20	TempSensor2.0.elf
Finished building: default.size.stdout
 
07:40:40 **** Incremental Build of configuration Debug for project TempSensor2.0 ****
make -j2 all 
arm-none-eabi-size   TempSensor2.0.elf 
   text	   data	    bss	    dec	    hex	filename
  29312	    496	   1712	  31520	   7b20	TempSensor2.0.elf
Finished building: default.size.stdout
 
07:41:26 **** Incremental Build of configuration Debug for project TempSensor2.0 ****
make -j2 all 
arm-none-eabi-size   TempSensor2.0.elf 
   text	   data	    bss	    dec	    hex	filename
  29312	    496	   1712	  31520	   7b20	TempSensor2.0.elf
Finished building: default.size.stdout
 
07:41:50 **** Incremental Build of configuration Debug for project TempSensor2.0 ****
make -j2 all 
arm-none-eabi-size   TempSensor2.0.elf 
   text	   data	    bss	    dec	    hex	filename
  29312	    496	   1712	  31520	   7b20	TempSensor2.0.elf
Finished building: default.size.stdout
 
07:43:05 **** Incremental Build of configuration Debug for project TempSensor2.0 ****
make -j2 all 
arm-none-eabi-size   TempSensor2.0.elf 
   text	   data	    bss	    dec	    hex	filename
  29312	    496	   1712	  31520	   7b20	TempSensor2.0.elf
Finished building: default.size.stdout
 
07:43:14 **** Incremental Build of configuration Debug for project TempSensor2.0 ****
make -j2 all 
arm-none-eabi-size   TempSensor2.0.elf 
   text	   data	    bss	    dec	    hex	filename
  29312	    496	   1712	  31520	   7b20	TempSensor2.0.elf
Finished building: default.size.stdout
 
07:44:04 **** Incremental Build of configuration Debug for project TempSensor2.0 ****
make -j2 all 
arm-none-eabi-size   TempSensor2.0.elf 
   text	   data	    bss	    dec	    hex	filename
  29312	    496	   1712	  31520	   7b20	TempSensor2.0.elf
Finished building: default.size.stdout
 
07:46:58 **** Incremental Build of configuration Debug for project TempSensor2.0 ****
make -j2 all 
arm-none-eabi-gcc "../Core/Src/main.c" -mcpu=cortex-m0 -std=gnu11 -g3 -DUSE_HAL_DRIVER -DSTM32F030x6 -DDEBUG -c -I/home/vitlaiy2034/STM32Cube/Repository/STM32Cube_FW_F0_V1.11.0/Drivers/STM32F0xx_HAL_Driver/Inc/Legacy -I../Core/Inc -I/home/vitlaiy2034/STM32Cube/Repository/STM32Cube_FW_F0_V1.11.0/Drivers/STM32F0xx_HAL_Driver/Inc -I/home/vitlaiy2034/STM32Cube/Repository/STM32Cube_FW_F0_V1.11.0/Drivers/CMSIS/Device/ST/STM32F0xx/Include -I/home/vitlaiy2034/STM32Cube/Repository/STM32Cube_FW_F0_V1.11.0/Drivers/CMSIS/Include -O0 -ffunction-sections -fdata-sections -Wall -fstack-usage -MMD -MP -MF"Core/Src/main.d" -MT"Core/Src/main.o" --specs=nano.specs -mfloat-abi=soft -mthumb -o "Core/Src/main.o"
In file included from ../Core/Src/main.c:23:0:
../Core/Inc/SevSeg.h:20:17: warning: 'ucaComPins' defined but not used [-Wunused-variable]
  static uint8_t ucaComPins[]={7,9,11,0};
                 ^~~~~~~~~~
../Core/Inc/SevSeg.h:19:17: warning: 'ucaSegPins' defined but not used [-Wunused-variable]
  static uint8_t ucaSegPins[]={8,12,5,3,2,10,1,4};
                 ^~~~~~~~~~
arm-none-eabi-g++ -o "TempSensor2.0.elf" @"objects.list"   -mcpu=cortex-m0 -T"/home/vitlaiy2034/GDrive/Projects/AccurateTempSensor/v0.1beta/Firmware/TempSensor2.0/STM32F030K6TX_FLASH.ld" --specs=nosys.specs -Wl,-Map="TempSensor2.0.map" -Wl,--gc-sections -static --specs=nano.specs -mfloat-abi=soft -mthumb -u _printf_float -Wl,--start-group -lc -lm -lstdc++ -lsupc++ -Wl,--end-group
Finished building target: TempSensor2.0.elf
 
arm-none-eabi-objdump -h -S  TempSensor2.0.elf  > "TempSensor2.0.list"
arm-none-eabi-size   TempSensor2.0.elf 
   text	   data	    bss	    dec	    hex	filename
  29240	    496	   1712	  31448	   7ad8	TempSensor2.0.elf
Finished building: default.size.stdout
 
Finished building: TempSensor2.0.list
 
07:47:31 **** Incremental Build of configuration Debug for project TempSensor2.0 ****
make -j2 all 
arm-none-eabi-size   TempSensor2.0.elf 
   text	   data	    bss	    dec	    hex	filename
  29240	    496	   1712	  31448	   7ad8	TempSensor2.0.elf
Finished building: default.size.stdout
 
07:47:45 **** Incremental Build of configuration Debug for project TempSensor2.0 ****
make -j2 all 
arm-none-eabi-size   TempSensor2.0.elf 
   text	   data	    bss	    dec	    hex	filename
  29240	    496	   1712	  31448	   7ad8	TempSensor2.0.elf
Finished building: default.size.stdout
 
07:48:11 **** Incremental Build of configuration Debug for project TempSensor2.0 ****
make -j2 all 
arm-none-eabi-size   TempSensor2.0.elf 
   text	   data	    bss	    dec	    hex	filename
  29240	    496	   1712	  31448	   7ad8	TempSensor2.0.elf
Finished building: default.size.stdout
 
07:48:26 **** Incremental Build of configuration Debug for project TempSensor2.0 ****
make -j2 all 
arm-none-eabi-size   TempSensor2.0.elf 
   text	   data	    bss	    dec	    hex	filename
  29240	    496	   1712	  31448	   7ad8	TempSensor2.0.elf
Finished building: default.size.stdout
 
07:50:29 **** Incremental Build of configuration Debug for project TempSensor2.0 ****
make -j2 all 
arm-none-eabi-gcc "../Core/Src/main.c" -mcpu=cortex-m0 -std=gnu11 -g3 -DUSE_HAL_DRIVER -DSTM32F030x6 -DDEBUG -c -I/home/vitlaiy2034/STM32Cube/Repository/STM32Cube_FW_F0_V1.11.0/Drivers/STM32F0xx_HAL_Driver/Inc/Legacy -I../Core/Inc -I/home/vitlaiy2034/STM32Cube/Repository/STM32Cube_FW_F0_V1.11.0/Drivers/STM32F0xx_HAL_Driver/Inc -I/home/vitlaiy2034/STM32Cube/Repository/STM32Cube_FW_F0_V1.11.0/Drivers/CMSIS/Device/ST/STM32F0xx/Include -I/home/vitlaiy2034/STM32Cube/Repository/STM32Cube_FW_F0_V1.11.0/Drivers/CMSIS/Include -O0 -ffunction-sections -fdata-sections -Wall -fstack-usage -MMD -MP -MF"Core/Src/main.d" -MT"Core/Src/main.o" --specs=nano.specs -mfloat-abi=soft -mthumb -o "Core/Src/main.o"
../Core/Src/main.c: In function 'main':
../Core/Src/main.c:109:8: error: expected ')' before numeric constant
        0);
        ^
In file included from ../Core/Src/main.c:23:0:
At top level:
../Core/Inc/SevSeg.h:20:17: warning: 'ucaComPins' defined but not used [-Wunused-variable]
  static uint8_t ucaComPins[]={7,9,11,0};
                 ^~~~~~~~~~
../Core/Inc/SevSeg.h:19:17: warning: 'ucaSegPins' defined but not used [-Wunused-variable]
  static uint8_t ucaSegPins[]={8,12,5,3,2,10,1,4};
                 ^~~~~~~~~~
make: *** [Core/Src/subdir.mk:43: Core/Src/main.o] Error 1
"make -j2 all" terminated with exit code 2. Build might be incomplete.
07:50:49 **** Incremental Build of configuration Debug for project TempSensor2.0 ****
make -j2 all 
arm-none-eabi-gcc "../Core/Src/main.c" -mcpu=cortex-m0 -std=gnu11 -g3 -DUSE_HAL_DRIVER -DSTM32F030x6 -DDEBUG -c -I/home/vitlaiy2034/STM32Cube/Repository/STM32Cube_FW_F0_V1.11.0/Drivers/STM32F0xx_HAL_Driver/Inc/Legacy -I../Core/Inc -I/home/vitlaiy2034/STM32Cube/Repository/STM32Cube_FW_F0_V1.11.0/Drivers/STM32F0xx_HAL_Driver/Inc -I/home/vitlaiy2034/STM32Cube/Repository/STM32Cube_FW_F0_V1.11.0/Drivers/CMSIS/Device/ST/STM32F0xx/Include -I/home/vitlaiy2034/STM32Cube/Repository/STM32Cube_FW_F0_V1.11.0/Drivers/CMSIS/Include -O0 -ffunction-sections -fdata-sections -Wall -fstack-usage -MMD -MP -MF"Core/Src/main.d" -MT"Core/Src/main.o" --specs=nano.specs -mfloat-abi=soft -mthumb -o "Core/Src/main.o"
In file included from ../Core/Src/main.c:23:0:
../Core/Inc/SevSeg.h:20:17: warning: 'ucaComPins' defined but not used [-Wunused-variable]
  static uint8_t ucaComPins[]={7,9,11,0};
                 ^~~~~~~~~~
../Core/Inc/SevSeg.h:19:17: warning: 'ucaSegPins' defined but not used [-Wunused-variable]
  static uint8_t ucaSegPins[]={8,12,5,3,2,10,1,4};
                 ^~~~~~~~~~
arm-none-eabi-g++ -o "TempSensor2.0.elf" @"objects.list"   -mcpu=cortex-m0 -T"/home/vitlaiy2034/GDrive/Projects/AccurateTempSensor/v0.1beta/Firmware/TempSensor2.0/STM32F030K6TX_FLASH.ld" --specs=nosys.specs -Wl,-Map="TempSensor2.0.map" -Wl,--gc-sections -static --specs=nano.specs -mfloat-abi=soft -mthumb -u _printf_float -Wl,--start-group -lc -lm -lstdc++ -lsupc++ -Wl,--end-group
Finished building target: TempSensor2.0.elf
 
arm-none-eabi-objdump -h -S  TempSensor2.0.elf  > "TempSensor2.0.list"
arm-none-eabi-size   TempSensor2.0.elf 
   text	   data	    bss	    dec	    hex	filename
  29240	    496	   1712	  31448	   7ad8	TempSensor2.0.elf
Finished building: default.size.stdout
 
Finished building: TempSensor2.0.list
 
07:51:22 **** Incremental Build of configuration Debug for project TempSensor2.0 ****
make -j2 all 
arm-none-eabi-size   TempSensor2.0.elf 
   text	   data	    bss	    dec	    hex	filename
  29240	    496	   1712	  31448	   7ad8	TempSensor2.0.elf
Finished building: default.size.stdout
 
07:52:07 **** Incremental Build of configuration Debug for project TempSensor2.0 ****
make -j2 all 
arm-none-eabi-size   TempSensor2.0.elf 
   text	   data	    bss	    dec	    hex	filename
  29240	    496	   1712	  31448	   7ad8	TempSensor2.0.elf
Finished building: default.size.stdout
 
07:52:32 **** Incremental Build of configuration Debug for project TempSensor2.0 ****
make -j2 all 
arm-none-eabi-size   TempSensor2.0.elf 
   text	   data	    bss	    dec	    hex	filename
  29240	    496	   1712	  31448	   7ad8	TempSensor2.0.elf
Finished building: default.size.stdout
 
07:52:55 **** Incremental Build of configuration Debug for project TempSensor2.0 ****
make -j2 all 
arm-none-eabi-size   TempSensor2.0.elf 
   text	   data	    bss	    dec	    hex	filename
  29240	    496	   1712	  31448	   7ad8	TempSensor2.0.elf
Finished building: default.size.stdout
 
07:54:36 **** Incremental Build of configuration Debug for project TempSensor2.0 ****
make -j2 all 
arm-none-eabi-size   TempSensor2.0.elf 
   text	   data	    bss	    dec	    hex	filename
  29240	    496	   1712	  31448	   7ad8	TempSensor2.0.elf
Finished building: default.size.stdout
 
07:55:10 **** Incremental Build of configuration Debug for project TempSensor2.0 ****
make -j2 all 
arm-none-eabi-size   TempSensor2.0.elf 
   text	   data	    bss	    dec	    hex	filename
  29240	    496	   1712	  31448	   7ad8	TempSensor2.0.elf
Finished building: default.size.stdout
 
07:55:25 **** Incremental Build of configuration Debug for project TempSensor2.0 ****
make -j2 all 
arm-none-eabi-size   TempSensor2.0.elf 
   text	   data	    bss	    dec	    hex	filename
  29240	    496	   1712	  31448	   7ad8	TempSensor2.0.elf
Finished building: default.size.stdout
 
07:55:47 **** Incremental Build of configuration Debug for project TempSensor2.0 ****
make -j2 all 
arm-none-eabi-size   TempSensor2.0.elf 
   text	   data	    bss	    dec	    hex	filename
  29240	    496	   1712	  31448	   7ad8	TempSensor2.0.elf
Finished building: default.size.stdout
 
07:56:06 **** Incremental Build of configuration Debug for project TempSensor2.0 ****
make -j2 all 
arm-none-eabi-size   TempSensor2.0.elf 
   text	   data	    bss	    dec	    hex	filename
  29240	    496	   1712	  31448	   7ad8	TempSensor2.0.elf
Finished building: default.size.stdout
 
07:57:14 **** Incremental Build of configuration Debug for project TempSensor2.0 ****
make -j2 all 
arm-none-eabi-size   TempSensor2.0.elf 
   text	   data	    bss	    dec	    hex	filename
  29240	    496	   1712	  31448	   7ad8	TempSensor2.0.elf
Finished building: default.size.stdout
 
07:57:52 **** Incremental Build of configuration Debug for project TempSensor2.0 ****
make -j2 all 
arm-none-eabi-size   TempSensor2.0.elf 
   text	   data	    bss	    dec	    hex	filename
  29240	    496	   1712	  31448	   7ad8	TempSensor2.0.elf
Finished building: default.size.stdout
 
07:58:22 **** Incremental Build of configuration Debug for project TempSensor2.0 ****
make -j2 all 
arm-none-eabi-size   TempSensor2.0.elf 
   text	   data	    bss	    dec	    hex	filename
  29240	    496	   1712	  31448	   7ad8	TempSensor2.0.elf
Finished building: default.size.stdout
 
07:58:33 **** Incremental Build of configuration Debug for project TempSensor2.0 ****
make -j2 all 
arm-none-eabi-size   TempSensor2.0.elf 
   text	   data	    bss	    dec	    hex	filename
  29240	    496	   1712	  31448	   7ad8	TempSensor2.0.elf
Finished building: default.size.stdout
 
07:59:27 **** Incremental Build of configuration Debug for project TempSensor2.0 ****
make -j2 all 
arm-none-eabi-size   TempSensor2.0.elf 
   text	   data	    bss	    dec	    hex	filename
  29240	    496	   1712	  31448	   7ad8	TempSensor2.0.elf
Finished building: default.size.stdout
 
07:59:44 **** Incremental Build of configuration Debug for project TempSensor2.0 ****
make -j2 all 
arm-none-eabi-size   TempSensor2.0.elf 
   text	   data	    bss	    dec	    hex	filename
  29240	    496	   1712	  31448	   7ad8	TempSensor2.0.elf
Finished building: default.size.stdout
 
07:59:59 **** Incremental Build of configuration Debug for project TempSensor2.0 ****
make -j2 all 
arm-none-eabi-size   TempSensor2.0.elf 
   text	   data	    bss	    dec	    hex	filename
  29240	    496	   1712	  31448	   7ad8	TempSensor2.0.elf
Finished building: default.size.stdout
 
08:00:53 **** Incremental Build of configuration Debug for project TempSensor2.0 ****
make -j2 all 
arm-none-eabi-gcc "../Core/Src/main.c" -mcpu=cortex-m0 -std=gnu11 -g3 -DUSE_HAL_DRIVER -DSTM32F030x6 -DDEBUG -c -I/home/vitlaiy2034/STM32Cube/Repository/STM32Cube_FW_F0_V1.11.0/Drivers/STM32F0xx_HAL_Driver/Inc/Legacy -I../Core/Inc -I/home/vitlaiy2034/STM32Cube/Repository/STM32Cube_FW_F0_V1.11.0/Drivers/STM32F0xx_HAL_Driver/Inc -I/home/vitlaiy2034/STM32Cube/Repository/STM32Cube_FW_F0_V1.11.0/Drivers/CMSIS/Device/ST/STM32F0xx/Include -I/home/vitlaiy2034/STM32Cube/Repository/STM32Cube_FW_F0_V1.11.0/Drivers/CMSIS/Include -O0 -ffunction-sections -fdata-sections -Wall -fstack-usage -MMD -MP -MF"Core/Src/main.d" -MT"Core/Src/main.o" --specs=nano.specs -mfloat-abi=soft -mthumb -o "Core/Src/main.o"
In file included from ../Core/Src/main.c:23:0:
../Core/Inc/SevSeg.h:20:17: warning: 'ucaComPins' defined but not used [-Wunused-variable]
  static uint8_t ucaComPins[]={7,9,11,0};
                 ^~~~~~~~~~
../Core/Inc/SevSeg.h:19:17: warning: 'ucaSegPins' defined but not used [-Wunused-variable]
  static uint8_t ucaSegPins[]={8,12,5,3,2,10,1,4};
                 ^~~~~~~~~~
arm-none-eabi-g++ -o "TempSensor2.0.elf" @"objects.list"   -mcpu=cortex-m0 -T"/home/vitlaiy2034/GDrive/Projects/AccurateTempSensor/v0.1beta/Firmware/TempSensor2.0/STM32F030K6TX_FLASH.ld" --specs=nosys.specs -Wl,-Map="TempSensor2.0.map" -Wl,--gc-sections -static --specs=nano.specs -mfloat-abi=soft -mthumb -u _printf_float -Wl,--start-group -lc -lm -lstdc++ -lsupc++ -Wl,--end-group
Finished building target: TempSensor2.0.elf
 
arm-none-eabi-objdump -h -S  TempSensor2.0.elf  > "TempSensor2.0.list"
arm-none-eabi-size   TempSensor2.0.elf 
   text	   data	    bss	    dec	    hex	filename
  29240	    496	   1712	  31448	   7ad8	TempSensor2.0.elf
Finished building: default.size.stdout
 
Finished building: TempSensor2.0.list
 
08:01:06 **** Incremental Build of configuration Debug for project TempSensor2.0 ****
make -j2 all 
arm-none-eabi-size   TempSensor2.0.elf 
   text	   data	    bss	    dec	    hex	filename
  29240	    496	   1712	  31448	   7ad8	TempSensor2.0.elf
Finished building: default.size.stdout
 
08:05:28 **** Incremental Build of configuration Debug for project TempSensor2.0 ****
make -j2 all 
arm-none-eabi-size   TempSensor2.0.elf 
   text	   data	    bss	    dec	    hex	filename
  29240	    496	   1712	  31448	   7ad8	TempSensor2.0.elf
Finished building: default.size.stdout
 
08:05:56 **** Incremental Build of configuration Debug for project TempSensor2.0 ****
make -j2 all 
arm-none-eabi-size   TempSensor2.0.elf 
   text	   data	    bss	    dec	    hex	filename
  29240	    496	   1712	  31448	   7ad8	TempSensor2.0.elf
Finished building: default.size.stdout
 
08:06:09 **** Incremental Build of configuration Debug for project TempSensor2.0 ****
make -j2 all 
arm-none-eabi-gcc "../Core/Src/main.c" -mcpu=cortex-m0 -std=gnu11 -g3 -DUSE_HAL_DRIVER -DSTM32F030x6 -DDEBUG -c -I/home/vitlaiy2034/STM32Cube/Repository/STM32Cube_FW_F0_V1.11.0/Drivers/STM32F0xx_HAL_Driver/Inc/Legacy -I../Core/Inc -I/home/vitlaiy2034/STM32Cube/Repository/STM32Cube_FW_F0_V1.11.0/Drivers/STM32F0xx_HAL_Driver/Inc -I/home/vitlaiy2034/STM32Cube/Repository/STM32Cube_FW_F0_V1.11.0/Drivers/CMSIS/Device/ST/STM32F0xx/Include -I/home/vitlaiy2034/STM32Cube/Repository/STM32Cube_FW_F0_V1.11.0/Drivers/CMSIS/Include -O0 -ffunction-sections -fdata-sections -Wall -fstack-usage -MMD -MP -MF"Core/Src/main.d" -MT"Core/Src/main.o" --specs=nano.specs -mfloat-abi=soft -mthumb -o "Core/Src/main.o"
In file included from ../Core/Src/main.c:23:0:
../Core/Inc/SevSeg.h:20:17: warning: 'ucaComPins' defined but not used [-Wunused-variable]
  static uint8_t ucaComPins[]={7,9,11,0};
                 ^~~~~~~~~~
../Core/Inc/SevSeg.h:19:17: warning: 'ucaSegPins' defined but not used [-Wunused-variable]
  static uint8_t ucaSegPins[]={8,12,5,3,2,10,1,4};
                 ^~~~~~~~~~
arm-none-eabi-g++ -o "TempSensor2.0.elf" @"objects.list"   -mcpu=cortex-m0 -T"/home/vitlaiy2034/GDrive/Projects/AccurateTempSensor/v0.1beta/Firmware/TempSensor2.0/STM32F030K6TX_FLASH.ld" --specs=nosys.specs -Wl,-Map="TempSensor2.0.map" -Wl,--gc-sections -static --specs=nano.specs -mfloat-abi=soft -mthumb -u _printf_float -Wl,--start-group -lc -lm -lstdc++ -lsupc++ -Wl,--end-group
Finished building target: TempSensor2.0.elf
 
arm-none-eabi-objdump -h -S  TempSensor2.0.elf  > "TempSensor2.0.list"
arm-none-eabi-size   TempSensor2.0.elf 
   text	   data	    bss	    dec	    hex	filename
  29240	    496	   1712	  31448	   7ad8	TempSensor2.0.elf
Finished building: default.size.stdout
 
Finished building: TempSensor2.0.list
 
08:06:35 **** Incremental Build of configuration Debug for project TempSensor2.0 ****
make -j2 all 
arm-none-eabi-size   TempSensor2.0.elf 
   text	   data	    bss	    dec	    hex	filename
  29240	    496	   1712	  31448	   7ad8	TempSensor2.0.elf
Finished building: default.size.stdout
 
08:08:56 **** Incremental Build of configuration Debug for project TempSensor2.0 ****
make -j2 all 
arm-none-eabi-gcc "../Core/Src/main.c" -mcpu=cortex-m0 -std=gnu11 -g3 -DUSE_HAL_DRIVER -DSTM32F030x6 -DDEBUG -c -I/home/vitlaiy2034/STM32Cube/Repository/STM32Cube_FW_F0_V1.11.0/Drivers/STM32F0xx_HAL_Driver/Inc/Legacy -I../Core/Inc -I/home/vitlaiy2034/STM32Cube/Repository/STM32Cube_FW_F0_V1.11.0/Drivers/STM32F0xx_HAL_Driver/Inc -I/home/vitlaiy2034/STM32Cube/Repository/STM32Cube_FW_F0_V1.11.0/Drivers/CMSIS/Device/ST/STM32F0xx/Include -I/home/vitlaiy2034/STM32Cube/Repository/STM32Cube_FW_F0_V1.11.0/Drivers/CMSIS/Include -O0 -ffunction-sections -fdata-sections -Wall -fstack-usage -MMD -MP -MF"Core/Src/main.d" -MT"Core/Src/main.o" --specs=nano.specs -mfloat-abi=soft -mthumb -o "Core/Src/main.o"
In file included from ../Core/Src/main.c:23:0:
../Core/Inc/SevSeg.h:20:17: warning: 'ucaComPins' defined but not used [-Wunused-variable]
  static uint8_t ucaComPins[]={7,9,11,0};
                 ^~~~~~~~~~
../Core/Inc/SevSeg.h:19:17: warning: 'ucaSegPins' defined but not used [-Wunused-variable]
  static uint8_t ucaSegPins[]={8,12,5,3,2,10,1,4};
                 ^~~~~~~~~~
arm-none-eabi-g++ -o "TempSensor2.0.elf" @"objects.list"   -mcpu=cortex-m0 -T"/home/vitlaiy2034/GDrive/Projects/AccurateTempSensor/v0.1beta/Firmware/TempSensor2.0/STM32F030K6TX_FLASH.ld" --specs=nosys.specs -Wl,-Map="TempSensor2.0.map" -Wl,--gc-sections -static --specs=nano.specs -mfloat-abi=soft -mthumb -u _printf_float -Wl,--start-group -lc -lm -lstdc++ -lsupc++ -Wl,--end-group
Finished building target: TempSensor2.0.elf
 
arm-none-eabi-objdump -h -S  TempSensor2.0.elf  > "TempSensor2.0.list"
arm-none-eabi-size   TempSensor2.0.elf 
   text	   data	    bss	    dec	    hex	filename
  29240	    496	   1712	  31448	   7ad8	TempSensor2.0.elf
Finished building: default.size.stdout
 
Finished building: TempSensor2.0.list
 
08:09:22 **** Incremental Build of configuration Debug for project TempSensor2.0 ****
make -j2 all 
arm-none-eabi-size   TempSensor2.0.elf 
   text	   data	    bss	    dec	    hex	filename
  29240	    496	   1712	  31448	   7ad8	TempSensor2.0.elf
Finished building: default.size.stdout
 
08:09:43 **** Incremental Build of configuration Debug for project TempSensor2.0 ****
make -j2 all 
arm-none-eabi-size   TempSensor2.0.elf 
   text	   data	    bss	    dec	    hex	filename
  29240	    496	   1712	  31448	   7ad8	TempSensor2.0.elf
Finished building: default.size.stdout
 
08:10:25 **** Incremental Build of configuration Debug for project TempSensor2.0 ****
make -j2 all 
arm-none-eabi-size   TempSensor2.0.elf 
   text	   data	    bss	    dec	    hex	filename
  29240	    496	   1712	  31448	   7ad8	TempSensor2.0.elf
Finished building: default.size.stdout
 
08:10:40 **** Incremental Build of configuration Debug for project TempSensor2.0 ****
make -j2 all 
arm-none-eabi-size   TempSensor2.0.elf 
   text	   data	    bss	    dec	    hex	filename
  29240	    496	   1712	  31448	   7ad8	TempSensor2.0.elf
Finished building: default.size.stdout
 
08:14:04 **** Incremental Build of configuration Debug for project TempSensor2.0 ****
make -j2 all 
arm-none-eabi-gcc "../Core/Src/main.c" -mcpu=cortex-m0 -std=gnu11 -g3 -DUSE_HAL_DRIVER -DSTM32F030x6 -DDEBUG -c -I/home/vitlaiy2034/STM32Cube/Repository/STM32Cube_FW_F0_V1.11.0/Drivers/STM32F0xx_HAL_Driver/Inc/Legacy -I../Core/Inc -I/home/vitlaiy2034/STM32Cube/Repository/STM32Cube_FW_F0_V1.11.0/Drivers/STM32F0xx_HAL_Driver/Inc -I/home/vitlaiy2034/STM32Cube/Repository/STM32Cube_FW_F0_V1.11.0/Drivers/CMSIS/Device/ST/STM32F0xx/Include -I/home/vitlaiy2034/STM32Cube/Repository/STM32Cube_FW_F0_V1.11.0/Drivers/CMSIS/Include -O0 -ffunction-sections -fdata-sections -Wall -fstack-usage -MMD -MP -MF"Core/Src/main.d" -MT"Core/Src/main.o" --specs=nano.specs -mfloat-abi=soft -mthumb -o "Core/Src/main.o"
In file included from ../Core/Src/main.c:23:0:
../Core/Inc/SevSeg.h:20:17: warning: 'ucaComPins' defined but not used [-Wunused-variable]
  static uint8_t ucaComPins[]={7,9,11,0};
                 ^~~~~~~~~~
../Core/Inc/SevSeg.h:19:17: warning: 'ucaSegPins' defined but not used [-Wunused-variable]
  static uint8_t ucaSegPins[]={8,12,5,3,2,10,1,4};
                 ^~~~~~~~~~
arm-none-eabi-g++ -o "TempSensor2.0.elf" @"objects.list"   -mcpu=cortex-m0 -T"/home/vitlaiy2034/GDrive/Projects/AccurateTempSensor/v0.1beta/Firmware/TempSensor2.0/STM32F030K6TX_FLASH.ld" --specs=nosys.specs -Wl,-Map="TempSensor2.0.map" -Wl,--gc-sections -static --specs=nano.specs -mfloat-abi=soft -mthumb -u _printf_float -Wl,--start-group -lc -lm -lstdc++ -lsupc++ -Wl,--end-group
Finished building target: TempSensor2.0.elf
 
arm-none-eabi-objdump -h -S  TempSensor2.0.elf  > "TempSensor2.0.list"
arm-none-eabi-size   TempSensor2.0.elf 
   text	   data	    bss	    dec	    hex	filename
  29240	    496	   1712	  31448	   7ad8	TempSensor2.0.elf
Finished building: default.size.stdout
 
Finished building: TempSensor2.0.list
 
08:14:39 **** Incremental Build of configuration Debug for project TempSensor2.0 ****
make -j2 all 
arm-none-eabi-size   TempSensor2.0.elf 
   text	   data	    bss	    dec	    hex	filename
  29240	    496	   1712	  31448	   7ad8	TempSensor2.0.elf
Finished building: default.size.stdout
 
08:15:32 **** Incremental Build of configuration Debug for project TempSensor2.0 ****
make -j2 all 
arm-none-eabi-size   TempSensor2.0.elf 
   text	   data	    bss	    dec	    hex	filename
  29240	    496	   1712	  31448	   7ad8	TempSensor2.0.elf
Finished building: default.size.stdout
 
08:17:13 **** Incremental Build of configuration Debug for project TempSensor2.0 ****
make -j2 all 
arm-none-eabi-size   TempSensor2.0.elf 
   text	   data	    bss	    dec	    hex	filename
  29240	    496	   1712	  31448	   7ad8	TempSensor2.0.elf
Finished building: default.size.stdout
 
08:17:39 **** Incremental Build of configuration Debug for project TempSensor2.0 ****
make -j2 all 
arm-none-eabi-size   TempSensor2.0.elf 
   text	   data	    bss	    dec	    hex	filename
  29240	    496	   1712	  31448	   7ad8	TempSensor2.0.elf
Finished building: default.size.stdout
 
08:18:46 **** Incremental Build of configuration Debug for project TempSensor2.0 ****
make -j2 all 
arm-none-eabi-size   TempSensor2.0.elf 
   text	   data	    bss	    dec	    hex	filename
  29240	    496	   1712	  31448	   7ad8	TempSensor2.0.elf
Finished building: default.size.stdout
 
08:19:08 **** Incremental Build of configuration Debug for project TempSensor2.0 ****
make -j2 all 
arm-none-eabi-size   TempSensor2.0.elf 
   text	   data	    bss	    dec	    hex	filename
  29240	    496	   1712	  31448	   7ad8	TempSensor2.0.elf
Finished building: default.size.stdout
 
08:19:50 **** Incremental Build of configuration Debug for project TempSensor2.0 ****
make -j2 all 
arm-none-eabi-size   TempSensor2.0.elf 
   text	   data	    bss	    dec	    hex	filename
  29240	    496	   1712	  31448	   7ad8	TempSensor2.0.elf
Finished building: default.size.stdout
 
08:19:58 **** Incremental Build of configuration Debug for project TempSensor2.0 ****
make -j2 all 
arm-none-eabi-size   TempSensor2.0.elf 
   text	   data	    bss	    dec	    hex	filename
  29240	    496	   1712	  31448	   7ad8	TempSensor2.0.elf
Finished building: default.size.stdout
 
08:20:18 **** Incremental Build of configuration Debug for project TempSensor2.0 ****
make -j2 all 
arm-none-eabi-size   TempSensor2.0.elf 
   text	   data	    bss	    dec	    hex	filename
  29240	    496	   1712	  31448	   7ad8	TempSensor2.0.elf
Finished building: default.size.stdout
 
08:20:21 **** Incremental Build of configuration Debug for project TempSensor2.0 ****
make -j2 all 
arm-none-eabi-size   TempSensor2.0.elf 
   text	   data	    bss	    dec	    hex	filename
  29240	    496	   1712	  31448	   7ad8	TempSensor2.0.elf
Finished building: default.size.stdout
 
08:20:36 **** Incremental Build of configuration Debug for project TempSensor2.0 ****
make -j2 all 
arm-none-eabi-size   TempSensor2.0.elf 
   text	   data	    bss	    dec	    hex	filename
  29240	    496	   1712	  31448	   7ad8	TempSensor2.0.elf
Finished building: default.size.stdout
 
08:20:54 **** Incremental Build of configuration Debug for project TempSensor2.0 ****
make -j2 all 
arm-none-eabi-size   TempSensor2.0.elf 
   text	   data	    bss	    dec	    hex	filename
  29240	    496	   1712	  31448	   7ad8	TempSensor2.0.elf
Finished building: default.size.stdout
 
08:21:17 **** Incremental Build of configuration Debug for project TempSensor2.0 ****
make -j2 all 
arm-none-eabi-size   TempSensor2.0.elf 
   text	   data	    bss	    dec	    hex	filename
  29240	    496	   1712	  31448	   7ad8	TempSensor2.0.elf
Finished building: default.size.stdout
 
08:21:38 **** Incremental Build of configuration Debug for project TempSensor2.0 ****
make -j2 all 
arm-none-eabi-size   TempSensor2.0.elf 
   text	   data	    bss	    dec	    hex	filename
  29240	    496	   1712	  31448	   7ad8	TempSensor2.0.elf
Finished building: default.size.stdout
 
08:21:56 **** Incremental Build of configuration Debug for project TempSensor2.0 ****
make -j2 all 
arm-none-eabi-size   TempSensor2.0.elf 
   text	   data	    bss	    dec	    hex	filename
  29240	    496	   1712	  31448	   7ad8	TempSensor2.0.elf
Finished building: default.size.stdout
 
08:22:12 **** Incremental Build of configuration Debug for project TempSensor2.0 ****
make -j2 all 
arm-none-eabi-size   TempSensor2.0.elf 
   text	   data	    bss	    dec	    hex	filename
  29240	    496	   1712	  31448	   7ad8	TempSensor2.0.elf
Finished building: default.size.stdout
 
08:22:20 **** Incremental Build of configuration Debug for project TempSensor2.0 ****
make -j2 all 
arm-none-eabi-size   TempSensor2.0.elf 
   text	   data	    bss	    dec	    hex	filename
  29240	    496	   1712	  31448	   7ad8	TempSensor2.0.elf
Finished building: default.size.stdout
 
08:24:57 **** Incremental Build of configuration Debug for project TempSensor2.0 ****
make -j2 all 
arm-none-eabi-size   TempSensor2.0.elf 
   text	   data	    bss	    dec	    hex	filename
  29240	    496	   1712	  31448	   7ad8	TempSensor2.0.elf
Finished building: default.size.stdout
 
08:25:25 **** Incremental Build of configuration Debug for project TempSensor2.0 ****
make -j2 all 
arm-none-eabi-size   TempSensor2.0.elf 
   text	   data	    bss	    dec	    hex	filename
  29240	    496	   1712	  31448	   7ad8	TempSensor2.0.elf
Finished building: default.size.stdout
 
08:25:57 **** Incremental Build of configuration Debug for project TempSensor2.0 ****
make -j2 all 
arm-none-eabi-size   TempSensor2.0.elf 
   text	   data	    bss	    dec	    hex	filename
  29240	    496	   1712	  31448	   7ad8	TempSensor2.0.elf
Finished building: default.size.stdout
 
08:26:10 **** Incremental Build of configuration Debug for project TempSensor2.0 ****
make -j2 all 
arm-none-eabi-size   TempSensor2.0.elf 
   text	   data	    bss	    dec	    hex	filename
  29240	    496	   1712	  31448	   7ad8	TempSensor2.0.elf
Finished building: default.size.stdout
 
08:26:38 **** Incremental Build of configuration Debug for project TempSensor2.0 ****
make -j2 all 
arm-none-eabi-size   TempSensor2.0.elf 
   text	   data	    bss	    dec	    hex	filename
  29240	    496	   1712	  31448	   7ad8	TempSensor2.0.elf
Finished building: default.size.stdout
 
08:26:51 **** Incremental Build of configuration Debug for project TempSensor2.0 ****
make -j2 all 
arm-none-eabi-size   TempSensor2.0.elf 
   text	   data	    bss	    dec	    hex	filename
  29240	    496	   1712	  31448	   7ad8	TempSensor2.0.elf
Finished building: default.size.stdout
 
08:26:55 **** Incremental Build of configuration Debug for project TempSensor2.0 ****
make -j2 all 
arm-none-eabi-size   TempSensor2.0.elf 
   text	   data	    bss	    dec	    hex	filename
  29240	    496	   1712	  31448	   7ad8	TempSensor2.0.elf
Finished building: default.size.stdout
 
08:27:16 **** Incremental Build of configuration Debug for project TempSensor2.0 ****
make -j2 all 
arm-none-eabi-size   TempSensor2.0.elf 
   text	   data	    bss	    dec	    hex	filename
  29240	    496	   1712	  31448	   7ad8	TempSensor2.0.elf
Finished building: default.size.stdout
 
08:28:13 **** Incremental Build of configuration Debug for project TempSensor2.0 ****
make -j2 all 
arm-none-eabi-size   TempSensor2.0.elf 
   text	   data	    bss	    dec	    hex	filename
  29240	    496	   1712	  31448	   7ad8	TempSensor2.0.elf
Finished building: default.size.stdout
 
08:28:29 **** Incremental Build of configuration Debug for project TempSensor2.0 ****
make -j2 all 
arm-none-eabi-size   TempSensor2.0.elf 
   text	   data	    bss	    dec	    hex	filename
  29240	    496	   1712	  31448	   7ad8	TempSensor2.0.elf
Finished building: default.size.stdout
 
08:30:08 **** Incremental Build of configuration Debug for project TempSensor2.0 ****
make -j2 all 
arm-none-eabi-size   TempSensor2.0.elf 
   text	   data	    bss	    dec	    hex	filename
  29240	    496	   1712	  31448	   7ad8	TempSensor2.0.elf
Finished building: default.size.stdout
 
08:30:42 **** Incremental Build of configuration Debug for project TempSensor2.0 ****
make -j2 all 
arm-none-eabi-size   TempSensor2.0.elf 
   text	   data	    bss	    dec	    hex	filename
  29240	    496	   1712	  31448	   7ad8	TempSensor2.0.elf
Finished building: default.size.stdout
 
08:30:55 **** Incremental Build of configuration Debug for project TempSensor2.0 ****
make -j2 all 
arm-none-eabi-size   TempSensor2.0.elf 
   text	   data	    bss	    dec	    hex	filename
  29240	    496	   1712	  31448	   7ad8	TempSensor2.0.elf
Finished building: default.size.stdout
 
08:30:58 **** Incremental Build of configuration Debug for project TempSensor2.0 ****
make -j2 all 
arm-none-eabi-size   TempSensor2.0.elf 
   text	   data	    bss	    dec	    hex	filename
  29240	    496	   1712	  31448	   7ad8	TempSensor2.0.elf
Finished building: default.size.stdout
 
08:42:35 **** Incremental Build of configuration Debug for project TempSensor2.0 ****
make -j2 all 
arm-none-eabi-gcc "../Core/Src/main.c" -mcpu=cortex-m0 -std=gnu11 -g3 -DUSE_HAL_DRIVER -DSTM32F030x6 -DDEBUG -c -I/home/vitlaiy2034/STM32Cube/Repository/STM32Cube_FW_F0_V1.11.0/Drivers/STM32F0xx_HAL_Driver/Inc/Legacy -I../Core/Inc -I/home/vitlaiy2034/STM32Cube/Repository/STM32Cube_FW_F0_V1.11.0/Drivers/STM32F0xx_HAL_Driver/Inc -I/home/vitlaiy2034/STM32Cube/Repository/STM32Cube_FW_F0_V1.11.0/Drivers/CMSIS/Device/ST/STM32F0xx/Include -I/home/vitlaiy2034/STM32Cube/Repository/STM32Cube_FW_F0_V1.11.0/Drivers/CMSIS/Include -O0 -ffunction-sections -fdata-sections -Wall -fstack-usage -MMD -MP -MF"Core/Src/main.d" -MT"Core/Src/main.o" --specs=nano.specs -mfloat-abi=soft -mthumb -o "Core/Src/main.o"
In file included from ../Core/Src/main.c:23:0:
../Core/Inc/SevSeg.h:20:17: warning: 'ucaComPins' defined but not used [-Wunused-variable]
  static uint8_t ucaComPins[]={7,9,11,0};
                 ^~~~~~~~~~
../Core/Inc/SevSeg.h:19:17: warning: 'ucaSegPins' defined but not used [-Wunused-variable]
  static uint8_t ucaSegPins[]={8,12,5,3,2,10,1,4};
                 ^~~~~~~~~~
arm-none-eabi-g++ -o "TempSensor2.0.elf" @"objects.list"   -mcpu=cortex-m0 -T"/home/vitlaiy2034/GDrive/Projects/AccurateTempSensor/v0.1beta/Firmware/TempSensor2.0/STM32F030K6TX_FLASH.ld" --specs=nosys.specs -Wl,-Map="TempSensor2.0.map" -Wl,--gc-sections -static --specs=nano.specs -mfloat-abi=soft -mthumb -u _printf_float -Wl,--start-group -lc -lm -lstdc++ -lsupc++ -Wl,--end-group
Finished building target: TempSensor2.0.elf
 
arm-none-eabi-objdump -h -S  TempSensor2.0.elf  > "TempSensor2.0.list"
arm-none-eabi-size   TempSensor2.0.elf 
   text	   data	    bss	    dec	    hex	filename
  30460	    496	   1712	  32668	   7f9c	TempSensor2.0.elf
Finished building: default.size.stdout
 
Finished building: TempSensor2.0.list
 
08:45:53 **** Incremental Build of configuration Debug for project TempSensor2.0 ****
make -j2 all 
arm-none-eabi-gcc "../Core/Src/main.c" -mcpu=cortex-m0 -std=gnu11 -g3 -DUSE_HAL_DRIVER -DSTM32F030x6 -DDEBUG -c -I/home/vitlaiy2034/STM32Cube/Repository/STM32Cube_FW_F0_V1.11.0/Drivers/STM32F0xx_HAL_Driver/Inc/Legacy -I../Core/Inc -I/home/vitlaiy2034/STM32Cube/Repository/STM32Cube_FW_F0_V1.11.0/Drivers/STM32F0xx_HAL_Driver/Inc -I/home/vitlaiy2034/STM32Cube/Repository/STM32Cube_FW_F0_V1.11.0/Drivers/CMSIS/Device/ST/STM32F0xx/Include -I/home/vitlaiy2034/STM32Cube/Repository/STM32Cube_FW_F0_V1.11.0/Drivers/CMSIS/Include -O0 -ffunction-sections -fdata-sections -Wall -fstack-usage -MMD -MP -MF"Core/Src/main.d" -MT"Core/Src/main.o" --specs=nano.specs -mfloat-abi=soft -mthumb -o "Core/Src/main.o"
../Core/Src/main.c: In function 'main':
../Core/Src/main.c:107:34: warning: 'sprintf' writing a terminating nul past the end of the destination [-Wformat-overflow=]
      sprintf((char *)text,"%f\n\r",value);
                                  ^
../Core/Src/main.c:107:6: note: 'sprintf' output between 11 and 320 bytes into a destination of size 10
      sprintf((char *)text,"%f\n\r",value);
      ^~~~~~~~~~~~~~~~~~~~~~~~~~~~~~~~~~~~
In file included from ../Core/Src/main.c:23:0:
At top level:
../Core/Inc/SevSeg.h:20:17: warning: 'ucaComPins' defined but not used [-Wunused-variable]
  static uint8_t ucaComPins[]={7,9,11,0};
                 ^~~~~~~~~~
../Core/Inc/SevSeg.h:19:17: warning: 'ucaSegPins' defined but not used [-Wunused-variable]
  static uint8_t ucaSegPins[]={8,12,5,3,2,10,1,4};
                 ^~~~~~~~~~
arm-none-eabi-g++ -o "TempSensor2.0.elf" @"objects.list"   -mcpu=cortex-m0 -T"/home/vitlaiy2034/GDrive/Projects/AccurateTempSensor/v0.1beta/Firmware/TempSensor2.0/STM32F030K6TX_FLASH.ld" --specs=nosys.specs -Wl,-Map="TempSensor2.0.map" -Wl,--gc-sections -static --specs=nano.specs -mfloat-abi=soft -mthumb -u _printf_float -Wl,--start-group -lc -lm -lstdc++ -lsupc++ -Wl,--end-group
Finished building target: TempSensor2.0.elf
 
arm-none-eabi-objdump -h -S  TempSensor2.0.elf  > "TempSensor2.0.list"
arm-none-eabi-size   TempSensor2.0.elf 
   text	   data	    bss	    dec	    hex	filename
  30468	    496	   1712	  32676	   7fa4	TempSensor2.0.elf
Finished building: default.size.stdout
 
Finished building: TempSensor2.0.list
 
08:49:40 **** Incremental Build of configuration Debug for project TempSensor2.0 ****
make -j2 all 
arm-none-eabi-gcc "../Core/Src/main.c" -mcpu=cortex-m0 -std=gnu11 -g3 -DUSE_HAL_DRIVER -DSTM32F030x6 -DDEBUG -c -I/home/vitlaiy2034/STM32Cube/Repository/STM32Cube_FW_F0_V1.11.0/Drivers/STM32F0xx_HAL_Driver/Inc/Legacy -I../Core/Inc -I/home/vitlaiy2034/STM32Cube/Repository/STM32Cube_FW_F0_V1.11.0/Drivers/STM32F0xx_HAL_Driver/Inc -I/home/vitlaiy2034/STM32Cube/Repository/STM32Cube_FW_F0_V1.11.0/Drivers/CMSIS/Device/ST/STM32F0xx/Include -I/home/vitlaiy2034/STM32Cube/Repository/STM32Cube_FW_F0_V1.11.0/Drivers/CMSIS/Include -O0 -ffunction-sections -fdata-sections -Wall -fstack-usage -MMD -MP -MF"Core/Src/main.d" -MT"Core/Src/main.o" --specs=nano.specs -mfloat-abi=soft -mthumb -o "Core/Src/main.o"
In file included from ../Core/Src/main.c:23:0:
../Core/Inc/SevSeg.h:20:17: warning: 'ucaComPins' defined but not used [-Wunused-variable]
  static uint8_t ucaComPins[]={7,9,11,0};
                 ^~~~~~~~~~
../Core/Inc/SevSeg.h:19:17: warning: 'ucaSegPins' defined but not used [-Wunused-variable]
  static uint8_t ucaSegPins[]={8,12,5,3,2,10,1,4};
                 ^~~~~~~~~~
arm-none-eabi-g++ -o "TempSensor2.0.elf" @"objects.list"   -mcpu=cortex-m0 -T"/home/vitlaiy2034/GDrive/Projects/AccurateTempSensor/v0.1beta/Firmware/TempSensor2.0/STM32F030K6TX_FLASH.ld" --specs=nosys.specs -Wl,-Map="TempSensor2.0.map" -Wl,--gc-sections -static --specs=nano.specs -mfloat-abi=soft -mthumb -u _printf_float -Wl,--start-group -lc -lm -lstdc++ -lsupc++ -Wl,--end-group
Finished building target: TempSensor2.0.elf
 
arm-none-eabi-objdump -h -S  TempSensor2.0.elf  > "TempSensor2.0.list"
arm-none-eabi-size   TempSensor2.0.elf 
   text	   data	    bss	    dec	    hex	filename
  30468	    496	   1712	  32676	   7fa4	TempSensor2.0.elf
Finished building: default.size.stdout
 
Finished building: TempSensor2.0.list
 
08:49:43 **** Incremental Build of configuration Debug for project TempSensorRev1_0 ****
make -j2 all 
arm-none-eabi-size   TempSensorRev1_0.elf 
   text	   data	    bss	    dec	    hex	filename
   5764	     20	   1572	   7356	   1cbc	TempSensorRev1_0.elf
Finished building: default.size.stdout
 
08:51:27 **** Incremental Build of configuration Debug for project TempSensor2.0 ****
make -j2 all 
arm-none-eabi-size   TempSensor2.0.elf 
   text	   data	    bss	    dec	    hex	filename
  30468	    496	   1712	  32676	   7fa4	TempSensor2.0.elf
Finished building: default.size.stdout
 
